{"/Users/azeezabiola/Documents/Development Folder/ell-cakes-backend/access.ts": {"path":"/Users/azeezabiola/Documents/Development Folder/ell-cakes-backend/access.ts","statementMap":{"0":{"start":{"line":13,"column":26},"end":{"line":13,"column":64}},"1":{"start":{"line":13,"column":55},"end":{"line":13,"column":64}},"2":{"start":{"line":13,"column":13},"end":{"line":13,"column":26}},"3":{"start":{"line":15,"column":13},"end":{"line":24,"column":2}},"4":{"start":{"line":17,"column":47},"end":{"line":17,"column":77}},"5":{"start":{"line":20,"column":4},"end":{"line":20,"column":69}},"6":{"start":{"line":23,"column":4},"end":{"line":23,"column":69}},"7":{"start":{"line":26,"column":13},"end":{"line":62,"column":2}},"8":{"start":{"line":28,"column":4},"end":{"line":28,"column":31}},"9":{"start":{"line":28,"column":18},"end":{"line":28,"column":31}},"10":{"start":{"line":30,"column":4},"end":{"line":30,"column":51}},"11":{"start":{"line":30,"column":39},"end":{"line":30,"column":51}},"12":{"start":{"line":32,"column":4},"end":{"line":32,"column":46}},"13":{"start":{"line":36,"column":4},"end":{"line":36,"column":31}},"14":{"start":{"line":36,"column":18},"end":{"line":36,"column":31}},"15":{"start":{"line":38,"column":4},"end":{"line":38,"column":51}},"16":{"start":{"line":38,"column":39},"end":{"line":38,"column":51}},"17":{"start":{"line":40,"column":4},"end":{"line":40,"column":46}},"18":{"start":{"line":44,"column":4},"end":{"line":44,"column":31}},"19":{"start":{"line":44,"column":18},"end":{"line":44,"column":31}},"20":{"start":{"line":46,"column":4},"end":{"line":47,"column":18}},"21":{"start":{"line":47,"column":6},"end":{"line":47,"column":18}},"22":{"start":{"line":49,"column":4},"end":{"line":49,"column":56}},"23":{"start":{"line":53,"column":4},"end":{"line":53,"column":31}},"24":{"start":{"line":53,"column":18},"end":{"line":53,"column":31}},"25":{"start":{"line":56,"column":4},"end":{"line":57,"column":18}},"26":{"start":{"line":57,"column":6},"end":{"line":57,"column":18}},"27":{"start":{"line":60,"column":4},"end":{"line":60,"column":56}}},"fnMap":{"0":{"name":"(anonymous_0)","decl":{"start":{"line":13,"column":26},"end":{"line":13,"column":27}},"loc":{"start":{"line":13,"column":55},"end":{"line":13,"column":64}}},"1":{"name":"(anonymous_1)","decl":{"start":{"line":17,"column":18},"end":{"line":17,"column":19}},"loc":{"start":{"line":17,"column":47},"end":{"line":17,"column":77}}},"2":{"name":"(anonymous_2)","decl":{"start":{"line":19,"column":20},"end":{"line":19,"column":21}},"loc":{"start":{"line":20,"column":4},"end":{"line":20,"column":69}}},"3":{"name":"(anonymous_3)","decl":{"start":{"line":22,"column":18},"end":{"line":22,"column":19}},"loc":{"start":{"line":23,"column":4},"end":{"line":23,"column":69}}},"4":{"name":"(anonymous_4)","decl":{"start":{"line":27,"column":15},"end":{"line":27,"column":16}},"loc":{"start":{"line":27,"column":43},"end":{"line":33,"column":3}}},"5":{"name":"(anonymous_5)","decl":{"start":{"line":35,"column":17},"end":{"line":35,"column":18}},"loc":{"start":{"line":35,"column":45},"end":{"line":41,"column":3}}},"6":{"name":"(anonymous_6)","decl":{"start":{"line":43,"column":28},"end":{"line":43,"column":29}},"loc":{"start":{"line":43,"column":56},"end":{"line":50,"column":3}}},"7":{"name":"(anonymous_7)","decl":{"start":{"line":52,"column":16},"end":{"line":52,"column":17}},"loc":{"start":{"line":52,"column":44},"end":{"line":61,"column":3}}}},"branchMap":{"0":{"loc":{"start":{"line":20,"column":4},"end":{"line":20,"column":69}},"type":"binary-expr","locations":[{"start":{"line":20,"column":4},"end":{"line":20,"column":34}},{"start":{"line":20,"column":38},"end":{"line":20,"column":69}}]},"1":{"loc":{"start":{"line":23,"column":4},"end":{"line":23,"column":69}},"type":"binary-expr","locations":[{"start":{"line":23,"column":4},"end":{"line":23,"column":34}},{"start":{"line":23,"column":38},"end":{"line":23,"column":69}}]},"2":{"loc":{"start":{"line":28,"column":4},"end":{"line":28,"column":31}},"type":"if","locations":[{"start":{"line":28,"column":4},"end":{"line":28,"column":31}},{"start":{},"end":{}}]},"3":{"loc":{"start":{"line":30,"column":4},"end":{"line":30,"column":51}},"type":"if","locations":[{"start":{"line":30,"column":4},"end":{"line":30,"column":51}},{"start":{},"end":{}}]},"4":{"loc":{"start":{"line":36,"column":4},"end":{"line":36,"column":31}},"type":"if","locations":[{"start":{"line":36,"column":4},"end":{"line":36,"column":31}},{"start":{},"end":{}}]},"5":{"loc":{"start":{"line":38,"column":4},"end":{"line":38,"column":51}},"type":"if","locations":[{"start":{"line":38,"column":4},"end":{"line":38,"column":51}},{"start":{},"end":{}}]},"6":{"loc":{"start":{"line":44,"column":4},"end":{"line":44,"column":31}},"type":"if","locations":[{"start":{"line":44,"column":4},"end":{"line":44,"column":31}},{"start":{},"end":{}}]},"7":{"loc":{"start":{"line":46,"column":4},"end":{"line":47,"column":18}},"type":"if","locations":[{"start":{"line":46,"column":4},"end":{"line":47,"column":18}},{"start":{},"end":{}}]},"8":{"loc":{"start":{"line":46,"column":8},"end":{"line":46,"column":71}},"type":"binary-expr","locations":[{"start":{"line":46,"column":8},"end":{"line":46,"column":37}},{"start":{"line":46,"column":41},"end":{"line":46,"column":71}}]},"9":{"loc":{"start":{"line":53,"column":4},"end":{"line":53,"column":31}},"type":"if","locations":[{"start":{"line":53,"column":4},"end":{"line":53,"column":31}},{"start":{},"end":{}}]},"10":{"loc":{"start":{"line":56,"column":4},"end":{"line":57,"column":18}},"type":"if","locations":[{"start":{"line":56,"column":4},"end":{"line":57,"column":18}},{"start":{},"end":{}}]},"11":{"loc":{"start":{"line":56,"column":8},"end":{"line":56,"column":71}},"type":"binary-expr","locations":[{"start":{"line":56,"column":8},"end":{"line":56,"column":37}},{"start":{"line":56,"column":41},"end":{"line":56,"column":71}}]}},"s":{"0":4,"1":11,"2":4,"3":4,"4":0,"5":18,"6":0,"7":4,"8":3,"9":0,"10":3,"11":3,"12":0,"13":1,"14":0,"15":1,"16":0,"17":1,"18":0,"19":0,"20":0,"21":0,"22":0,"23":1,"24":0,"25":1,"26":1,"27":0},"f":{"0":11,"1":0,"2":18,"3":0,"4":3,"5":1,"6":0,"7":1},"b":{"0":[18,15],"1":[0,0],"2":[0,3],"3":[3,0],"4":[0,1],"5":[0,1],"6":[0,0],"7":[0,0],"8":[0,0],"9":[0,1],"10":[1,0],"11":[1,0]}}
,"/Users/azeezabiola/Documents/Development Folder/ell-cakes-backend/auth.ts": {"path":"/Users/azeezabiola/Documents/Development Folder/ell-cakes-backend/auth.ts","statementMap":{"0":{"start":{"line":1,"column":0},"end":{"line":1,"column":46}},"1":{"start":{"line":2,"column":0},"end":{"line":2,"column":61}},"2":{"start":{"line":3,"column":0},"end":{"line":3,"column":57}},"3":{"start":{"line":5,"column":21},"end":{"line":19,"column":2}},"4":{"start":{"line":15,"column":6},"end":{"line":15,"column":72}},"5":{"start":{"line":26,"column":9},"end":{"line":26,"column":17}},"6":{"start":{"line":20,"column":22},"end":{"line":20,"column":39}},"7":{"start":{"line":21,"column":16},"end":{"line":24,"column":2}},"8":{"start":{"line":26,"column":19},"end":{"line":26,"column":26}}},"fnMap":{"0":{"name":"(anonymous_0)","decl":{"start":{"line":14,"column":15},"end":{"line":14,"column":20}},"loc":{"start":{"line":14,"column":62},"end":{"line":16,"column":5}}}},"branchMap":{},"s":{"0":4,"1":4,"2":4,"3":4,"4":0,"5":4,"6":4,"7":4,"8":4},"f":{"0":0},"b":{}}
,"/Users/azeezabiola/Documents/Development Folder/ell-cakes-backend/keystone.ts": {"path":"/Users/azeezabiola/Documents/Development Folder/ell-cakes-backend/keystone.ts","statementMap":{"0":{"start":{"line":1,"column":0},"end":{"line":1,"column":42}},"1":{"start":{"line":2,"column":0},"end":{"line":2,"column":28}},"2":{"start":{"line":3,"column":0},"end":{"line":3,"column":30}},"3":{"start":{"line":4,"column":0},"end":{"line":4,"column":34}},"4":{"start":{"line":5,"column":0},"end":{"line":5,"column":33}},"5":{"start":{"line":6,"column":0},"end":{"line":6,"column":43}},"6":{"start":{"line":7,"column":0},"end":{"line":7,"column":58}},"7":{"start":{"line":8,"column":0},"end":{"line":8,"column":42}},"8":{"start":{"line":9,"column":0},"end":{"line":9,"column":66}},"9":{"start":{"line":17,"column":4},"end":{"line":17,"column":15}},"10":{"start":{"line":19,"column":0},"end":{"line":71,"column":2}},"11":{"start":{"line":26,"column":8},"end":{"line":26,"column":42}},"12":{"start":{"line":27,"column":8},"end":{"line":29,"column":9}},"13":{"start":{"line":28,"column":10},"end":{"line":28,"column":40}},"14":{"start":{"line":62,"column":8},"end":{"line":62,"column":32}},"15":{"start":{"line":63,"column":8},"end":{"line":67,"column":11}},"16":{"start":{"line":64,"column":26},"end":{"line":64,"column":67}},"17":{"start":{"line":65,"column":10},"end":{"line":65,"column":69}},"18":{"start":{"line":66,"column":10},"end":{"line":66,"column":37}}},"fnMap":{"0":{"name":"(anonymous_1)","decl":{"start":{"line":25,"column":17},"end":{"line":25,"column":22}},"loc":{"start":{"line":25,"column":35},"end":{"line":30,"column":7}}},"1":{"name":"(anonymous_2)","decl":{"start":{"line":61,"column":24},"end":{"line":61,"column":25}},"loc":{"start":{"line":61,"column":47},"end":{"line":68,"column":7}}},"2":{"name":"(anonymous_3)","decl":{"start":{"line":63,"column":50},"end":{"line":63,"column":55}},"loc":{"start":{"line":63,"column":69},"end":{"line":67,"column":9}}}},"branchMap":{"0":{"loc":{"start":{"line":27,"column":8},"end":{"line":29,"column":9}},"type":"if","locations":[{"start":{"line":27,"column":8},"end":{"line":29,"column":9}},{"start":{},"end":{}}]}},"s":{"0":4,"1":4,"2":4,"3":4,"4":4,"5":4,"6":4,"7":4,"8":4,"9":4,"10":4,"11":0,"12":0,"13":0,"14":0,"15":0,"16":0,"17":0,"18":0},"f":{"0":0,"1":0,"2":0},"b":{"0":[0,0]}}
,"/Users/azeezabiola/Documents/Development Folder/ell-cakes-backend/schema.ts": {"path":"/Users/azeezabiola/Documents/Development Folder/ell-cakes-backend/schema.ts","statementMap":{"0":{"start":{"line":1,"column":0},"end":{"line":1,"column":43}},"1":{"start":{"line":2,"column":0},"end":{"line":2,"column":37}},"2":{"start":{"line":3,"column":0},"end":{"line":3,"column":54}},"3":{"start":{"line":4,"column":0},"end":{"line":4,"column":58}},"4":{"start":{"line":5,"column":0},"end":{"line":5,"column":45}},"5":{"start":{"line":6,"column":0},"end":{"line":6,"column":60}},"6":{"start":{"line":7,"column":0},"end":{"line":7,"column":70}},"7":{"start":{"line":8,"column":0},"end":{"line":8,"column":68}},"8":{"start":{"line":9,"column":0},"end":{"line":9,"column":79}},"9":{"start":{"line":10,"column":0},"end":{"line":10,"column":43}},"10":{"start":{"line":11,"column":0},"end":{"line":11,"column":56}},"11":{"start":{"line":12,"column":0},"end":{"line":12,"column":89}},"12":{"start":{"line":13,"column":0},"end":{"line":13,"column":37}},"13":{"start":{"line":14,"column":0},"end":{"line":14,"column":46}},"14":{"start":{"line":15,"column":0},"end":{"line":15,"column":39}},"15":{"start":{"line":16,"column":0},"end":{"line":16,"column":48}},"16":{"start":{"line":17,"column":0},"end":{"line":17,"column":43}},"17":{"start":{"line":19,"column":13},"end":{"line":37,"column":2}}},"fnMap":{},"branchMap":{},"s":{"0":4,"1":4,"2":4,"3":4,"4":4,"5":4,"6":4,"7":4,"8":4,"9":4,"10":4,"11":4,"12":4,"13":4,"14":4,"15":4,"16":4,"17":4},"f":{},"b":{}}
,"/Users/azeezabiola/Documents/Development Folder/ell-cakes-backend/custom-resolver/addToCart.ts": {"path":"/Users/azeezabiola/Documents/Development Folder/ell-cakes-backend/custom-resolver/addToCart.ts","statementMap":{"0":{"start":{"line":16,"column":25},"end":{"line":167,"column":1}},"1":{"start":{"line":21,"column":34},"end":{"line":21,"column":38}},"2":{"start":{"line":23,"column":23},"end":{"line":23,"column":49}},"3":{"start":{"line":26,"column":2},"end":{"line":37,"column":3}},"4":{"start":{"line":27,"column":4},"end":{"line":30,"column":7}},"5":{"start":{"line":32,"column":9},"end":{"line":37,"column":3}},"6":{"start":{"line":33,"column":4},"end":{"line":36,"column":7}},"7":{"start":{"line":39,"column":2},"end":{"line":46,"column":3}},"8":{"start":{"line":40,"column":4},"end":{"line":45,"column":7}},"9":{"start":{"line":49,"column":18},"end":{"line":58,"column":4}},"10":{"start":{"line":60,"column":25},"end":{"line":61,"column":null}},"11":{"start":{"line":61,"column":17},"end":{"line":61,"column":41}},"12":{"start":{"line":65,"column":34},"end":{"line":65,"column":35}},"13":{"start":{"line":67,"column":4},"end":{"line":84,"column":14}},"14":{"start":{"line":68,"column":27},"end":{"line":69,"column":null}},"15":{"start":{"line":69,"column":17},"end":{"line":69,"column":43}},"16":{"start":{"line":71,"column":26},"end":{"line":72,"column":null}},"17":{"start":{"line":72,"column":17},"end":{"line":72,"column":45}},"18":{"start":{"line":74,"column":25},"end":{"line":74,"column":53}},"19":{"start":{"line":76,"column":6},"end":{"line":76,"column":46}},"20":{"start":{"line":77,"column":6},"end":{"line":83,"column":8}},"21":{"start":{"line":87,"column":26},"end":{"line":88,"column":null}},"22":{"start":{"line":88,"column":17},"end":{"line":88,"column":41}},"23":{"start":{"line":92,"column":24},"end":{"line":100,"column":4}},"24":{"start":{"line":93,"column":24},"end":{"line":93,"column":52}},"25":{"start":{"line":94,"column":24},"end":{"line":94,"column":72}},"26":{"start":{"line":95,"column":24},"end":{"line":95,"column":72}},"27":{"start":{"line":97,"column":6},"end":{"line":98,"column":43}},"28":{"start":{"line":99,"column":4},"end":{"line":99,"column":74}},"29":{"start":{"line":102,"column":2},"end":{"line":142,"column":3}},"30":{"start":{"line":103,"column":24},"end":{"line":103,"column":58}},"31":{"start":{"line":104,"column":4},"end":{"line":110,"column":7}},"32":{"start":{"line":113,"column":22},"end":{"line":113,"column":72}},"33":{"start":{"line":114,"column":25},"end":{"line":114,"column":57}},"34":{"start":{"line":115,"column":22},"end":{"line":115,"column":74}},"35":{"start":{"line":119,"column":4},"end":{"line":141,"column":7}},"36":{"start":{"line":145,"column":2},"end":{"line":162,"column":4}},"37":{"start":{"line":147,"column":24},"end":{"line":149,"column":8}},"38":{"start":{"line":150,"column":27},"end":{"line":152,"column":null}},"39":{"start":{"line":151,"column":23},"end":{"line":151,"column":50}},"40":{"start":{"line":154,"column":6},"end":{"line":159,"column":9}},"41":{"start":{"line":164,"column":2},"end":{"line":166,"column":5}},"42":{"start":{"line":16,"column":13},"end":{"line":16,"column":25}}},"fnMap":{"0":{"name":"(anonymous_0)","decl":{"start":{"line":16,"column":25},"end":{"line":16,"column":30}},"loc":{"start":{"line":20,"column":4},"end":{"line":167,"column":1}}},"1":{"name":"(anonymous_1)","decl":{"start":{"line":61,"column":4},"end":{"line":61,"column":5}},"loc":{"start":{"line":61,"column":17},"end":{"line":61,"column":41}}},"2":{"name":"(anonymous_2)","decl":{"start":{"line":67,"column":24},"end":{"line":67,"column":25}},"loc":{"start":{"line":67,"column":38},"end":{"line":84,"column":5}}},"3":{"name":"(anonymous_3)","decl":{"start":{"line":69,"column":8},"end":{"line":69,"column":9}},"loc":{"start":{"line":69,"column":17},"end":{"line":69,"column":43}}},"4":{"name":"(anonymous_4)","decl":{"start":{"line":72,"column":8},"end":{"line":72,"column":9}},"loc":{"start":{"line":72,"column":17},"end":{"line":72,"column":45}}},"5":{"name":"(anonymous_5)","decl":{"start":{"line":88,"column":4},"end":{"line":88,"column":5}},"loc":{"start":{"line":88,"column":17},"end":{"line":88,"column":41}}},"6":{"name":"(anonymous_6)","decl":{"start":{"line":92,"column":44},"end":{"line":92,"column":45}},"loc":{"start":{"line":92,"column":53},"end":{"line":100,"column":3}}},"7":{"name":"(anonymous_7)","decl":{"start":{"line":146,"column":4},"end":{"line":146,"column":9}},"loc":{"start":{"line":146,"column":17},"end":{"line":160,"column":5}}},"8":{"name":"(anonymous_8)","decl":{"start":{"line":151,"column":8},"end":{"line":151,"column":9}},"loc":{"start":{"line":151,"column":23},"end":{"line":151,"column":50}}}},"branchMap":{"0":{"loc":{"start":{"line":26,"column":2},"end":{"line":37,"column":3}},"type":"if","locations":[{"start":{"line":26,"column":2},"end":{"line":37,"column":3}},{"start":{"line":32,"column":9},"end":{"line":37,"column":3}}]},"1":{"loc":{"start":{"line":32,"column":9},"end":{"line":37,"column":3}},"type":"if","locations":[{"start":{"line":32,"column":9},"end":{"line":37,"column":3}},{"start":{},"end":{}}]},"2":{"loc":{"start":{"line":39,"column":2},"end":{"line":46,"column":3}},"type":"if","locations":[{"start":{"line":39,"column":2},"end":{"line":46,"column":3}},{"start":{},"end":{}}]},"3":{"loc":{"start":{"line":42,"column":12},"end":{"line":42,"column":78}},"type":"binary-expr","locations":[{"start":{"line":42,"column":12},"end":{"line":42,"column":24}},{"start":{"line":42,"column":28},"end":{"line":42,"column":78}}]},"4":{"loc":{"start":{"line":67,"column":4},"end":{"line":84,"column":14}},"type":"binary-expr","locations":[{"start":{"line":67,"column":4},"end":{"line":84,"column":6}},{"start":{"line":84,"column":10},"end":{"line":84,"column":14}}]},"5":{"loc":{"start":{"line":74,"column":25},"end":{"line":74,"column":53}},"type":"binary-expr","locations":[{"start":{"line":74,"column":25},"end":{"line":74,"column":48}},{"start":{"line":74,"column":52},"end":{"line":74,"column":53}}]},"6":{"loc":{"start":{"line":78,"column":14},"end":{"line":78,"column":38}},"type":"binary-expr","locations":[{"start":{"line":78,"column":14},"end":{"line":78,"column":32}},{"start":{"line":78,"column":36},"end":{"line":78,"column":38}}]},"7":{"loc":{"start":{"line":80,"column":17},"end":{"line":80,"column":41}},"type":"binary-expr","locations":[{"start":{"line":80,"column":17},"end":{"line":80,"column":35}},{"start":{"line":80,"column":39},"end":{"line":80,"column":41}}]},"8":{"loc":{"start":{"line":81,"column":22},"end":{"line":81,"column":50}},"type":"binary-expr","locations":[{"start":{"line":81,"column":22},"end":{"line":81,"column":45}},{"start":{"line":81,"column":49},"end":{"line":81,"column":50}}]},"9":{"loc":{"start":{"line":94,"column":25},"end":{"line":94,"column":47}},"type":"binary-expr","locations":[{"start":{"line":94,"column":25},"end":{"line":94,"column":39}},{"start":{"line":94,"column":43},"end":{"line":94,"column":47}}]},"10":{"loc":{"start":{"line":94,"column":54},"end":{"line":94,"column":71}},"type":"binary-expr","locations":[{"start":{"line":94,"column":54},"end":{"line":94,"column":63}},{"start":{"line":94,"column":67},"end":{"line":94,"column":71}}]},"11":{"loc":{"start":{"line":95,"column":25},"end":{"line":95,"column":47}},"type":"binary-expr","locations":[{"start":{"line":95,"column":25},"end":{"line":95,"column":39}},{"start":{"line":95,"column":43},"end":{"line":95,"column":47}}]},"12":{"loc":{"start":{"line":95,"column":54},"end":{"line":95,"column":71}},"type":"binary-expr","locations":[{"start":{"line":95,"column":54},"end":{"line":95,"column":63}},{"start":{"line":95,"column":67},"end":{"line":95,"column":71}}]},"13":{"loc":{"start":{"line":99,"column":11},"end":{"line":99,"column":73}},"type":"binary-expr","locations":[{"start":{"line":99,"column":11},"end":{"line":99,"column":22}},{"start":{"line":99,"column":26},"end":{"line":99,"column":37}},{"start":{"line":99,"column":41},"end":{"line":99,"column":52}},{"start":{"line":99,"column":56},"end":{"line":99,"column":73}}]},"14":{"loc":{"start":{"line":102,"column":2},"end":{"line":142,"column":3}},"type":"if","locations":[{"start":{"line":102,"column":2},"end":{"line":142,"column":3}},{"start":{"line":111,"column":9},"end":{"line":142,"column":3}}]},"15":{"loc":{"start":{"line":113,"column":22},"end":{"line":113,"column":72}},"type":"binary-expr","locations":[{"start":{"line":113,"column":23},"end":{"line":113,"column":44}},{"start":{"line":113,"column":48},"end":{"line":113,"column":66}},{"start":{"line":113,"column":71},"end":{"line":113,"column":72}}]},"16":{"loc":{"start":{"line":114,"column":25},"end":{"line":114,"column":57}},"type":"binary-expr","locations":[{"start":{"line":114,"column":25},"end":{"line":114,"column":52}},{"start":{"line":114,"column":56},"end":{"line":114,"column":57}}]},"17":{"loc":{"start":{"line":127,"column":16},"end":{"line":127,"column":35}},"type":"binary-expr","locations":[{"start":{"line":127,"column":16},"end":{"line":127,"column":29}},{"start":{"line":127,"column":33},"end":{"line":127,"column":35}}]},"18":{"loc":{"start":{"line":130,"column":12},"end":{"line":137,"column":10}},"type":"binary-expr","locations":[{"start":{"line":130,"column":12},"end":{"line":130,"column":21}},{"start":{"line":130,"column":25},"end":{"line":137,"column":10}}]},"19":{"loc":{"start":{"line":133,"column":16},"end":{"line":133,"column":40}},"type":"binary-expr","locations":[{"start":{"line":133,"column":16},"end":{"line":133,"column":34}},{"start":{"line":133,"column":38},"end":{"line":133,"column":40}}]},"20":{"loc":{"start":{"line":134,"column":20},"end":{"line":134,"column":60}},"type":"binary-expr","locations":[{"start":{"line":134,"column":20},"end":{"line":134,"column":54}},{"start":{"line":134,"column":58},"end":{"line":134,"column":60}}]},"21":{"loc":{"start":{"line":135,"column":19},"end":{"line":135,"column":45}},"type":"binary-expr","locations":[{"start":{"line":135,"column":19},"end":{"line":135,"column":40}},{"start":{"line":135,"column":44},"end":{"line":135,"column":45}}]},"22":{"loc":{"start":{"line":138,"column":12},"end":{"line":138,"column":78}},"type":"binary-expr","locations":[{"start":{"line":138,"column":12},"end":{"line":138,"column":26}},{"start":{"line":138,"column":30},"end":{"line":138,"column":78}}]},"23":{"loc":{"start":{"line":139,"column":12},"end":{"line":139,"column":78}},"type":"binary-expr","locations":[{"start":{"line":139,"column":12},"end":{"line":139,"column":21}},{"start":{"line":139,"column":25},"end":{"line":139,"column":78}}]}},"s":{"0":4,"1":4,"2":4,"3":4,"4":1,"5":3,"6":1,"7":4,"8":3,"9":4,"10":4,"11":0,"12":4,"13":4,"14":0,"15":0,"16":0,"17":0,"18":0,"19":0,"20":0,"21":4,"22":0,"23":4,"24":1,"25":1,"26":1,"27":1,"28":1,"29":4,"30":1,"31":1,"32":3,"33":3,"34":3,"35":3,"36":4,"37":4,"38":4,"39":4,"40":4,"41":4,"42":4},"f":{"0":4,"1":0,"2":0,"3":0,"4":0,"5":0,"6":1,"7":4,"8":4},"b":{"0":[1,3],"1":[1,2],"2":[3,1],"3":[3,1],"4":[4,4],"5":[0,0],"6":[0,0],"7":[0,0],"8":[0,0],"9":[1,1],"10":[1,1],"11":[1,1],"12":[1,1],"13":[1,1,1,1],"14":[1,3],"15":[3,3,0],"16":[3,3],"17":[3,0],"18":[3,0],"19":[0,0],"20":[0,0],"21":[0,0],"22":[3,0],"23":[3,0]}}
,"/Users/azeezabiola/Documents/Development Folder/ell-cakes-backend/custom-resolver/checkOut.ts": {"path":"/Users/azeezabiola/Documents/Development Folder/ell-cakes-backend/custom-resolver/checkOut.ts","statementMap":{"0":{"start":{"line":2,"column":0},"end":{"line":2,"column":36}},"1":{"start":{"line":4,"column":0},"end":{"line":4,"column":40}},"2":{"start":{"line":6,"column":0},"end":{"line":6,"column":59}},"3":{"start":{"line":22,"column":24},"end":{"line":175,"column":1}},"4":{"start":{"line":32,"column":23},"end":{"line":32,"column":49}},"5":{"start":{"line":35,"column":2},"end":{"line":37,"column":3}},"6":{"start":{"line":36,"column":4},"end":{"line":36,"column":68}},"7":{"start":{"line":38,"column":19},"end":{"line":38,"column":49}},"8":{"start":{"line":41,"column":23},"end":{"line":47,"column":4}},"9":{"start":{"line":48,"column":2},"end":{"line":76,"column":3}},"10":{"start":{"line":49,"column":42},"end":{"line":62,"column":6}},"11":{"start":{"line":63,"column":27},"end":{"line":65,"column":null}},"12":{"start":{"line":67,"column":4},"end":{"line":75,"column":7}},"13":{"start":{"line":81,"column":19},"end":{"line":81,"column":55}},"14":{"start":{"line":82,"column":17},"end":{"line":82,"column":44}},"15":{"start":{"line":83,"column":22},"end":{"line":83,"column":39}},"16":{"start":{"line":85,"column":15},"end":{"line":89,"column":4}},"17":{"start":{"line":92,"column":2},"end":{"line":94,"column":3}},"18":{"start":{"line":93,"column":4},"end":{"line":93,"column":65}},"19":{"start":{"line":97,"column":22},"end":{"line":97,"column":58}},"20":{"start":{"line":98,"column":40},"end":{"line":111,"column":4}},"21":{"start":{"line":114,"column":25},"end":{"line":114,"column":78}},"22":{"start":{"line":116,"column":21},"end":{"line":137,"column":4}},"23":{"start":{"line":117,"column":17},"end":{"line":135,"column":6}},"24":{"start":{"line":136,"column":4},"end":{"line":136,"column":16}},"25":{"start":{"line":139,"column":26},"end":{"line":141,"column":4}},"26":{"start":{"line":144,"column":16},"end":{"line":155,"column":4}},"27":{"start":{"line":158,"column":2},"end":{"line":160,"column":5}},"28":{"start":{"line":163,"column":18},"end":{"line":173,"column":4}},"29":{"start":{"line":174,"column":2},"end":{"line":174,"column":17}},"30":{"start":{"line":22,"column":13},"end":{"line":22,"column":24}}},"fnMap":{"0":{"name":"(anonymous_1)","decl":{"start":{"line":22,"column":24},"end":{"line":22,"column":29}},"loc":{"start":{"line":31,"column":4},"end":{"line":175,"column":1}}},"1":{"name":"(anonymous_2)","decl":{"start":{"line":116,"column":40},"end":{"line":116,"column":41}},"loc":{"start":{"line":116,"column":58},"end":{"line":137,"column":3}}}},"branchMap":{"0":{"loc":{"start":{"line":35,"column":2},"end":{"line":37,"column":3}},"type":"if","locations":[{"start":{"line":35,"column":2},"end":{"line":37,"column":3}},{"start":{},"end":{}}]},"1":{"loc":{"start":{"line":48,"column":2},"end":{"line":76,"column":3}},"type":"if","locations":[{"start":{"line":48,"column":2},"end":{"line":76,"column":3}},{"start":{},"end":{}}]},"2":{"loc":{"start":{"line":92,"column":2},"end":{"line":94,"column":3}},"type":"if","locations":[{"start":{"line":92,"column":2},"end":{"line":94,"column":3}},{"start":{},"end":{}}]},"3":{"loc":{"start":{"line":123,"column":10},"end":{"line":126,"column":8}},"type":"binary-expr","locations":[{"start":{"line":123,"column":10},"end":{"line":123,"column":26}},{"start":{"line":123,"column":30},"end":{"line":126,"column":8}}]},"4":{"loc":{"start":{"line":128,"column":10},"end":{"line":134,"column":8}},"type":"binary-expr","locations":[{"start":{"line":128,"column":10},"end":{"line":128,"column":26}},{"start":{"line":128,"column":30},"end":{"line":134,"column":8}}]},"5":{"loc":{"start":{"line":153,"column":10},"end":{"line":153,"column":48}},"type":"binary-expr","locations":[{"start":{"line":153,"column":10},"end":{"line":153,"column":22}},{"start":{"line":153,"column":26},"end":{"line":153,"column":48}}]}},"s":{"0":4,"1":4,"2":4,"3":4,"4":1,"5":1,"6":0,"7":1,"8":1,"9":1,"10":0,"11":0,"12":0,"13":1,"14":1,"15":1,"16":1,"17":1,"18":0,"19":1,"20":1,"21":1,"22":1,"23":1,"24":1,"25":1,"26":1,"27":1,"28":1,"29":1,"30":4},"f":{"0":1,"1":1},"b":{"0":[0,1],"1":[0,1],"2":[0,1],"3":[1,0],"4":[1,0],"5":[1,0]}}
,"/Users/azeezabiola/Documents/Development Folder/ell-cakes-backend/custom-resolver/confirmPayment.ts": {"path":"/Users/azeezabiola/Documents/Development Folder/ell-cakes-backend/custom-resolver/confirmPayment.ts","statementMap":{"0":{"start":{"line":2,"column":0},"end":{"line":2,"column":59}},"1":{"start":{"line":8,"column":30},"end":{"line":32,"column":1}},"2":{"start":{"line":9,"column":30},"end":{"line":9,"column":34}},"3":{"start":{"line":10,"column":2},"end":{"line":12,"column":3}},"4":{"start":{"line":11,"column":4},"end":{"line":11,"column":11}},"5":{"start":{"line":13,"column":19},"end":{"line":13,"column":49}},"6":{"start":{"line":14,"column":2},"end":{"line":31,"column":3}},"7":{"start":{"line":15,"column":20},"end":{"line":15,"column":76}},"8":{"start":{"line":17,"column":4},"end":{"line":19,"column":5}},"9":{"start":{"line":18,"column":6},"end":{"line":18,"column":13}},"10":{"start":{"line":21,"column":4},"end":{"line":28,"column":5}},"11":{"start":{"line":22,"column":6},"end":{"line":27,"column":9}},"12":{"start":{"line":30,"column":4},"end":{"line":30,"column":23}},"13":{"start":{"line":8,"column":13},"end":{"line":8,"column":30}}},"fnMap":{"0":{"name":"(anonymous_1)","decl":{"start":{"line":8,"column":30},"end":{"line":8,"column":35}},"loc":{"start":{"line":8,"column":78},"end":{"line":32,"column":1}}}},"branchMap":{"0":{"loc":{"start":{"line":10,"column":2},"end":{"line":12,"column":3}},"type":"if","locations":[{"start":{"line":10,"column":2},"end":{"line":12,"column":3}},{"start":{},"end":{}}]},"1":{"loc":{"start":{"line":17,"column":4},"end":{"line":19,"column":5}},"type":"if","locations":[{"start":{"line":17,"column":4},"end":{"line":19,"column":5}},{"start":{},"end":{}}]},"2":{"loc":{"start":{"line":21,"column":4},"end":{"line":28,"column":5}},"type":"if","locations":[{"start":{"line":21,"column":4},"end":{"line":28,"column":5}},{"start":{},"end":{}}]}},"s":{"0":4,"1":4,"2":0,"3":0,"4":0,"5":0,"6":0,"7":0,"8":0,"9":0,"10":0,"11":0,"12":0,"13":4},"f":{"0":0},"b":{"0":[0,0],"1":[0,0],"2":[0,0]}}
,"/Users/azeezabiola/Documents/Development Folder/ell-cakes-backend/custom-resolver/index.ts": {"path":"/Users/azeezabiola/Documents/Development Folder/ell-cakes-backend/custom-resolver/index.ts","statementMap":{"0":{"start":{"line":2,"column":0},"end":{"line":2,"column":53}},"1":{"start":{"line":3,"column":0},"end":{"line":3,"column":44}},"2":{"start":{"line":4,"column":0},"end":{"line":4,"column":40}},"3":{"start":{"line":5,"column":0},"end":{"line":5,"column":50}},"4":{"start":{"line":6,"column":0},"end":{"line":6,"column":38}},"5":{"start":{"line":8,"column":37},"end":{"line":36,"column":1}},"6":{"start":{"line":9,"column":2},"end":{"line":35,"column":5}},"7":{"start":{"line":8,"column":13},"end":{"line":8,"column":37}}},"fnMap":{"0":{"name":"(anonymous_0)","decl":{"start":{"line":8,"column":37},"end":{"line":8,"column":38}},"loc":{"start":{"line":8,"column":67},"end":{"line":36,"column":1}}}},"branchMap":{},"s":{"0":4,"1":4,"2":4,"3":4,"4":4,"5":4,"6":8,"7":4},"f":{"0":8},"b":{}}
,"/Users/azeezabiola/Documents/Development Folder/ell-cakes-backend/custom-resolver/removeFromCart.ts": {"path":"/Users/azeezabiola/Documents/Development Folder/ell-cakes-backend/custom-resolver/removeFromCart.ts","statementMap":{"0":{"start":{"line":10,"column":30},"end":{"line":80,"column":1}},"1":{"start":{"line":15,"column":34},"end":{"line":15,"column":38}},"2":{"start":{"line":16,"column":23},"end":{"line":16,"column":49}},"3":{"start":{"line":18,"column":2},"end":{"line":28,"column":3}},"4":{"start":{"line":19,"column":4},"end":{"line":22,"column":7}},"5":{"start":{"line":24,"column":4},"end":{"line":27,"column":7}},"6":{"start":{"line":31,"column":2},"end":{"line":33,"column":3}},"7":{"start":{"line":32,"column":4},"end":{"line":32,"column":56}},"8":{"start":{"line":36,"column":35},"end":{"line":37,"column":null}},"9":{"start":{"line":37,"column":14},"end":{"line":37,"column":36}},"10":{"start":{"line":39,"column":2},"end":{"line":54,"column":3}},"11":{"start":{"line":40,"column":27},"end":{"line":40,"column":72}},"12":{"start":{"line":41,"column":4},"end":{"line":53,"column":5}},"13":{"start":{"line":42,"column":6},"end":{"line":44,"column":9}},"14":{"start":{"line":46,"column":6},"end":{"line":52,"column":9}},"15":{"start":{"line":56,"column":2},"end":{"line":75,"column":4}},"16":{"start":{"line":58,"column":24},"end":{"line":60,"column":8}},"17":{"start":{"line":62,"column":27},"end":{"line":64,"column":null}},"18":{"start":{"line":63,"column":23},"end":{"line":63,"column":50}},"19":{"start":{"line":67,"column":6},"end":{"line":72,"column":9}},"20":{"start":{"line":77,"column":2},"end":{"line":79,"column":5}},"21":{"start":{"line":10,"column":13},"end":{"line":10,"column":30}}},"fnMap":{"0":{"name":"(anonymous_0)","decl":{"start":{"line":10,"column":30},"end":{"line":10,"column":35}},"loc":{"start":{"line":14,"column":4},"end":{"line":80,"column":1}}},"1":{"name":"(anonymous_1)","decl":{"start":{"line":37,"column":4},"end":{"line":37,"column":5}},"loc":{"start":{"line":37,"column":14},"end":{"line":37,"column":36}}},"2":{"name":"(anonymous_2)","decl":{"start":{"line":57,"column":4},"end":{"line":57,"column":9}},"loc":{"start":{"line":57,"column":17},"end":{"line":73,"column":5}}},"3":{"name":"(anonymous_3)","decl":{"start":{"line":63,"column":8},"end":{"line":63,"column":9}},"loc":{"start":{"line":63,"column":23},"end":{"line":63,"column":50}}}},"branchMap":{"0":{"loc":{"start":{"line":18,"column":2},"end":{"line":28,"column":3}},"type":"if","locations":[{"start":{"line":18,"column":2},"end":{"line":28,"column":3}},{"start":{"line":23,"column":9},"end":{"line":28,"column":3}}]},"1":{"loc":{"start":{"line":31,"column":2},"end":{"line":33,"column":3}},"type":"if","locations":[{"start":{"line":31,"column":2},"end":{"line":33,"column":3}},{"start":{},"end":{}}]},"2":{"loc":{"start":{"line":39,"column":2},"end":{"line":54,"column":3}},"type":"if","locations":[{"start":{"line":39,"column":2},"end":{"line":54,"column":3}},{"start":{},"end":{}}]},"3":{"loc":{"start":{"line":41,"column":4},"end":{"line":53,"column":5}},"type":"if","locations":[{"start":{"line":41,"column":4},"end":{"line":53,"column":5}},{"start":{"line":45,"column":11},"end":{"line":53,"column":5}}]}},"s":{"0":4,"1":1,"2":1,"3":1,"4":0,"5":1,"6":1,"7":0,"8":1,"9":1,"10":1,"11":1,"12":1,"13":1,"14":0,"15":1,"16":1,"17":1,"18":0,"19":1,"20":1,"21":4},"f":{"0":1,"1":1,"2":1,"3":0},"b":{"0":[0,1],"1":[0,1],"2":[1,0],"3":[1,0]}}
,"/Users/azeezabiola/Documents/Development Folder/ell-cakes-backend/custom-resolver/verifyEmail.ts": {"path":"/Users/azeezabiola/Documents/Development Folder/ell-cakes-backend/custom-resolver/verifyEmail.ts","statementMap":{"0":{"start":{"line":3,"column":27},"end":{"line":41,"column":1}},"1":{"start":{"line":8,"column":15},"end":{"line":10,"column":4}},"2":{"start":{"line":12,"column":2},"end":{"line":14,"column":3}},"3":{"start":{"line":13,"column":4},"end":{"line":13,"column":37}},"4":{"start":{"line":16,"column":19},"end":{"line":16,"column":49}},"5":{"start":{"line":17,"column":21},"end":{"line":17,"column":35}},"6":{"start":{"line":18,"column":2},"end":{"line":20,"column":3}},"7":{"start":{"line":19,"column":4},"end":{"line":19,"column":37}},"8":{"start":{"line":22,"column":2},"end":{"line":35,"column":3}},"9":{"start":{"line":23,"column":4},"end":{"line":31,"column":7}},"10":{"start":{"line":34,"column":4},"end":{"line":34,"column":35}},"11":{"start":{"line":37,"column":2},"end":{"line":40,"column":4}},"12":{"start":{"line":3,"column":13},"end":{"line":3,"column":27}}},"fnMap":{"0":{"name":"(anonymous_0)","decl":{"start":{"line":3,"column":27},"end":{"line":3,"column":32}},"loc":{"start":{"line":7,"column":4},"end":{"line":41,"column":1}}}},"branchMap":{"0":{"loc":{"start":{"line":12,"column":2},"end":{"line":14,"column":3}},"type":"if","locations":[{"start":{"line":12,"column":2},"end":{"line":14,"column":3}},{"start":{},"end":{}}]},"1":{"loc":{"start":{"line":12,"column":6},"end":{"line":12,"column":52}},"type":"binary-expr","locations":[{"start":{"line":12,"column":6},"end":{"line":12,"column":11}},{"start":{"line":12,"column":15},"end":{"line":12,"column":52}}]},"2":{"loc":{"start":{"line":18,"column":2},"end":{"line":20,"column":3}},"type":"if","locations":[{"start":{"line":18,"column":2},"end":{"line":20,"column":3}},{"start":{},"end":{}}]},"3":{"loc":{"start":{"line":18,"column":6},"end":{"line":18,"column":72}},"type":"binary-expr","locations":[{"start":{"line":18,"column":6},"end":{"line":18,"column":14}},{"start":{"line":18,"column":18},"end":{"line":18,"column":72}}]}},"s":{"0":4,"1":0,"2":0,"3":0,"4":0,"5":0,"6":0,"7":0,"8":0,"9":0,"10":0,"11":0,"12":4},"f":{"0":0},"b":{"0":[0,0],"1":[0,0],"2":[0,0],"3":[0,0]}}
,"/Users/azeezabiola/Documents/Development Folder/ell-cakes-backend/lib/getTransliteration.ts": {"path":"/Users/azeezabiola/Documents/Development Folder/ell-cakes-backend/lib/getTransliteration.ts","statementMap":{"0":{"start":{"line":1,"column":0},"end":{"line":1,"column":33}},"1":{"start":{"line":3,"column":38},"end":{"line":6,"column":1}},"2":{"start":{"line":4,"column":25},"end":{"line":4,"column":65}},"3":{"start":{"line":5,"column":2},"end":{"line":5,"column":80}},"4":{"start":{"line":3,"column":13},"end":{"line":3,"column":38}}},"fnMap":{"0":{"name":"(anonymous_9)","decl":{"start":{"line":3,"column":38},"end":{"line":3,"column":39}},"loc":{"start":{"line":3,"column":55},"end":{"line":6,"column":1}}}},"branchMap":{},"s":{"0":4,"1":4,"2":10,"3":10,"4":4},"f":{"0":10},"b":{}}
,"/Users/azeezabiola/Documents/Development Folder/ell-cakes-backend/lib/mail.ts": {"path":"/Users/azeezabiola/Documents/Development Folder/ell-cakes-backend/lib/mail.ts","statementMap":{"0":{"start":{"line":32,"column":0},"end":{"line":32,"column":7}},"1":{"start":{"line":55,"column":0},"end":{"line":55,"column":7}},"2":{"start":{"line":1,"column":0},"end":{"line":1,"column":36}},"3":{"start":{"line":2,"column":0},"end":{"line":2,"column":28}},"4":{"start":{"line":3,"column":0},"end":{"line":3,"column":16}},"5":{"start":{"line":5,"column":20},"end":{"line":14,"column":2}},"6":{"start":{"line":17,"column":2},"end":{"line":29,"column":6}},"7":{"start":{"line":39,"column":2},"end":{"line":52,"column":3}},"8":{"start":{"line":40,"column":28},"end":{"line":40,"column":97}},"9":{"start":{"line":41,"column":4},"end":{"line":49,"column":7}},"10":{"start":{"line":51,"column":4},"end":{"line":51,"column":70}},"11":{"start":{"line":62,"column":2},"end":{"line":77,"column":3}},"12":{"start":{"line":63,"column":28},"end":{"line":63,"column":99}},"13":{"start":{"line":65,"column":4},"end":{"line":74,"column":7}},"14":{"start":{"line":76,"column":4},"end":{"line":76,"column":70}}},"fnMap":{"0":{"name":"formatEmail","decl":{"start":{"line":16,"column":9},"end":{"line":16,"column":20}},"loc":{"start":{"line":16,"column":33},"end":{"line":30,"column":1}}},"1":{"name":"sendVerificationEmail","decl":{"start":{"line":32,"column":22},"end":{"line":32,"column":43}},"loc":{"start":{"line":38,"column":1},"end":{"line":53,"column":1}}},"2":{"name":"sendResetPasswordTokenEmail","decl":{"start":{"line":55,"column":22},"end":{"line":55,"column":49}},"loc":{"start":{"line":61,"column":1},"end":{"line":78,"column":1}}}},"branchMap":{},"s":{"0":3,"1":3,"2":3,"3":3,"4":3,"5":3,"6":0,"7":0,"8":0,"9":0,"10":0,"11":0,"12":0,"13":0,"14":0},"f":{"0":0,"1":0,"2":0},"b":{}}
,"/Users/azeezabiola/Documents/Development Folder/ell-cakes-backend/lib/paymentGateway.ts": {"path":"/Users/azeezabiola/Documents/Development Folder/ell-cakes-backend/lib/paymentGateway.ts","statementMap":{"0":{"start":{"line":3,"column":0},"end":{"line":3,"column":15}},"1":{"start":{"line":1,"column":0},"end":{"line":1,"column":52}},"2":{"start":{"line":4,"column":2},"end":{"line":7,"column":5}}},"fnMap":{"0":{"name":"yooMoneyPaymentGateway","decl":{"start":{"line":3,"column":30},"end":{"line":3,"column":52}},"loc":{"start":{"line":3,"column":52},"end":{"line":8,"column":1}}}},"branchMap":{},"s":{"0":4,"1":4,"2":1},"f":{"0":1},"b":{}}
,"/Users/azeezabiola/Documents/Development Folder/ell-cakes-backend/models/cart-item.ts": {"path":"/Users/azeezabiola/Documents/Development Folder/ell-cakes-backend/models/cart-item.ts","statementMap":{"0":{"start":{"line":1,"column":0},"end":{"line":1,"column":40}},"1":{"start":{"line":2,"column":0},"end":{"line":2,"column":null}},"2":{"start":{"line":8,"column":0},"end":{"line":8,"column":51}},"3":{"start":{"line":10,"column":13},"end":{"line":40,"column":3}}},"fnMap":{},"branchMap":{},"s":{"0":4,"1":4,"2":4,"3":4},"f":{},"b":{}}
,"/Users/azeezabiola/Documents/Development Folder/ell-cakes-backend/models/cart.ts": {"path":"/Users/azeezabiola/Documents/Development Folder/ell-cakes-backend/models/cart.ts","statementMap":{"0":{"start":{"line":1,"column":0},"end":{"line":1,"column":40}},"1":{"start":{"line":2,"column":0},"end":{"line":2,"column":75}},"2":{"start":{"line":3,"column":0},"end":{"line":3,"column":51}},"3":{"start":{"line":5,"column":13},"end":{"line":41,"column":3}},"4":{"start":{"line":28,"column":21},"end":{"line":31,"column":10}},"5":{"start":{"line":32,"column":8},"end":{"line":34,"column":11}},"6":{"start":{"line":33,"column":57},"end":{"line":33,"column":69}}},"fnMap":{"0":{"name":"(anonymous_0)","decl":{"start":{"line":27,"column":14},"end":{"line":27,"column":19}},"loc":{"start":{"line":27,"column":42},"end":{"line":35,"column":7}}},"1":{"name":"(anonymous_1)","decl":{"start":{"line":33,"column":36},"end":{"line":33,"column":37}},"loc":{"start":{"line":33,"column":57},"end":{"line":33,"column":69}}}},"branchMap":{},"s":{"0":4,"1":4,"2":4,"3":4,"4":1,"5":1,"6":1},"f":{"0":1,"1":1},"b":{}}
,"/Users/azeezabiola/Documents/Development Folder/ell-cakes-backend/models/category.ts": {"path":"/Users/azeezabiola/Documents/Development Folder/ell-cakes-backend/models/category.ts","statementMap":{"0":{"start":{"line":1,"column":0},"end":{"line":1,"column":40}},"1":{"start":{"line":2,"column":0},"end":{"line":2,"column":61}},"2":{"start":{"line":3,"column":0},"end":{"line":3,"column":51}},"3":{"start":{"line":4,"column":0},"end":{"line":4,"column":67}},"4":{"start":{"line":5,"column":0},"end":{"line":5,"column":40}},"5":{"start":{"line":7,"column":13},"end":{"line":41,"column":3}},"6":{"start":{"line":29,"column":6},"end":{"line":37,"column":7}},"7":{"start":{"line":30,"column":25},"end":{"line":30,"column":37}},"8":{"start":{"line":31,"column":8},"end":{"line":36,"column":9}},"9":{"start":{"line":32,"column":10},"end":{"line":35,"column":12}},"10":{"start":{"line":38,"column":6},"end":{"line":38,"column":26}}},"fnMap":{"0":{"name":"(anonymous_0)","decl":{"start":{"line":28,"column":4},"end":{"line":28,"column":16}},"loc":{"start":{"line":28,"column":44},"end":{"line":39,"column":5}}}},"branchMap":{"0":{"loc":{"start":{"line":29,"column":6},"end":{"line":37,"column":7}},"type":"if","locations":[{"start":{"line":29,"column":6},"end":{"line":37,"column":7}},{"start":{},"end":{}}]},"1":{"loc":{"start":{"line":31,"column":8},"end":{"line":36,"column":9}},"type":"if","locations":[{"start":{"line":31,"column":8},"end":{"line":36,"column":9}},{"start":{},"end":{}}]}},"s":{"0":4,"1":4,"2":4,"3":4,"4":4,"5":4,"6":5,"7":5,"8":5,"9":5,"10":0},"f":{"0":5},"b":{"0":[5,0],"1":[5,0]}}
,"/Users/azeezabiola/Documents/Development Folder/ell-cakes-backend/models/customization-option-constraint.ts": {"path":"/Users/azeezabiola/Documents/Development Folder/ell-cakes-backend/models/customization-option-constraint.ts","statementMap":{"0":{"start":{"line":1,"column":0},"end":{"line":1,"column":40}},"1":{"start":{"line":2,"column":0},"end":{"line":2,"column":null}},"2":{"start":{"line":8,"column":0},"end":{"line":8,"column":51}},"3":{"start":{"line":9,"column":0},"end":{"line":9,"column":40}},"4":{"start":{"line":11,"column":13},"end":{"line":56,"column":3}}},"fnMap":{},"branchMap":{},"s":{"0":4,"1":4,"2":4,"3":4,"4":4},"f":{},"b":{}}
,"/Users/azeezabiola/Documents/Development Folder/ell-cakes-backend/models/customization-option-value.ts": {"path":"/Users/azeezabiola/Documents/Development Folder/ell-cakes-backend/models/customization-option-value.ts","statementMap":{"0":{"start":{"line":1,"column":0},"end":{"line":1,"column":40}},"1":{"start":{"line":2,"column":0},"end":{"line":2,"column":null}},"2":{"start":{"line":8,"column":0},"end":{"line":8,"column":51}},"3":{"start":{"line":9,"column":0},"end":{"line":9,"column":40}},"4":{"start":{"line":11,"column":13},"end":{"line":57,"column":3}}},"fnMap":{},"branchMap":{},"s":{"0":4,"1":4,"2":4,"3":4,"4":4},"f":{},"b":{}}
,"/Users/azeezabiola/Documents/Development Folder/ell-cakes-backend/models/customization-option.ts": {"path":"/Users/azeezabiola/Documents/Development Folder/ell-cakes-backend/models/customization-option.ts","statementMap":{"0":{"start":{"line":1,"column":0},"end":{"line":1,"column":40}},"1":{"start":{"line":2,"column":0},"end":{"line":2,"column":80}},"2":{"start":{"line":3,"column":0},"end":{"line":3,"column":51}},"3":{"start":{"line":4,"column":0},"end":{"line":4,"column":40}},"4":{"start":{"line":6,"column":13},"end":{"line":76,"column":3}},"5":{"start":{"line":64,"column":29},"end":{"line":67,"column":10}},"6":{"start":{"line":68,"column":8},"end":{"line":72,"column":11}},"7":{"start":{"line":69,"column":68},"end":{"line":71,"column":12}}},"fnMap":{"0":{"name":"(anonymous_0)","decl":{"start":{"line":63,"column":14},"end":{"line":63,"column":19}},"loc":{"start":{"line":63,"column":42},"end":{"line":73,"column":7}}},"1":{"name":"(anonymous_1)","decl":{"start":{"line":69,"column":47},"end":{"line":69,"column":48}},"loc":{"start":{"line":69,"column":68},"end":{"line":71,"column":12}}}},"branchMap":{},"s":{"0":4,"1":4,"2":4,"3":4,"4":4,"5":0,"6":0,"7":0},"f":{"0":0,"1":0},"b":{}}
,"/Users/azeezabiola/Documents/Development Folder/ell-cakes-backend/models/delivary-address.ts": {"path":"/Users/azeezabiola/Documents/Development Folder/ell-cakes-backend/models/delivary-address.ts","statementMap":{"0":{"start":{"line":1,"column":0},"end":{"line":1,"column":40}},"1":{"start":{"line":2,"column":0},"end":{"line":2,"column":71}},"2":{"start":{"line":3,"column":0},"end":{"line":3,"column":56}},"3":{"start":{"line":4,"column":0},"end":{"line":4,"column":60}},"4":{"start":{"line":6,"column":13},"end":{"line":28,"column":3}}},"fnMap":{},"branchMap":{},"s":{"0":4,"1":4,"2":4,"3":4,"4":4},"f":{},"b":{}}
,"/Users/azeezabiola/Documents/Development Folder/ell-cakes-backend/models/order-item.ts": {"path":"/Users/azeezabiola/Documents/Development Folder/ell-cakes-backend/models/order-item.ts","statementMap":{"0":{"start":{"line":1,"column":0},"end":{"line":1,"column":40}},"1":{"start":{"line":2,"column":0},"end":{"line":2,"column":null}},"2":{"start":{"line":8,"column":0},"end":{"line":8,"column":56}},"3":{"start":{"line":9,"column":0},"end":{"line":9,"column":73}},"4":{"start":{"line":11,"column":13},"end":{"line":48,"column":3}}},"fnMap":{},"branchMap":{},"s":{"0":4,"1":4,"2":4,"3":4,"4":4},"f":{},"b":{}}
,"/Users/azeezabiola/Documents/Development Folder/ell-cakes-backend/models/order.ts": {"path":"/Users/azeezabiola/Documents/Development Folder/ell-cakes-backend/models/order.ts","statementMap":{"0":{"start":{"line":1,"column":0},"end":{"line":1,"column":40}},"1":{"start":{"line":2,"column":0},"end":{"line":2,"column":null}},"2":{"start":{"line":9,"column":0},"end":{"line":9,"column":56}},"3":{"start":{"line":10,"column":0},"end":{"line":10,"column":73}},"4":{"start":{"line":12,"column":13},"end":{"line":54,"column":3}}},"fnMap":{},"branchMap":{},"s":{"0":4,"1":4,"2":4,"3":4,"4":4},"f":{},"b":{}}
,"/Users/azeezabiola/Documents/Development Folder/ell-cakes-backend/models/payment.ts": {"path":"/Users/azeezabiola/Documents/Development Folder/ell-cakes-backend/models/payment.ts","statementMap":{"0":{"start":{"line":1,"column":0},"end":{"line":1,"column":40}},"1":{"start":{"line":2,"column":0},"end":{"line":2,"column":null}},"2":{"start":{"line":8,"column":0},"end":{"line":8,"column":56}},"3":{"start":{"line":9,"column":0},"end":{"line":9,"column":53}},"4":{"start":{"line":11,"column":13},"end":{"line":41,"column":3}}},"fnMap":{},"branchMap":{},"s":{"0":4,"1":4,"2":4,"3":4,"4":4},"f":{},"b":{}}
,"/Users/azeezabiola/Documents/Development Folder/ell-cakes-backend/models/product-customization.ts": {"path":"/Users/azeezabiola/Documents/Development Folder/ell-cakes-backend/models/product-customization.ts","statementMap":{"0":{"start":{"line":1,"column":0},"end":{"line":1,"column":40}},"1":{"start":{"line":2,"column":0},"end":{"line":2,"column":66}},"2":{"start":{"line":3,"column":0},"end":{"line":3,"column":51}},"3":{"start":{"line":4,"column":0},"end":{"line":4,"column":40}},"4":{"start":{"line":6,"column":13},"end":{"line":63,"column":3}},"5":{"start":{"line":48,"column":10},"end":{"line":51,"column":12}},"6":{"start":{"line":52,"column":8},"end":{"line":56,"column":11}},"7":{"start":{"line":53,"column":77},"end":{"line":55,"column":12}}},"fnMap":{"0":{"name":"(anonymous_0)","decl":{"start":{"line":46,"column":14},"end":{"line":46,"column":19}},"loc":{"start":{"line":46,"column":42},"end":{"line":57,"column":7}}},"1":{"name":"(anonymous_1)","decl":{"start":{"line":53,"column":56},"end":{"line":53,"column":57}},"loc":{"start":{"line":53,"column":77},"end":{"line":55,"column":12}}}},"branchMap":{},"s":{"0":4,"1":4,"2":4,"3":4,"4":4,"5":0,"6":0,"7":0},"f":{"0":0,"1":0},"b":{}}
,"/Users/azeezabiola/Documents/Development Folder/ell-cakes-backend/models/product-image.ts": {"path":"/Users/azeezabiola/Documents/Development Folder/ell-cakes-backend/models/product-image.ts","statementMap":{"0":{"start":{"line":1,"column":0},"end":{"line":1,"column":40}},"1":{"start":{"line":2,"column":0},"end":{"line":2,"column":68}},"2":{"start":{"line":3,"column":0},"end":{"line":3,"column":51}},"3":{"start":{"line":4,"column":0},"end":{"line":4,"column":40}},"4":{"start":{"line":6,"column":13},"end":{"line":23,"column":3}}},"fnMap":{},"branchMap":{},"s":{"0":4,"1":4,"2":4,"3":4,"4":4},"f":{},"b":{}}
,"/Users/azeezabiola/Documents/Development Folder/ell-cakes-backend/models/product-variant.ts": {"path":"/Users/azeezabiola/Documents/Development Folder/ell-cakes-backend/models/product-variant.ts","statementMap":{"0":{"start":{"line":1,"column":0},"end":{"line":1,"column":40}},"1":{"start":{"line":2,"column":0},"end":{"line":2,"column":null}},"2":{"start":{"line":9,"column":0},"end":{"line":9,"column":51}},"3":{"start":{"line":10,"column":0},"end":{"line":10,"column":40}},"4":{"start":{"line":12,"column":13},"end":{"line":46,"column":3}}},"fnMap":{},"branchMap":{},"s":{"0":4,"1":4,"2":4,"3":4,"4":4},"f":{},"b":{}}
,"/Users/azeezabiola/Documents/Development Folder/ell-cakes-backend/models/product.ts": {"path":"/Users/azeezabiola/Documents/Development Folder/ell-cakes-backend/models/product.ts","statementMap":{"0":{"start":{"line":1,"column":0},"end":{"line":1,"column":40}},"1":{"start":{"line":2,"column":0},"end":{"line":2,"column":null}},"2":{"start":{"line":12,"column":0},"end":{"line":12,"column":51}},"3":{"start":{"line":13,"column":0},"end":{"line":13,"column":67}},"4":{"start":{"line":14,"column":0},"end":{"line":14,"column":40}},"5":{"start":{"line":16,"column":13},"end":{"line":194,"column":3}},"6":{"start":{"line":32,"column":12},"end":{"line":36,"column":13}},"7":{"start":{"line":33,"column":14},"end":{"line":35,"column":16}},"8":{"start":{"line":45,"column":10},"end":{"line":49,"column":11}},"9":{"start":{"line":46,"column":29},"end":{"line":46,"column":41}},"10":{"start":{"line":47,"column":12},"end":{"line":47,"column":61}},"11":{"start":{"line":48,"column":12},"end":{"line":48,"column":42}},"12":{"start":{"line":50,"column":10},"end":{"line":50,"column":40}},"13":{"start":{"line":115,"column":12},"end":{"line":119,"column":13}},"14":{"start":{"line":116,"column":14},"end":{"line":118,"column":16}},"15":{"start":{"line":174,"column":24},"end":{"line":177,"column":10}},"16":{"start":{"line":178,"column":8},"end":{"line":180,"column":11}},"17":{"start":{"line":179,"column":57},"end":{"line":179,"column":69}},"18":{"start":{"line":181,"column":8},"end":{"line":185,"column":9}},"19":{"start":{"line":182,"column":10},"end":{"line":184,"column":13}},"20":{"start":{"line":183,"column":61},"end":{"line":183,"column":73}},"21":{"start":{"line":186,"column":8},"end":{"line":190,"column":9}},"22":{"start":{"line":187,"column":10},"end":{"line":189,"column":13}}},"fnMap":{"0":{"name":"(anonymous_0)","decl":{"start":{"line":31,"column":18},"end":{"line":31,"column":23}},"loc":{"start":{"line":31,"column":75},"end":{"line":37,"column":11}}},"1":{"name":"(anonymous_1)","decl":{"start":{"line":44,"column":22},"end":{"line":44,"column":23}},"loc":{"start":{"line":44,"column":64},"end":{"line":51,"column":9}}},"2":{"name":"(anonymous_2)","decl":{"start":{"line":114,"column":18},"end":{"line":114,"column":23}},"loc":{"start":{"line":114,"column":75},"end":{"line":120,"column":11}}},"3":{"name":"(anonymous_3)","decl":{"start":{"line":173,"column":14},"end":{"line":173,"column":19}},"loc":{"start":{"line":173,"column":42},"end":{"line":191,"column":7}}},"4":{"name":"(anonymous_4)","decl":{"start":{"line":179,"column":36},"end":{"line":179,"column":37}},"loc":{"start":{"line":179,"column":57},"end":{"line":179,"column":69}}},"5":{"name":"(anonymous_5)","decl":{"start":{"line":183,"column":40},"end":{"line":183,"column":41}},"loc":{"start":{"line":183,"column":61},"end":{"line":183,"column":73}}}},"branchMap":{"0":{"loc":{"start":{"line":32,"column":12},"end":{"line":36,"column":13}},"type":"if","locations":[{"start":{"line":32,"column":12},"end":{"line":36,"column":13}},{"start":{},"end":{}}]},"1":{"loc":{"start":{"line":32,"column":16},"end":{"line":32,"column":74}},"type":"binary-expr","locations":[{"start":{"line":32,"column":16},"end":{"line":32,"column":39}},{"start":{"line":32,"column":43},"end":{"line":32,"column":74}}]},"2":{"loc":{"start":{"line":45,"column":10},"end":{"line":49,"column":11}},"type":"if","locations":[{"start":{"line":45,"column":10},"end":{"line":49,"column":11}},{"start":{},"end":{}}]},"3":{"loc":{"start":{"line":115,"column":12},"end":{"line":119,"column":13}},"type":"if","locations":[{"start":{"line":115,"column":12},"end":{"line":119,"column":13}},{"start":{},"end":{}}]},"4":{"loc":{"start":{"line":115,"column":16},"end":{"line":115,"column":74}},"type":"binary-expr","locations":[{"start":{"line":115,"column":16},"end":{"line":115,"column":39}},{"start":{"line":115,"column":43},"end":{"line":115,"column":74}}]},"5":{"loc":{"start":{"line":181,"column":8},"end":{"line":185,"column":9}},"type":"if","locations":[{"start":{"line":181,"column":8},"end":{"line":185,"column":9}},{"start":{},"end":{}}]},"6":{"loc":{"start":{"line":186,"column":8},"end":{"line":190,"column":9}},"type":"if","locations":[{"start":{"line":186,"column":8},"end":{"line":190,"column":9}},{"start":{},"end":{}}]}},"s":{"0":4,"1":4,"2":4,"3":4,"4":4,"5":4,"6":5,"7":0,"8":6,"9":5,"10":5,"11":5,"12":1,"13":5,"14":0,"15":1,"16":1,"17":1,"18":1,"19":0,"20":0,"21":1,"22":0},"f":{"0":5,"1":6,"2":5,"3":1,"4":1,"5":0},"b":{"0":[0,5],"1":[5,5],"2":[5,1],"3":[0,5],"4":[5,5],"5":[0,1],"6":[0,1]}}
,"/Users/azeezabiola/Documents/Development Folder/ell-cakes-backend/models/topping-option.ts": {"path":"/Users/azeezabiola/Documents/Development Folder/ell-cakes-backend/models/topping-option.ts","statementMap":{"0":{"start":{"line":1,"column":0},"end":{"line":1,"column":40}},"1":{"start":{"line":2,"column":0},"end":{"line":2,"column":null}},"2":{"start":{"line":8,"column":0},"end":{"line":8,"column":51}},"3":{"start":{"line":10,"column":13},"end":{"line":37,"column":3}}},"fnMap":{},"branchMap":{},"s":{"0":4,"1":4,"2":4,"3":4},"f":{},"b":{}}
,"/Users/azeezabiola/Documents/Development Folder/ell-cakes-backend/models/topping.ts": {"path":"/Users/azeezabiola/Documents/Development Folder/ell-cakes-backend/models/topping.ts","statementMap":{"0":{"start":{"line":1,"column":0},"end":{"line":1,"column":40}},"1":{"start":{"line":2,"column":0},"end":{"line":2,"column":72}},"2":{"start":{"line":3,"column":0},"end":{"line":3,"column":51}},"3":{"start":{"line":4,"column":0},"end":{"line":4,"column":67}},"4":{"start":{"line":6,"column":13},"end":{"line":67,"column":3}},"5":{"start":{"line":14,"column":10},"end":{"line":18,"column":11}},"6":{"start":{"line":15,"column":29},"end":{"line":15,"column":41}},"7":{"start":{"line":16,"column":12},"end":{"line":16,"column":61}},"8":{"start":{"line":17,"column":12},"end":{"line":17,"column":42}},"9":{"start":{"line":19,"column":10},"end":{"line":19,"column":40}},"10":{"start":{"line":57,"column":24},"end":{"line":60,"column":10}},"11":{"start":{"line":61,"column":8},"end":{"line":63,"column":11}},"12":{"start":{"line":62,"column":58},"end":{"line":62,"column":70}}},"fnMap":{"0":{"name":"(anonymous_0)","decl":{"start":{"line":13,"column":22},"end":{"line":13,"column":23}},"loc":{"start":{"line":13,"column":64},"end":{"line":20,"column":9}}},"1":{"name":"(anonymous_1)","decl":{"start":{"line":56,"column":14},"end":{"line":56,"column":19}},"loc":{"start":{"line":56,"column":42},"end":{"line":64,"column":7}}},"2":{"name":"(anonymous_2)","decl":{"start":{"line":62,"column":37},"end":{"line":62,"column":38}},"loc":{"start":{"line":62,"column":58},"end":{"line":62,"column":70}}}},"branchMap":{"0":{"loc":{"start":{"line":14,"column":10},"end":{"line":18,"column":11}},"type":"if","locations":[{"start":{"line":14,"column":10},"end":{"line":18,"column":11}},{"start":{},"end":{}}]}},"s":{"0":4,"1":4,"2":4,"3":4,"4":4,"5":0,"6":0,"7":0,"8":0,"9":0,"10":0,"11":0,"12":0},"f":{"0":0,"1":0,"2":0},"b":{"0":[0,0]}}
,"/Users/azeezabiola/Documents/Development Folder/ell-cakes-backend/models/user.ts": {"path":"/Users/azeezabiola/Documents/Development Folder/ell-cakes-backend/models/user.ts","statementMap":{"0":{"start":{"line":1,"column":0},"end":{"line":1,"column":37}},"1":{"start":{"line":2,"column":0},"end":{"line":2,"column":49}},"2":{"start":{"line":3,"column":0},"end":{"line":3,"column":null}},"3":{"start":{"line":12,"column":0},"end":{"line":12,"column":66}},"4":{"start":{"line":13,"column":0},"end":{"line":13,"column":52}},"5":{"start":{"line":14,"column":0},"end":{"line":14,"column":73}},"6":{"start":{"line":16,"column":26},"end":{"line":22,"column":11}},"7":{"start":{"line":24,"column":13},"end":{"line":134,"column":3}},"8":{"start":{"line":43,"column":42},"end":{"line":47,"column":12}},"9":{"start":{"line":48,"column":10},"end":{"line":48,"column":44}},"10":{"start":{"line":76,"column":20},"end":{"line":76,"column":25}},"11":{"start":{"line":80,"column":20},"end":{"line":80,"column":25}},"12":{"start":{"line":84,"column":20},"end":{"line":84,"column":25}},"13":{"start":{"line":117,"column":8},"end":{"line":129,"column":9}},"14":{"start":{"line":118,"column":24},"end":{"line":118,"column":55}},"15":{"start":{"line":119,"column":27},"end":{"line":119,"column":37}},"16":{"start":{"line":120,"column":10},"end":{"line":123,"column":13}},"17":{"start":{"line":124,"column":10},"end":{"line":128,"column":12}},"18":{"start":{"line":130,"column":8},"end":{"line":130,"column":28}}},"fnMap":{"0":{"name":"(anonymous_0)","decl":{"start":{"line":42,"column":8},"end":{"line":42,"column":13}},"loc":{"start":{"line":42,"column":41},"end":{"line":49,"column":9}}},"1":{"name":"(anonymous_1)","decl":{"start":{"line":76,"column":14},"end":{"line":76,"column":17}},"loc":{"start":{"line":76,"column":20},"end":{"line":76,"column":25}}},"2":{"name":"(anonymous_2)","decl":{"start":{"line":80,"column":14},"end":{"line":80,"column":17}},"loc":{"start":{"line":80,"column":20},"end":{"line":80,"column":25}}},"3":{"name":"(anonymous_3)","decl":{"start":{"line":84,"column":14},"end":{"line":84,"column":17}},"loc":{"start":{"line":84,"column":20},"end":{"line":84,"column":25}}},"4":{"name":"(anonymous_4)","decl":{"start":{"line":116,"column":14},"end":{"line":116,"column":19}},"loc":{"start":{"line":116,"column":41},"end":{"line":131,"column":7}}}},"branchMap":{"0":{"loc":{"start":{"line":117,"column":8},"end":{"line":129,"column":9}},"type":"if","locations":[{"start":{"line":117,"column":8},"end":{"line":129,"column":9}},{"start":{},"end":{}}]}},"s":{"0":4,"1":4,"2":4,"3":4,"4":4,"5":4,"6":4,"7":4,"8":0,"9":0,"10":0,"11":0,"12":0,"13":3,"14":2,"15":2,"16":2,"17":2,"18":1},"f":{"0":0,"1":0,"2":0,"3":0,"4":3},"b":{"0":[2,1]}}
,"/Users/azeezabiola/Documents/Development Folder/ell-cakes-backend/script/index.ts": {"path":"/Users/azeezabiola/Documents/Development Folder/ell-cakes-backend/script/index.ts","statementMap":{"0":{"start":{"line":10,"column":0},"end":{"line":10,"column":7}},"1":{"start":{"line":2,"column":0},"end":{"line":2,"column":46}},"2":{"start":{"line":3,"column":0},"end":{"line":3,"column":24}},"3":{"start":{"line":4,"column":0},"end":{"line":4,"column":26}},"4":{"start":{"line":6,"column":0},"end":{"line":6,"column":70}},"5":{"start":{"line":7,"column":0},"end":{"line":7,"column":67}},"6":{"start":{"line":11,"column":2},"end":{"line":11,"column":40}},"7":{"start":{"line":12,"column":25},"end":{"line":12,"column":78}},"8":{"start":{"line":13,"column":21},"end":{"line":13,"column":70}},"9":{"start":{"line":14,"column":22},"end":{"line":14,"column":73}},"10":{"start":{"line":15,"column":19},"end":{"line":15,"column":65}},"11":{"start":{"line":19,"column":2},"end":{"line":19,"column":42}},"12":{"start":{"line":20,"column":29},"end":{"line":20,"column":31}},"13":{"start":{"line":21,"column":2},"end":{"line":38,"column":3}},"14":{"start":{"line":22,"column":17},"end":{"line":22,"column":54}},"15":{"start":{"line":23,"column":29},"end":{"line":25,"column":6}},"16":{"start":{"line":26,"column":4},"end":{"line":30,"column":5}},"17":{"start":{"line":27,"column":6},"end":{"line":27,"column":63}},"18":{"start":{"line":28,"column":6},"end":{"line":28,"column":72}},"19":{"start":{"line":29,"column":6},"end":{"line":29,"column":15}},"20":{"start":{"line":31,"column":24},"end":{"line":36,"column":6}},"21":{"start":{"line":37,"column":4},"end":{"line":37,"column":65}},"22":{"start":{"line":40,"column":36},"end":{"line":41,"column":null}},"23":{"start":{"line":41,"column":13},"end":{"line":41,"column":41}},"24":{"start":{"line":43,"column":2},"end":{"line":60,"column":3}},"25":{"start":{"line":44,"column":17},"end":{"line":44,"column":57}},"26":{"start":{"line":45,"column":32},"end":{"line":47,"column":6}},"27":{"start":{"line":48,"column":4},"end":{"line":51,"column":5}},"28":{"start":{"line":49,"column":6},"end":{"line":49,"column":66}},"29":{"start":{"line":50,"column":6},"end":{"line":50,"column":15}},"30":{"start":{"line":53,"column":4},"end":{"line":59,"column":7}},"31":{"start":{"line":61,"column":2},"end":{"line":61,"column":46}},"32":{"start":{"line":63,"column":2},"end":{"line":63,"column":40}},"33":{"start":{"line":64,"column":2},"end":{"line":167,"column":3}},"34":{"start":{"line":65,"column":24},"end":{"line":69,"column":null}},"35":{"start":{"line":71,"column":23},"end":{"line":71,"column":47}},"36":{"start":{"line":74,"column":17},"end":{"line":74,"column":60}},"37":{"start":{"line":75,"column":28},"end":{"line":77,"column":6}},"38":{"start":{"line":78,"column":4},"end":{"line":81,"column":5}},"39":{"start":{"line":79,"column":6},"end":{"line":79,"column":63}},"40":{"start":{"line":80,"column":6},"end":{"line":80,"column":15}},"41":{"start":{"line":83,"column":21},"end":{"line":85,"column":6}},"42":{"start":{"line":87,"column":20},"end":{"line":87,"column":24}},"43":{"start":{"line":88,"column":24},"end":{"line":88,"column":75}},"44":{"start":{"line":90,"column":28},"end":{"line":92,"column":6}},"45":{"start":{"line":93,"column":4},"end":{"line":110,"column":5}},"46":{"start":{"line":94,"column":6},"end":{"line":94,"column":37}},"47":{"start":{"line":96,"column":22},"end":{"line":108,"column":8}},"48":{"start":{"line":102,"column":66},"end":{"line":104,"column":16}},"49":{"start":{"line":109,"column":6},"end":{"line":109,"column":29}},"50":{"start":{"line":113,"column":23},"end":{"line":143,"column":6}},"51":{"start":{"line":120,"column":55},"end":{"line":120,"column":65}},"52":{"start":{"line":127,"column":67},"end":{"line":134,"column":18}},"53":{"start":{"line":131,"column":65},"end":{"line":131,"column":75}},"54":{"start":{"line":144,"column":4},"end":{"line":144,"column":61}},"55":{"start":{"line":145,"column":4},"end":{"line":145,"column":52}},"56":{"start":{"line":146,"column":4},"end":{"line":165,"column":5}},"57":{"start":{"line":147,"column":24},"end":{"line":147,"column":56}},"58":{"start":{"line":148,"column":23},"end":{"line":148,"column":64}},"59":{"start":{"line":149,"column":24},"end":{"line":154,"column":8}},"60":{"start":{"line":150,"column":32},"end":{"line":150,"column":59}},"61":{"start":{"line":155,"column":21},"end":{"line":155,"column":33}},"62":{"start":{"line":156,"column":6},"end":{"line":156,"column":32}},"63":{"start":{"line":157,"column":6},"end":{"line":164,"column":11}},"64":{"start":{"line":166,"column":4},"end":{"line":166,"column":66}},"65":{"start":{"line":168,"column":2},"end":{"line":168,"column":45}},"66":{"start":{"line":169,"column":2},"end":{"line":169,"column":38}},"67":{"start":{"line":170,"column":2},"end":{"line":170,"column":17}}},"fnMap":{"0":{"name":"insertSeedData","decl":{"start":{"line":10,"column":22},"end":{"line":10,"column":36}},"loc":{"start":{"line":10,"column":53},"end":{"line":171,"column":1}}},"1":{"name":"(anonymous_2)","decl":{"start":{"line":41,"column":4},"end":{"line":41,"column":5}},"loc":{"start":{"line":41,"column":13},"end":{"line":41,"column":41}}},"2":{"name":"(anonymous_3)","decl":{"start":{"line":102,"column":48},"end":{"line":102,"column":49}},"loc":{"start":{"line":102,"column":66},"end":{"line":104,"column":16}}},"3":{"name":"(anonymous_4)","decl":{"start":{"line":120,"column":40},"end":{"line":120,"column":41}},"loc":{"start":{"line":120,"column":55},"end":{"line":120,"column":65}}},"4":{"name":"(anonymous_5)","decl":{"start":{"line":127,"column":52},"end":{"line":127,"column":53}},"loc":{"start":{"line":127,"column":67},"end":{"line":134,"column":18}}},"5":{"name":"(anonymous_6)","decl":{"start":{"line":131,"column":50},"end":{"line":131,"column":51}},"loc":{"start":{"line":131,"column":65},"end":{"line":131,"column":75}}},"6":{"name":"(anonymous_7)","decl":{"start":{"line":150,"column":26},"end":{"line":150,"column":29}},"loc":{"start":{"line":150,"column":32},"end":{"line":150,"column":59}}}},"branchMap":{"0":{"loc":{"start":{"line":26,"column":4},"end":{"line":30,"column":5}},"type":"if","locations":[{"start":{"line":26,"column":4},"end":{"line":30,"column":5}},{"start":{},"end":{}}]},"1":{"loc":{"start":{"line":48,"column":4},"end":{"line":51,"column":5}},"type":"if","locations":[{"start":{"line":48,"column":4},"end":{"line":51,"column":5}},{"start":{},"end":{}}]},"2":{"loc":{"start":{"line":78,"column":4},"end":{"line":81,"column":5}},"type":"if","locations":[{"start":{"line":78,"column":4},"end":{"line":81,"column":5}},{"start":{},"end":{}}]},"3":{"loc":{"start":{"line":93,"column":4},"end":{"line":110,"column":5}},"type":"if","locations":[{"start":{"line":93,"column":4},"end":{"line":110,"column":5}},{"start":{"line":95,"column":11},"end":{"line":110,"column":5}}]},"4":{"loc":{"start":{"line":123,"column":12},"end":{"line":138,"column":10}},"type":"binary-expr","locations":[{"start":{"line":123,"column":12},"end":{"line":123,"column":34}},{"start":{"line":123,"column":38},"end":{"line":138,"column":10}}]},"5":{"loc":{"start":{"line":139,"column":12},"end":{"line":141,"column":10}},"type":"binary-expr","locations":[{"start":{"line":139,"column":12},"end":{"line":139,"column":27}},{"start":{"line":139,"column":31},"end":{"line":141,"column":10}}]}},"s":{"0":4,"1":4,"2":4,"3":4,"4":4,"5":4,"6":0,"7":0,"8":0,"9":0,"10":0,"11":0,"12":0,"13":0,"14":0,"15":0,"16":0,"17":0,"18":0,"19":0,"20":0,"21":0,"22":0,"23":0,"24":0,"25":0,"26":0,"27":0,"28":0,"29":0,"30":0,"31":0,"32":0,"33":0,"34":0,"35":0,"36":0,"37":0,"38":0,"39":0,"40":0,"41":0,"42":0,"43":0,"44":0,"45":0,"46":0,"47":0,"48":0,"49":0,"50":0,"51":0,"52":0,"53":0,"54":0,"55":0,"56":0,"57":0,"58":0,"59":0,"60":0,"61":0,"62":0,"63":0,"64":0,"65":0,"66":0,"67":0},"f":{"0":0,"1":0,"2":0,"3":0,"4":0,"5":0,"6":0},"b":{"0":[0,0],"1":[0,0],"2":[0,0],"3":[0,0],"4":[0,0],"5":[0,0]}}
}
