{"/Users/azeezabiola/Documents/Development Folder/ell-cakes-backend/access.ts": {"path":"/Users/azeezabiola/Documents/Development Folder/ell-cakes-backend/access.ts","statementMap":{"0":{"start":{"line":14,"column":26},"end":{"line":14,"column":64}},"1":{"start":{"line":14,"column":55},"end":{"line":14,"column":64}},"2":{"start":{"line":14,"column":13},"end":{"line":14,"column":26}},"3":{"start":{"line":16,"column":13},"end":{"line":27,"column":2}},"4":{"start":{"line":17,"column":45},"end":{"line":17,"column":75}},"5":{"start":{"line":20,"column":47},"end":{"line":20,"column":77}},"6":{"start":{"line":23,"column":4},"end":{"line":23,"column":69}},"7":{"start":{"line":26,"column":4},"end":{"line":26,"column":69}},"8":{"start":{"line":29,"column":13},"end":{"line":66,"column":2}},"9":{"start":{"line":31,"column":4},"end":{"line":31,"column":31}},"10":{"start":{"line":31,"column":18},"end":{"line":31,"column":31}},"11":{"start":{"line":33,"column":4},"end":{"line":34,"column":18}},"12":{"start":{"line":34,"column":6},"end":{"line":34,"column":18}},"13":{"start":{"line":36,"column":4},"end":{"line":36,"column":46}},"14":{"start":{"line":40,"column":4},"end":{"line":40,"column":31}},"15":{"start":{"line":40,"column":18},"end":{"line":40,"column":31}},"16":{"start":{"line":42,"column":4},"end":{"line":42,"column":51}},"17":{"start":{"line":42,"column":39},"end":{"line":42,"column":51}},"18":{"start":{"line":44,"column":4},"end":{"line":44,"column":46}},"19":{"start":{"line":48,"column":4},"end":{"line":48,"column":31}},"20":{"start":{"line":48,"column":18},"end":{"line":48,"column":31}},"21":{"start":{"line":50,"column":4},"end":{"line":51,"column":18}},"22":{"start":{"line":51,"column":6},"end":{"line":51,"column":18}},"23":{"start":{"line":53,"column":4},"end":{"line":53,"column":56}},"24":{"start":{"line":57,"column":4},"end":{"line":57,"column":31}},"25":{"start":{"line":57,"column":18},"end":{"line":57,"column":31}},"26":{"start":{"line":60,"column":4},"end":{"line":61,"column":18}},"27":{"start":{"line":61,"column":6},"end":{"line":61,"column":18}},"28":{"start":{"line":64,"column":4},"end":{"line":64,"column":56}}},"fnMap":{"0":{"name":"(anonymous_0)","decl":{"start":{"line":14,"column":26},"end":{"line":14,"column":27}},"loc":{"start":{"line":14,"column":55},"end":{"line":14,"column":64}}},"1":{"name":"(anonymous_1)","decl":{"start":{"line":17,"column":16},"end":{"line":17,"column":17}},"loc":{"start":{"line":17,"column":45},"end":{"line":17,"column":75}}},"2":{"name":"(anonymous_2)","decl":{"start":{"line":20,"column":18},"end":{"line":20,"column":19}},"loc":{"start":{"line":20,"column":47},"end":{"line":20,"column":77}}},"3":{"name":"(anonymous_3)","decl":{"start":{"line":22,"column":20},"end":{"line":22,"column":21}},"loc":{"start":{"line":23,"column":4},"end":{"line":23,"column":69}}},"4":{"name":"(anonymous_4)","decl":{"start":{"line":25,"column":18},"end":{"line":25,"column":19}},"loc":{"start":{"line":26,"column":4},"end":{"line":26,"column":69}}},"5":{"name":"(anonymous_5)","decl":{"start":{"line":30,"column":15},"end":{"line":30,"column":16}},"loc":{"start":{"line":30,"column":43},"end":{"line":37,"column":3}}},"6":{"name":"(anonymous_6)","decl":{"start":{"line":39,"column":17},"end":{"line":39,"column":18}},"loc":{"start":{"line":39,"column":45},"end":{"line":45,"column":3}}},"7":{"name":"(anonymous_7)","decl":{"start":{"line":47,"column":28},"end":{"line":47,"column":29}},"loc":{"start":{"line":47,"column":56},"end":{"line":54,"column":3}}},"8":{"name":"(anonymous_8)","decl":{"start":{"line":56,"column":16},"end":{"line":56,"column":17}},"loc":{"start":{"line":56,"column":44},"end":{"line":65,"column":3}}}},"branchMap":{"0":{"loc":{"start":{"line":23,"column":4},"end":{"line":23,"column":69}},"type":"binary-expr","locations":[{"start":{"line":23,"column":4},"end":{"line":23,"column":34}},{"start":{"line":23,"column":38},"end":{"line":23,"column":69}}]},"1":{"loc":{"start":{"line":26,"column":4},"end":{"line":26,"column":69}},"type":"binary-expr","locations":[{"start":{"line":26,"column":4},"end":{"line":26,"column":34}},{"start":{"line":26,"column":38},"end":{"line":26,"column":69}}]},"2":{"loc":{"start":{"line":31,"column":4},"end":{"line":31,"column":31}},"type":"if","locations":[{"start":{"line":31,"column":4},"end":{"line":31,"column":31}},{"start":{},"end":{}}]},"3":{"loc":{"start":{"line":33,"column":4},"end":{"line":34,"column":18}},"type":"if","locations":[{"start":{"line":33,"column":4},"end":{"line":34,"column":18}},{"start":{},"end":{}}]},"4":{"loc":{"start":{"line":33,"column":8},"end":{"line":33,"column":71}},"type":"binary-expr","locations":[{"start":{"line":33,"column":8},"end":{"line":33,"column":37}},{"start":{"line":33,"column":41},"end":{"line":33,"column":71}}]},"5":{"loc":{"start":{"line":40,"column":4},"end":{"line":40,"column":31}},"type":"if","locations":[{"start":{"line":40,"column":4},"end":{"line":40,"column":31}},{"start":{},"end":{}}]},"6":{"loc":{"start":{"line":42,"column":4},"end":{"line":42,"column":51}},"type":"if","locations":[{"start":{"line":42,"column":4},"end":{"line":42,"column":51}},{"start":{},"end":{}}]},"7":{"loc":{"start":{"line":48,"column":4},"end":{"line":48,"column":31}},"type":"if","locations":[{"start":{"line":48,"column":4},"end":{"line":48,"column":31}},{"start":{},"end":{}}]},"8":{"loc":{"start":{"line":50,"column":4},"end":{"line":51,"column":18}},"type":"if","locations":[{"start":{"line":50,"column":4},"end":{"line":51,"column":18}},{"start":{},"end":{}}]},"9":{"loc":{"start":{"line":50,"column":8},"end":{"line":50,"column":71}},"type":"binary-expr","locations":[{"start":{"line":50,"column":8},"end":{"line":50,"column":37}},{"start":{"line":50,"column":41},"end":{"line":50,"column":71}}]},"10":{"loc":{"start":{"line":57,"column":4},"end":{"line":57,"column":31}},"type":"if","locations":[{"start":{"line":57,"column":4},"end":{"line":57,"column":31}},{"start":{},"end":{}}]},"11":{"loc":{"start":{"line":60,"column":4},"end":{"line":61,"column":18}},"type":"if","locations":[{"start":{"line":60,"column":4},"end":{"line":61,"column":18}},{"start":{},"end":{}}]},"12":{"loc":{"start":{"line":60,"column":8},"end":{"line":60,"column":71}},"type":"binary-expr","locations":[{"start":{"line":60,"column":8},"end":{"line":60,"column":37}},{"start":{"line":60,"column":41},"end":{"line":60,"column":71}}]}},"s":{"0":4,"1":11,"2":4,"3":4,"4":0,"5":0,"6":35,"7":0,"8":4,"9":3,"10":0,"11":3,"12":3,"13":0,"14":1,"15":0,"16":1,"17":0,"18":1,"19":0,"20":0,"21":0,"22":0,"23":0,"24":1,"25":0,"26":1,"27":1,"28":0},"f":{"0":11,"1":0,"2":0,"3":35,"4":0,"5":3,"6":1,"7":0,"8":1},"b":{"0":[35,27],"1":[0,0],"2":[0,3],"3":[3,0],"4":[3,0],"5":[0,1],"6":[0,1],"7":[0,0],"8":[0,0],"9":[0,0],"10":[0,1],"11":[1,0],"12":[1,0]}}
,"/Users/azeezabiola/Documents/Development Folder/ell-cakes-backend/auth.ts": {"path":"/Users/azeezabiola/Documents/Development Folder/ell-cakes-backend/auth.ts","statementMap":{"0":{"start":{"line":1,"column":0},"end":{"line":1,"column":46}},"1":{"start":{"line":2,"column":0},"end":{"line":2,"column":61}},"2":{"start":{"line":3,"column":0},"end":{"line":3,"column":57}},"3":{"start":{"line":4,"column":0},"end":{"line":4,"column":44}},"4":{"start":{"line":6,"column":21},"end":{"line":20,"column":2}},"5":{"start":{"line":16,"column":6},"end":{"line":16,"column":72}},"6":{"start":{"line":29,"column":9},"end":{"line":29,"column":17}},"7":{"start":{"line":22,"column":18},"end":{"line":22,"column":45}},"8":{"start":{"line":23,"column":22},"end":{"line":23,"column":39}},"9":{"start":{"line":24,"column":16},"end":{"line":27,"column":2}},"10":{"start":{"line":29,"column":19},"end":{"line":29,"column":26}}},"fnMap":{"0":{"name":"(anonymous_0)","decl":{"start":{"line":15,"column":15},"end":{"line":15,"column":20}},"loc":{"start":{"line":15,"column":45},"end":{"line":17,"column":5}}}},"branchMap":{},"s":{"0":4,"1":4,"2":4,"3":4,"4":4,"5":0,"6":4,"7":4,"8":4,"9":4,"10":4},"f":{"0":0},"b":{}}
,"/Users/azeezabiola/Documents/Development Folder/ell-cakes-backend/keystone.ts": {"path":"/Users/azeezabiola/Documents/Development Folder/ell-cakes-backend/keystone.ts","statementMap":{"0":{"start":{"line":1,"column":0},"end":{"line":1,"column":42}},"1":{"start":{"line":2,"column":0},"end":{"line":2,"column":28}},"2":{"start":{"line":3,"column":0},"end":{"line":3,"column":30}},"3":{"start":{"line":4,"column":0},"end":{"line":4,"column":41}},"4":{"start":{"line":5,"column":0},"end":{"line":5,"column":36}},"5":{"start":{"line":6,"column":0},"end":{"line":6,"column":34}},"6":{"start":{"line":7,"column":0},"end":{"line":7,"column":33}},"7":{"start":{"line":8,"column":0},"end":{"line":8,"column":43}},"8":{"start":{"line":9,"column":0},"end":{"line":9,"column":58}},"9":{"start":{"line":10,"column":0},"end":{"line":10,"column":66}},"10":{"start":{"line":11,"column":0},"end":{"line":11,"column":44}},"11":{"start":{"line":14,"column":2},"end":{"line":14,"column":13}},"12":{"start":{"line":16,"column":20},"end":{"line":16,"column":45}},"13":{"start":{"line":17,"column":18},"end":{"line":17,"column":43}},"14":{"start":{"line":18,"column":21},"end":{"line":18,"column":50}},"15":{"start":{"line":20,"column":0},"end":{"line":91,"column":2}},"16":{"start":{"line":68,"column":8},"end":{"line":68,"column":32}},"17":{"start":{"line":69,"column":8},"end":{"line":69,"column":32}},"18":{"start":{"line":71,"column":8},"end":{"line":81,"column":11}},"19":{"start":{"line":72,"column":10},"end":{"line":79,"column":11}},"20":{"start":{"line":73,"column":27},"end":{"line":73,"column":39}},"21":{"start":{"line":74,"column":12},"end":{"line":78,"column":15}},"22":{"start":{"line":80,"column":10},"end":{"line":80,"column":17}},"23":{"start":{"line":83,"column":8},"end":{"line":87,"column":11}},"24":{"start":{"line":84,"column":26},"end":{"line":84,"column":67}},"25":{"start":{"line":85,"column":10},"end":{"line":85,"column":69}},"26":{"start":{"line":86,"column":10},"end":{"line":86,"column":37}}},"fnMap":{"0":{"name":"(anonymous_1)","decl":{"start":{"line":67,"column":24},"end":{"line":67,"column":25}},"loc":{"start":{"line":67,"column":47},"end":{"line":88,"column":7}}},"1":{"name":"(anonymous_2)","decl":{"start":{"line":71,"column":32},"end":{"line":71,"column":37}},"loc":{"start":{"line":71,"column":57},"end":{"line":81,"column":9}}},"2":{"name":"(anonymous_3)","decl":{"start":{"line":83,"column":50},"end":{"line":83,"column":55}},"loc":{"start":{"line":83,"column":69},"end":{"line":87,"column":9}}}},"branchMap":{"0":{"loc":{"start":{"line":72,"column":10},"end":{"line":79,"column":11}},"type":"if","locations":[{"start":{"line":72,"column":10},"end":{"line":79,"column":11}},{"start":{},"end":{}}]}},"s":{"0":4,"1":4,"2":4,"3":4,"4":4,"5":4,"6":4,"7":4,"8":4,"9":4,"10":4,"11":4,"12":4,"13":4,"14":4,"15":4,"16":0,"17":0,"18":0,"19":0,"20":0,"21":0,"22":0,"23":0,"24":0,"25":0,"26":0},"f":{"0":0,"1":0,"2":0},"b":{"0":[0,0]}}
,"/Users/azeezabiola/Documents/Development Folder/ell-cakes-backend/schema.ts": {"path":"/Users/azeezabiola/Documents/Development Folder/ell-cakes-backend/schema.ts","statementMap":{"0":{"start":{"line":1,"column":0},"end":{"line":1,"column":43}},"1":{"start":{"line":2,"column":0},"end":{"line":2,"column":58}},"2":{"start":{"line":3,"column":0},"end":{"line":3,"column":37}},"3":{"start":{"line":4,"column":0},"end":{"line":4,"column":54}},"4":{"start":{"line":5,"column":0},"end":{"line":5,"column":58}},"5":{"start":{"line":6,"column":0},"end":{"line":6,"column":45}},"6":{"start":{"line":7,"column":0},"end":{"line":7,"column":60}},"7":{"start":{"line":8,"column":0},"end":{"line":8,"column":70}},"8":{"start":{"line":9,"column":0},"end":{"line":9,"column":68}},"9":{"start":{"line":10,"column":0},"end":{"line":10,"column":79}},"10":{"start":{"line":11,"column":0},"end":{"line":11,"column":43}},"11":{"start":{"line":12,"column":0},"end":{"line":12,"column":56}},"12":{"start":{"line":13,"column":0},"end":{"line":13,"column":37}},"13":{"start":{"line":14,"column":0},"end":{"line":14,"column":46}},"14":{"start":{"line":15,"column":0},"end":{"line":15,"column":39}},"15":{"start":{"line":16,"column":0},"end":{"line":16,"column":48}},"16":{"start":{"line":17,"column":0},"end":{"line":17,"column":43}},"17":{"start":{"line":18,"column":0},"end":{"line":18,"column":65}},"18":{"start":{"line":19,"column":0},"end":{"line":19,"column":73}},"19":{"start":{"line":20,"column":0},"end":{"line":20,"column":58}},"20":{"start":{"line":21,"column":0},"end":{"line":21,"column":60}},"21":{"start":{"line":23,"column":13},"end":{"line":45,"column":2}}},"fnMap":{},"branchMap":{},"s":{"0":4,"1":4,"2":4,"3":4,"4":4,"5":4,"6":4,"7":4,"8":4,"9":4,"10":4,"11":4,"12":4,"13":4,"14":4,"15":4,"16":4,"17":4,"18":4,"19":4,"20":4,"21":4},"f":{},"b":{}}
,"/Users/azeezabiola/Documents/Development Folder/ell-cakes-backend/custom-resolver/addToCart.ts": {"path":"/Users/azeezabiola/Documents/Development Folder/ell-cakes-backend/custom-resolver/addToCart.ts","statementMap":{"0":{"start":{"line":2,"column":0},"end":{"line":2,"column":37}},"1":{"start":{"line":4,"column":0},"end":{"line":4,"column":59}},"2":{"start":{"line":53,"column":25},"end":{"line":246,"column":1}},"3":{"start":{"line":64,"column":34},"end":{"line":64,"column":38}},"4":{"start":{"line":66,"column":24},"end":{"line":66,"column":49}},"5":{"start":{"line":67,"column":23},"end":{"line":67,"column":49}},"6":{"start":{"line":70,"column":2},"end":{"line":81,"column":3}},"7":{"start":{"line":71,"column":4},"end":{"line":74,"column":7}},"8":{"start":{"line":77,"column":4},"end":{"line":80,"column":7}},"9":{"start":{"line":84,"column":2},"end":{"line":92,"column":3}},"10":{"start":{"line":85,"column":4},"end":{"line":91,"column":7}},"11":{"start":{"line":95,"column":26},"end":{"line":113,"column":4}},"12":{"start":{"line":116,"column":18},"end":{"line":117,"column":null}},"13":{"start":{"line":117,"column":17},"end":{"line":117,"column":41}},"14":{"start":{"line":123,"column":34},"end":{"line":123,"column":35}},"15":{"start":{"line":124,"column":31},"end":{"line":124,"column":35}},"16":{"start":{"line":125,"column":2},"end":{"line":147,"column":3}},"17":{"start":{"line":126,"column":4},"end":{"line":146,"column":7}},"18":{"start":{"line":127,"column":27},"end":{"line":128,"column":null}},"19":{"start":{"line":128,"column":20},"end":{"line":128,"column":56}},"20":{"start":{"line":131,"column":26},"end":{"line":132,"column":null}},"21":{"start":{"line":132,"column":19},"end":{"line":132,"column":53}},"22":{"start":{"line":135,"column":25},"end":{"line":135,"column":53}},"23":{"start":{"line":136,"column":6},"end":{"line":136,"column":46}},"24":{"start":{"line":137,"column":6},"end":{"line":145,"column":8}},"25":{"start":{"line":151,"column":28},"end":{"line":151,"column":32}},"26":{"start":{"line":152,"column":2},"end":{"line":159,"column":3}},"27":{"start":{"line":153,"column":4},"end":{"line":158,"column":7}},"28":{"start":{"line":154,"column":6},"end":{"line":157,"column":8}},"29":{"start":{"line":162,"column":24},"end":{"line":181,"column":4}},"30":{"start":{"line":163,"column":24},"end":{"line":163,"column":52}},"31":{"start":{"line":164,"column":24},"end":{"line":164,"column":52}},"32":{"start":{"line":165,"column":24},"end":{"line":165,"column":74}},"33":{"start":{"line":166,"column":35},"end":{"line":168,"column":null}},"34":{"start":{"line":170,"column":30},"end":{"line":172,"column":null}},"35":{"start":{"line":174,"column":4},"end":{"line":180,"column":6}},"36":{"start":{"line":183,"column":2},"end":{"line":218,"column":3}},"37":{"start":{"line":184,"column":24},"end":{"line":184,"column":58}},"38":{"start":{"line":185,"column":4},"end":{"line":192,"column":7}},"39":{"start":{"line":195,"column":28},"end":{"line":196,"column":null}},"40":{"start":{"line":196,"column":25},"end":{"line":196,"column":61}},"41":{"start":{"line":199,"column":25},"end":{"line":199,"column":57}},"42":{"start":{"line":200,"column":22},"end":{"line":200,"column":42}},"43":{"start":{"line":201,"column":22},"end":{"line":201,"column":74}},"44":{"start":{"line":202,"column":4},"end":{"line":217,"column":7}},"45":{"start":{"line":221,"column":2},"end":{"line":241,"column":4}},"46":{"start":{"line":223,"column":24},"end":{"line":225,"column":8}},"47":{"start":{"line":226,"column":27},"end":{"line":228,"column":null}},"48":{"start":{"line":227,"column":23},"end":{"line":227,"column":50}},"49":{"start":{"line":232,"column":6},"end":{"line":238,"column":9}},"50":{"start":{"line":243,"column":2},"end":{"line":245,"column":5}},"51":{"start":{"line":53,"column":13},"end":{"line":53,"column":25}}},"fnMap":{"0":{"name":"(anonymous_1)","decl":{"start":{"line":53,"column":25},"end":{"line":53,"column":30}},"loc":{"start":{"line":63,"column":4},"end":{"line":246,"column":1}}},"1":{"name":"(anonymous_2)","decl":{"start":{"line":117,"column":4},"end":{"line":117,"column":5}},"loc":{"start":{"line":117,"column":17},"end":{"line":117,"column":41}}},"2":{"name":"(anonymous_3)","decl":{"start":{"line":126,"column":49},"end":{"line":126,"column":50}},"loc":{"start":{"line":126,"column":67},"end":{"line":146,"column":5}}},"3":{"name":"(anonymous_4)","decl":{"start":{"line":128,"column":8},"end":{"line":128,"column":9}},"loc":{"start":{"line":128,"column":20},"end":{"line":128,"column":56}}},"4":{"name":"(anonymous_5)","decl":{"start":{"line":132,"column":8},"end":{"line":132,"column":9}},"loc":{"start":{"line":132,"column":19},"end":{"line":132,"column":53}}},"5":{"name":"(anonymous_6)","decl":{"start":{"line":153,"column":49},"end":{"line":153,"column":50}},"loc":{"start":{"line":153,"column":65},"end":{"line":158,"column":5}}},"6":{"name":"(anonymous_7)","decl":{"start":{"line":162,"column":44},"end":{"line":162,"column":45}},"loc":{"start":{"line":162,"column":53},"end":{"line":181,"column":3}}},"7":{"name":"(anonymous_8)","decl":{"start":{"line":196,"column":6},"end":{"line":196,"column":7}},"loc":{"start":{"line":196,"column":25},"end":{"line":196,"column":61}}},"8":{"name":"(anonymous_9)","decl":{"start":{"line":222,"column":4},"end":{"line":222,"column":9}},"loc":{"start":{"line":222,"column":17},"end":{"line":239,"column":5}}},"9":{"name":"(anonymous_10)","decl":{"start":{"line":227,"column":8},"end":{"line":227,"column":9}},"loc":{"start":{"line":227,"column":23},"end":{"line":227,"column":50}}}},"branchMap":{"0":{"loc":{"start":{"line":70,"column":2},"end":{"line":81,"column":3}},"type":"if","locations":[{"start":{"line":70,"column":2},"end":{"line":81,"column":3}},{"start":{"line":76,"column":9},"end":{"line":81,"column":3}}]},"1":{"loc":{"start":{"line":84,"column":2},"end":{"line":92,"column":3}},"type":"if","locations":[{"start":{"line":84,"column":2},"end":{"line":92,"column":3}},{"start":{},"end":{}}]},"2":{"loc":{"start":{"line":88,"column":12},"end":{"line":88,"column":78}},"type":"binary-expr","locations":[{"start":{"line":88,"column":12},"end":{"line":88,"column":24}},{"start":{"line":88,"column":28},"end":{"line":88,"column":78}}]},"3":{"loc":{"start":{"line":125,"column":2},"end":{"line":147,"column":3}},"type":"if","locations":[{"start":{"line":125,"column":2},"end":{"line":147,"column":3}},{"start":{},"end":{}}]},"4":{"loc":{"start":{"line":135,"column":25},"end":{"line":135,"column":53}},"type":"binary-expr","locations":[{"start":{"line":135,"column":25},"end":{"line":135,"column":48}},{"start":{"line":135,"column":52},"end":{"line":135,"column":53}}]},"5":{"loc":{"start":{"line":138,"column":14},"end":{"line":138,"column":38}},"type":"binary-expr","locations":[{"start":{"line":138,"column":14},"end":{"line":138,"column":32}},{"start":{"line":138,"column":36},"end":{"line":138,"column":38}}]},"6":{"loc":{"start":{"line":140,"column":17},"end":{"line":140,"column":41}},"type":"binary-expr","locations":[{"start":{"line":140,"column":17},"end":{"line":140,"column":35}},{"start":{"line":140,"column":39},"end":{"line":140,"column":41}}]},"7":{"loc":{"start":{"line":141,"column":22},"end":{"line":141,"column":50}},"type":"binary-expr","locations":[{"start":{"line":141,"column":22},"end":{"line":141,"column":45}},{"start":{"line":141,"column":49},"end":{"line":141,"column":50}}]},"8":{"loc":{"start":{"line":142,"column":27},"end":{"line":142,"column":64}},"type":"binary-expr","locations":[{"start":{"line":142,"column":27},"end":{"line":142,"column":56}},{"start":{"line":142,"column":60},"end":{"line":142,"column":64}}]},"9":{"loc":{"start":{"line":143,"column":20},"end":{"line":143,"column":50}},"type":"binary-expr","locations":[{"start":{"line":143,"column":20},"end":{"line":143,"column":42}},{"start":{"line":143,"column":46},"end":{"line":143,"column":50}}]},"10":{"loc":{"start":{"line":152,"column":2},"end":{"line":159,"column":3}},"type":"if","locations":[{"start":{"line":152,"column":2},"end":{"line":159,"column":3}},{"start":{},"end":{}}]},"11":{"loc":{"start":{"line":165,"column":50},"end":{"line":165,"column":73}},"type":"binary-expr","locations":[{"start":{"line":165,"column":50},"end":{"line":165,"column":65}},{"start":{"line":165,"column":69},"end":{"line":165,"column":73}}]},"12":{"loc":{"start":{"line":175,"column":6},"end":{"line":179,"column":23}},"type":"binary-expr","locations":[{"start":{"line":175,"column":6},"end":{"line":175,"column":17}},{"start":{"line":176,"column":6},"end":{"line":176,"column":17}},{"start":{"line":177,"column":6},"end":{"line":177,"column":17}},{"start":{"line":178,"column":6},"end":{"line":178,"column":28}},{"start":{"line":179,"column":6},"end":{"line":179,"column":23}}]},"13":{"loc":{"start":{"line":183,"column":2},"end":{"line":218,"column":3}},"type":"if","locations":[{"start":{"line":183,"column":2},"end":{"line":218,"column":3}},{"start":{"line":193,"column":9},"end":{"line":218,"column":3}}]},"14":{"loc":{"start":{"line":199,"column":25},"end":{"line":199,"column":57}},"type":"binary-expr","locations":[{"start":{"line":199,"column":25},"end":{"line":199,"column":52}},{"start":{"line":199,"column":56},"end":{"line":199,"column":57}}]},"15":{"loc":{"start":{"line":209,"column":12},"end":{"line":209,"column":78}},"type":"binary-expr","locations":[{"start":{"line":209,"column":12},"end":{"line":209,"column":30}},{"start":{"line":209,"column":34},"end":{"line":209,"column":78}}]},"16":{"loc":{"start":{"line":210,"column":12},"end":{"line":212,"column":10}},"type":"binary-expr","locations":[{"start":{"line":210,"column":12},"end":{"line":210,"column":26}},{"start":{"line":210,"column":30},"end":{"line":212,"column":10}}]},"17":{"loc":{"start":{"line":213,"column":12},"end":{"line":215,"column":10}},"type":"binary-expr","locations":[{"start":{"line":213,"column":12},"end":{"line":213,"column":27}},{"start":{"line":213,"column":31},"end":{"line":215,"column":10}}]}},"s":{"0":4,"1":4,"2":4,"3":4,"4":4,"5":4,"6":4,"7":1,"8":3,"9":4,"10":3,"11":4,"12":4,"13":4,"14":4,"15":4,"16":4,"17":3,"18":3,"19":3,"20":3,"21":3,"22":3,"23":3,"24":3,"25":4,"26":4,"27":0,"28":0,"29":4,"30":1,"31":1,"32":1,"33":1,"34":1,"35":1,"36":4,"37":1,"38":1,"39":3,"40":0,"41":3,"42":3,"43":3,"44":3,"45":4,"46":4,"47":4,"48":4,"49":4,"50":4,"51":4},"f":{"0":4,"1":4,"2":3,"3":3,"4":3,"5":0,"6":1,"7":0,"8":4,"9":4},"b":{"0":[1,3],"1":[3,1],"2":[3,1],"3":[3,1],"4":[3,0],"5":[3,0],"6":[3,0],"7":[3,0],"8":[3,3],"9":[3,3],"10":[0,4],"11":[1,1],"12":[1,1,1,1,1],"13":[1,3],"14":[3,3],"15":[3,0],"16":[3,2],"17":[3,0]}}
,"/Users/azeezabiola/Documents/Development Folder/ell-cakes-backend/custom-resolver/authorizedUser.ts": {"path":"/Users/azeezabiola/Documents/Development Folder/ell-cakes-backend/custom-resolver/authorizedUser.ts","statementMap":{"0":{"start":{"line":2,"column":0},"end":{"line":2,"column":59}},"1":{"start":{"line":10,"column":30},"end":{"line":98,"column":1}},"2":{"start":{"line":15,"column":22},"end":{"line":15,"column":36}},"3":{"start":{"line":16,"column":24},"end":{"line":16,"column":49}},"4":{"start":{"line":19,"column":27},"end":{"line":35,"column":4}},"5":{"start":{"line":37,"column":2},"end":{"line":39,"column":3}},"6":{"start":{"line":38,"column":4},"end":{"line":38,"column":39}},"7":{"start":{"line":41,"column":23},"end":{"line":44,"column":4}},"8":{"start":{"line":46,"column":2},"end":{"line":93,"column":3}},"9":{"start":{"line":49,"column":21},"end":{"line":51,"column":6}},"10":{"start":{"line":55,"column":4},"end":{"line":92,"column":5}},"11":{"start":{"line":57,"column":6},"end":{"line":66,"column":9}},"12":{"start":{"line":61,"column":62},"end":{"line":63,"column":14}},"13":{"start":{"line":70,"column":6},"end":{"line":79,"column":9}},"14":{"start":{"line":76,"column":8},"end":{"line":78,"column":11}},"15":{"start":{"line":83,"column":6},"end":{"line":91,"column":9}},"16":{"start":{"line":95,"column":2},"end":{"line":97,"column":5}},"17":{"start":{"line":10,"column":13},"end":{"line":10,"column":30}}},"fnMap":{"0":{"name":"(anonymous_0)","decl":{"start":{"line":10,"column":30},"end":{"line":10,"column":35}},"loc":{"start":{"line":14,"column":4},"end":{"line":98,"column":1}}},"1":{"name":"(anonymous_1)","decl":{"start":{"line":61,"column":47},"end":{"line":61,"column":48}},"loc":{"start":{"line":61,"column":62},"end":{"line":63,"column":14}}},"2":{"name":"(anonymous_2)","decl":{"start":{"line":75,"column":14},"end":{"line":75,"column":19}},"loc":{"start":{"line":75,"column":25},"end":{"line":79,"column":7}}}},"branchMap":{"0":{"loc":{"start":{"line":37,"column":2},"end":{"line":39,"column":3}},"type":"if","locations":[{"start":{"line":37,"column":2},"end":{"line":39,"column":3}},{"start":{},"end":{}}]},"1":{"loc":{"start":{"line":46,"column":2},"end":{"line":93,"column":3}},"type":"if","locations":[{"start":{"line":46,"column":2},"end":{"line":93,"column":3}},{"start":{},"end":{}}]},"2":{"loc":{"start":{"line":55,"column":4},"end":{"line":92,"column":5}},"type":"if","locations":[{"start":{"line":55,"column":4},"end":{"line":92,"column":5}},{"start":{"line":80,"column":11},"end":{"line":92,"column":5}}]}},"s":{"0":4,"1":4,"2":0,"3":0,"4":0,"5":0,"6":0,"7":0,"8":0,"9":0,"10":0,"11":0,"12":0,"13":0,"14":0,"15":0,"16":0,"17":4},"f":{"0":0,"1":0,"2":0},"b":{"0":[0,0],"1":[0,0],"2":[0,0]}}
,"/Users/azeezabiola/Documents/Development Folder/ell-cakes-backend/custom-resolver/checkOut.ts": {"path":"/Users/azeezabiola/Documents/Development Folder/ell-cakes-backend/custom-resolver/checkOut.ts","statementMap":{"0":{"start":{"line":2,"column":0},"end":{"line":2,"column":36}},"1":{"start":{"line":4,"column":0},"end":{"line":4,"column":40}},"2":{"start":{"line":6,"column":0},"end":{"line":6,"column":59}},"3":{"start":{"line":26,"column":0},"end":{"line":26,"column":null}},"4":{"start":{"line":27,"column":2},"end":{"line":27,"column":null}},"5":{"start":{"line":28,"column":2},"end":{"line":28,"column":null}},"6":{"start":{"line":31,"column":24},"end":{"line":212,"column":1}},"7":{"start":{"line":41,"column":23},"end":{"line":41,"column":49}},"8":{"start":{"line":44,"column":2},"end":{"line":46,"column":3}},"9":{"start":{"line":45,"column":4},"end":{"line":45,"column":68}},"10":{"start":{"line":48,"column":19},"end":{"line":48,"column":49}},"11":{"start":{"line":51,"column":23},"end":{"line":57,"column":4}},"12":{"start":{"line":59,"column":2},"end":{"line":88,"column":3}},"13":{"start":{"line":60,"column":42},"end":{"line":73,"column":6}},"14":{"start":{"line":74,"column":27},"end":{"line":76,"column":null}},"15":{"start":{"line":78,"column":4},"end":{"line":87,"column":7}},"16":{"start":{"line":93,"column":19},"end":{"line":93,"column":55}},"17":{"start":{"line":94,"column":17},"end":{"line":94,"column":44}},"18":{"start":{"line":95,"column":22},"end":{"line":95,"column":39}},"19":{"start":{"line":98,"column":16},"end":{"line":105,"column":4}},"20":{"start":{"line":108,"column":2},"end":{"line":110,"column":3}},"21":{"start":{"line":109,"column":4},"end":{"line":109,"column":65}},"22":{"start":{"line":113,"column":22},"end":{"line":113,"column":58}},"23":{"start":{"line":114,"column":40},"end":{"line":127,"column":4}},"24":{"start":{"line":130,"column":25},"end":{"line":130,"column":78}},"25":{"start":{"line":133,"column":21},"end":{"line":151,"column":4}},"26":{"start":{"line":134,"column":17},"end":{"line":149,"column":6}},"27":{"start":{"line":150,"column":4},"end":{"line":150,"column":16}},"28":{"start":{"line":154,"column":26},"end":{"line":156,"column":4}},"29":{"start":{"line":159,"column":19},"end":{"line":170,"column":4}},"30":{"start":{"line":174,"column":20},"end":{"line":174,"column":34}},"31":{"start":{"line":175,"column":2},"end":{"line":191,"column":3}},"32":{"start":{"line":177,"column":6},"end":{"line":177,"column":75}},"33":{"start":{"line":178,"column":4},"end":{"line":190,"column":5}},"34":{"start":{"line":179,"column":6},"end":{"line":181,"column":7}},"35":{"start":{"line":180,"column":8},"end":{"line":180,"column":17}},"36":{"start":{"line":182,"column":6},"end":{"line":189,"column":9}},"37":{"start":{"line":183,"column":8},"end":{"line":188,"column":11}},"38":{"start":{"line":194,"column":2},"end":{"line":196,"column":5}},"39":{"start":{"line":199,"column":18},"end":{"line":209,"column":4}},"40":{"start":{"line":211,"column":2},"end":{"line":211,"column":17}},"41":{"start":{"line":31,"column":13},"end":{"line":31,"column":24}}},"fnMap":{"0":{"name":"(anonymous_1)","decl":{"start":{"line":26,"column":0},"end":{"line":26,"column":12}},"loc":{"start":{"line":26,"column":25},"end":{"line":29,"column":1}}},"1":{"name":"(anonymous_2)","decl":{"start":{"line":31,"column":24},"end":{"line":31,"column":29}},"loc":{"start":{"line":40,"column":4},"end":{"line":212,"column":1}}},"2":{"name":"(anonymous_3)","decl":{"start":{"line":133,"column":40},"end":{"line":133,"column":41}},"loc":{"start":{"line":133,"column":53},"end":{"line":151,"column":3}}},"3":{"name":"(anonymous_4)","decl":{"start":{"line":182,"column":45},"end":{"line":182,"column":50}},"loc":{"start":{"line":182,"column":63},"end":{"line":189,"column":7}}}},"branchMap":{"0":{"loc":{"start":{"line":26,"column":12},"end":{"line":26,"column":null}},"type":"binary-expr","locations":[{"start":{"line":26,"column":12},"end":{"line":26,"column":25}},{"start":{"line":26,"column":25},"end":{"line":26,"column":null}}]},"1":{"loc":{"start":{"line":44,"column":2},"end":{"line":46,"column":3}},"type":"if","locations":[{"start":{"line":44,"column":2},"end":{"line":46,"column":3}},{"start":{},"end":{}}]},"2":{"loc":{"start":{"line":59,"column":2},"end":{"line":88,"column":3}},"type":"if","locations":[{"start":{"line":59,"column":2},"end":{"line":88,"column":3}},{"start":{},"end":{}}]},"3":{"loc":{"start":{"line":108,"column":2},"end":{"line":110,"column":3}},"type":"if","locations":[{"start":{"line":108,"column":2},"end":{"line":110,"column":3}},{"start":{},"end":{}}]},"4":{"loc":{"start":{"line":140,"column":10},"end":{"line":142,"column":8}},"type":"binary-expr","locations":[{"start":{"line":140,"column":10},"end":{"line":140,"column":32}},{"start":{"line":140,"column":36},"end":{"line":142,"column":8}}]},"5":{"loc":{"start":{"line":143,"column":10},"end":{"line":145,"column":8}},"type":"binary-expr","locations":[{"start":{"line":143,"column":10},"end":{"line":143,"column":38}},{"start":{"line":143,"column":42},"end":{"line":145,"column":8}}]},"6":{"loc":{"start":{"line":146,"column":10},"end":{"line":148,"column":8}},"type":"binary-expr","locations":[{"start":{"line":146,"column":10},"end":{"line":146,"column":41}},{"start":{"line":146,"column":45},"end":{"line":148,"column":8}}]},"7":{"loc":{"start":{"line":168,"column":10},"end":{"line":168,"column":48}},"type":"binary-expr","locations":[{"start":{"line":168,"column":10},"end":{"line":168,"column":22}},{"start":{"line":168,"column":26},"end":{"line":168,"column":48}}]},"8":{"loc":{"start":{"line":179,"column":6},"end":{"line":181,"column":7}},"type":"if","locations":[{"start":{"line":179,"column":6},"end":{"line":181,"column":7}},{"start":{},"end":{}}]}},"s":{"0":4,"1":4,"2":4,"3":4,"4":4,"5":4,"6":4,"7":1,"8":1,"9":0,"10":1,"11":1,"12":1,"13":0,"14":0,"15":0,"16":1,"17":1,"18":1,"19":1,"20":1,"21":0,"22":1,"23":1,"24":1,"25":1,"26":1,"27":1,"28":1,"29":1,"30":1,"31":1,"32":1,"33":1,"34":1,"35":1,"36":0,"37":0,"38":1,"39":1,"40":1,"41":4},"f":{"0":4,"1":1,"2":1,"3":0},"b":{"0":[4,4],"1":[0,1],"2":[0,1],"3":[0,1],"4":[1,0],"5":[1,0],"6":[1,1],"7":[1,0],"8":[1,0]}}
,"/Users/azeezabiola/Documents/Development Folder/ell-cakes-backend/custom-resolver/confirmPayment.ts": {"path":"/Users/azeezabiola/Documents/Development Folder/ell-cakes-backend/custom-resolver/confirmPayment.ts","statementMap":{"0":{"start":{"line":3,"column":0},"end":{"line":3,"column":36}},"1":{"start":{"line":5,"column":0},"end":{"line":5,"column":59}},"2":{"start":{"line":16,"column":30},"end":{"line":97,"column":1}},"3":{"start":{"line":17,"column":30},"end":{"line":17,"column":34}},"4":{"start":{"line":18,"column":22},"end":{"line":18,"column":36}},"5":{"start":{"line":19,"column":2},"end":{"line":21,"column":3}},"6":{"start":{"line":20,"column":4},"end":{"line":20,"column":11}},"7":{"start":{"line":22,"column":19},"end":{"line":22,"column":49}},"8":{"start":{"line":23,"column":2},"end":{"line":96,"column":3}},"9":{"start":{"line":24,"column":20},"end":{"line":24,"column":76}},"10":{"start":{"line":25,"column":4},"end":{"line":27,"column":5}},"11":{"start":{"line":26,"column":6},"end":{"line":26,"column":13}},"12":{"start":{"line":28,"column":4},"end":{"line":92,"column":5}},"13":{"start":{"line":30,"column":28},"end":{"line":36,"column":8}},"14":{"start":{"line":38,"column":21},"end":{"line":41,"column":8}},"15":{"start":{"line":44,"column":30},"end":{"line":44,"column":38}},"16":{"start":{"line":45,"column":45},"end":{"line":73,"column":8}},"17":{"start":{"line":55,"column":10},"end":{"line":65,"column":12}},"18":{"start":{"line":94,"column":4},"end":{"line":94,"column":23}},"19":{"start":{"line":95,"column":4},"end":{"line":95,"column":11}},"20":{"start":{"line":16,"column":13},"end":{"line":16,"column":30}}},"fnMap":{"0":{"name":"(anonymous_1)","decl":{"start":{"line":16,"column":30},"end":{"line":16,"column":35}},"loc":{"start":{"line":16,"column":78},"end":{"line":97,"column":1}}},"1":{"name":"(anonymous_2)","decl":{"start":{"line":54,"column":36},"end":{"line":54,"column":37}},"loc":{"start":{"line":54,"column":50},"end":{"line":66,"column":9}}}},"branchMap":{"0":{"loc":{"start":{"line":19,"column":2},"end":{"line":21,"column":3}},"type":"if","locations":[{"start":{"line":19,"column":2},"end":{"line":21,"column":3}},{"start":{},"end":{}}]},"1":{"loc":{"start":{"line":25,"column":4},"end":{"line":27,"column":5}},"type":"if","locations":[{"start":{"line":25,"column":4},"end":{"line":27,"column":5}},{"start":{},"end":{}}]},"2":{"loc":{"start":{"line":28,"column":4},"end":{"line":92,"column":5}},"type":"if","locations":[{"start":{"line":28,"column":4},"end":{"line":92,"column":5}},{"start":{},"end":{}}]},"3":{"loc":{"start":{"line":56,"column":25},"end":{"line":56,"column":54}},"type":"binary-expr","locations":[{"start":{"line":56,"column":25},"end":{"line":56,"column":48}},{"start":{"line":56,"column":52},"end":{"line":56,"column":54}}]}},"s":{"0":4,"1":4,"2":4,"3":0,"4":0,"5":0,"6":0,"7":0,"8":0,"9":0,"10":0,"11":0,"12":0,"13":0,"14":0,"15":0,"16":0,"17":0,"18":0,"19":0,"20":4},"f":{"0":0,"1":0},"b":{"0":[0,0],"1":[0,0],"2":[0,0],"3":[0,0]}}
,"/Users/azeezabiola/Documents/Development Folder/ell-cakes-backend/custom-resolver/increaseCartItem.ts": {"path":"/Users/azeezabiola/Documents/Development Folder/ell-cakes-backend/custom-resolver/increaseCartItem.ts","statementMap":{"0":{"start":{"line":4,"column":0},"end":{"line":4,"column":59}},"1":{"start":{"line":10,"column":32},"end":{"line":79,"column":1}},"2":{"start":{"line":15,"column":34},"end":{"line":15,"column":38}},"3":{"start":{"line":17,"column":23},"end":{"line":17,"column":49}},"4":{"start":{"line":18,"column":24},"end":{"line":18,"column":49}},"5":{"start":{"line":20,"column":2},"end":{"line":30,"column":3}},"6":{"start":{"line":21,"column":4},"end":{"line":24,"column":7}},"7":{"start":{"line":26,"column":4},"end":{"line":29,"column":7}},"8":{"start":{"line":33,"column":2},"end":{"line":35,"column":3}},"9":{"start":{"line":34,"column":4},"end":{"line":34,"column":56}},"10":{"start":{"line":37,"column":29},"end":{"line":38,"column":null}},"11":{"start":{"line":38,"column":14},"end":{"line":38,"column":36}},"12":{"start":{"line":41,"column":2},"end":{"line":51,"column":3}},"13":{"start":{"line":42,"column":27},"end":{"line":42,"column":66}},"14":{"start":{"line":43,"column":4},"end":{"line":50,"column":7}},"15":{"start":{"line":54,"column":2},"end":{"line":74,"column":4}},"16":{"start":{"line":56,"column":24},"end":{"line":58,"column":8}},"17":{"start":{"line":60,"column":27},"end":{"line":62,"column":null}},"18":{"start":{"line":61,"column":23},"end":{"line":61,"column":50}},"19":{"start":{"line":65,"column":6},"end":{"line":71,"column":9}},"20":{"start":{"line":76,"column":2},"end":{"line":78,"column":5}},"21":{"start":{"line":10,"column":13},"end":{"line":10,"column":32}}},"fnMap":{"0":{"name":"(anonymous_0)","decl":{"start":{"line":10,"column":32},"end":{"line":10,"column":37}},"loc":{"start":{"line":14,"column":4},"end":{"line":79,"column":1}}},"1":{"name":"(anonymous_1)","decl":{"start":{"line":38,"column":4},"end":{"line":38,"column":5}},"loc":{"start":{"line":38,"column":14},"end":{"line":38,"column":36}}},"2":{"name":"(anonymous_2)","decl":{"start":{"line":55,"column":4},"end":{"line":55,"column":9}},"loc":{"start":{"line":55,"column":17},"end":{"line":72,"column":5}}},"3":{"name":"(anonymous_3)","decl":{"start":{"line":61,"column":8},"end":{"line":61,"column":9}},"loc":{"start":{"line":61,"column":23},"end":{"line":61,"column":50}}}},"branchMap":{"0":{"loc":{"start":{"line":20,"column":2},"end":{"line":30,"column":3}},"type":"if","locations":[{"start":{"line":20,"column":2},"end":{"line":30,"column":3}},{"start":{"line":25,"column":9},"end":{"line":30,"column":3}}]},"1":{"loc":{"start":{"line":33,"column":2},"end":{"line":35,"column":3}},"type":"if","locations":[{"start":{"line":33,"column":2},"end":{"line":35,"column":3}},{"start":{},"end":{}}]},"2":{"loc":{"start":{"line":41,"column":2},"end":{"line":51,"column":3}},"type":"if","locations":[{"start":{"line":41,"column":2},"end":{"line":51,"column":3}},{"start":{},"end":{}}]}},"s":{"0":4,"1":4,"2":0,"3":0,"4":0,"5":0,"6":0,"7":0,"8":0,"9":0,"10":0,"11":0,"12":0,"13":0,"14":0,"15":0,"16":0,"17":0,"18":0,"19":0,"20":0,"21":4},"f":{"0":0,"1":0,"2":0,"3":0},"b":{"0":[0,0],"1":[0,0],"2":[0,0]}}
,"/Users/azeezabiola/Documents/Development Folder/ell-cakes-backend/custom-resolver/index.ts": {"path":"/Users/azeezabiola/Documents/Development Folder/ell-cakes-backend/custom-resolver/index.ts","statementMap":{"0":{"start":{"line":2,"column":0},"end":{"line":2,"column":53}},"1":{"start":{"line":3,"column":0},"end":{"line":3,"column":68}},"2":{"start":{"line":4,"column":0},"end":{"line":4,"column":40}},"3":{"start":{"line":5,"column":0},"end":{"line":5,"column":50}},"4":{"start":{"line":6,"column":0},"end":{"line":6,"column":38}},"5":{"start":{"line":7,"column":0},"end":{"line":7,"column":46}},"6":{"start":{"line":8,"column":0},"end":{"line":8,"column":50}},"7":{"start":{"line":9,"column":0},"end":{"line":9,"column":68}},"8":{"start":{"line":10,"column":0},"end":{"line":10,"column":70}},"9":{"start":{"line":11,"column":0},"end":{"line":11,"column":54}},"10":{"start":{"line":12,"column":0},"end":{"line":12,"column":40}},"11":{"start":{"line":14,"column":37},"end":{"line":77,"column":1}},"12":{"start":{"line":15,"column":2},"end":{"line":76,"column":5}},"13":{"start":{"line":14,"column":13},"end":{"line":14,"column":37}}},"fnMap":{"0":{"name":"(anonymous_0)","decl":{"start":{"line":14,"column":37},"end":{"line":14,"column":38}},"loc":{"start":{"line":14,"column":67},"end":{"line":77,"column":1}}}},"branchMap":{},"s":{"0":4,"1":4,"2":4,"3":4,"4":4,"5":4,"6":4,"7":4,"8":4,"9":4,"10":4,"11":4,"12":8,"13":4},"f":{"0":8},"b":{}}
,"/Users/azeezabiola/Documents/Development Folder/ell-cakes-backend/custom-resolver/queryCart.ts": {"path":"/Users/azeezabiola/Documents/Development Folder/ell-cakes-backend/custom-resolver/queryCart.ts","statementMap":{"0":{"start":{"line":2,"column":0},"end":{"line":2,"column":59}},"1":{"start":{"line":5,"column":25},"end":{"line":20,"column":1}},"2":{"start":{"line":6,"column":22},"end":{"line":6,"column":36}},"3":{"start":{"line":7,"column":23},"end":{"line":7,"column":49}},"4":{"start":{"line":8,"column":24},"end":{"line":8,"column":49}},"5":{"start":{"line":10,"column":2},"end":{"line":18,"column":3}},"6":{"start":{"line":11,"column":4},"end":{"line":13,"column":7}},"7":{"start":{"line":14,"column":9},"end":{"line":18,"column":3}},"8":{"start":{"line":15,"column":4},"end":{"line":17,"column":7}},"9":{"start":{"line":19,"column":2},"end":{"line":19,"column":14}},"10":{"start":{"line":5,"column":13},"end":{"line":5,"column":25}}},"fnMap":{"0":{"name":"(anonymous_0)","decl":{"start":{"line":5,"column":25},"end":{"line":5,"column":30}},"loc":{"start":{"line":5,"column":73},"end":{"line":20,"column":1}}}},"branchMap":{"0":{"loc":{"start":{"line":10,"column":2},"end":{"line":18,"column":3}},"type":"if","locations":[{"start":{"line":10,"column":2},"end":{"line":18,"column":3}},{"start":{"line":14,"column":9},"end":{"line":18,"column":3}}]},"1":{"loc":{"start":{"line":14,"column":9},"end":{"line":18,"column":3}},"type":"if","locations":[{"start":{"line":14,"column":9},"end":{"line":18,"column":3}},{"start":{},"end":{}}]}},"s":{"0":4,"1":4,"2":0,"3":0,"4":0,"5":0,"6":0,"7":0,"8":0,"9":0,"10":4},"f":{"0":0},"b":{"0":[0,0],"1":[0,0]}}
,"/Users/azeezabiola/Documents/Development Folder/ell-cakes-backend/custom-resolver/registerUser.ts": {"path":"/Users/azeezabiola/Documents/Development Folder/ell-cakes-backend/custom-resolver/registerUser.ts","statementMap":{"0":{"start":{"line":2,"column":0},"end":{"line":2,"column":59}},"1":{"start":{"line":13,"column":28},"end":{"line":79,"column":1}},"2":{"start":{"line":18,"column":22},"end":{"line":18,"column":36}},"3":{"start":{"line":19,"column":24},"end":{"line":19,"column":49}},"4":{"start":{"line":22,"column":22},"end":{"line":24,"column":4}},"5":{"start":{"line":26,"column":2},"end":{"line":28,"column":3}},"6":{"start":{"line":27,"column":4},"end":{"line":27,"column":76}},"7":{"start":{"line":31,"column":18},"end":{"line":35,"column":4}},"8":{"start":{"line":38,"column":27},"end":{"line":54,"column":4}},"9":{"start":{"line":56,"column":2},"end":{"line":58,"column":3}},"10":{"start":{"line":57,"column":4},"end":{"line":57,"column":39}},"11":{"start":{"line":60,"column":22},"end":{"line":62,"column":4}},"12":{"start":{"line":64,"column":2},"end":{"line":74,"column":3}},"13":{"start":{"line":65,"column":4},"end":{"line":73,"column":7}},"14":{"start":{"line":76,"column":2},"end":{"line":78,"column":5}},"15":{"start":{"line":13,"column":13},"end":{"line":13,"column":28}}},"fnMap":{"0":{"name":"(anonymous_0)","decl":{"start":{"line":13,"column":28},"end":{"line":13,"column":33}},"loc":{"start":{"line":17,"column":4},"end":{"line":79,"column":1}}}},"branchMap":{"0":{"loc":{"start":{"line":26,"column":2},"end":{"line":28,"column":3}},"type":"if","locations":[{"start":{"line":26,"column":2},"end":{"line":28,"column":3}},{"start":{},"end":{}}]},"1":{"loc":{"start":{"line":56,"column":2},"end":{"line":58,"column":3}},"type":"if","locations":[{"start":{"line":56,"column":2},"end":{"line":58,"column":3}},{"start":{},"end":{}}]},"2":{"loc":{"start":{"line":64,"column":2},"end":{"line":74,"column":3}},"type":"if","locations":[{"start":{"line":64,"column":2},"end":{"line":74,"column":3}},{"start":{},"end":{}}]}},"s":{"0":4,"1":4,"2":0,"3":0,"4":0,"5":0,"6":0,"7":0,"8":0,"9":0,"10":0,"11":0,"12":0,"13":0,"14":0,"15":4},"f":{"0":0},"b":{"0":[0,0],"1":[0,0],"2":[0,0]}}
,"/Users/azeezabiola/Documents/Development Folder/ell-cakes-backend/custom-resolver/removeFromCart.ts": {"path":"/Users/azeezabiola/Documents/Development Folder/ell-cakes-backend/custom-resolver/removeFromCart.ts","statementMap":{"0":{"start":{"line":4,"column":0},"end":{"line":4,"column":59}},"1":{"start":{"line":10,"column":30},"end":{"line":95,"column":1}},"2":{"start":{"line":15,"column":34},"end":{"line":15,"column":38}},"3":{"start":{"line":17,"column":23},"end":{"line":17,"column":49}},"4":{"start":{"line":18,"column":24},"end":{"line":18,"column":49}},"5":{"start":{"line":20,"column":2},"end":{"line":30,"column":3}},"6":{"start":{"line":21,"column":4},"end":{"line":24,"column":7}},"7":{"start":{"line":26,"column":4},"end":{"line":29,"column":7}},"8":{"start":{"line":33,"column":2},"end":{"line":35,"column":3}},"9":{"start":{"line":34,"column":4},"end":{"line":34,"column":56}},"10":{"start":{"line":38,"column":35},"end":{"line":39,"column":null}},"11":{"start":{"line":39,"column":14},"end":{"line":39,"column":36}},"12":{"start":{"line":42,"column":2},"end":{"line":58,"column":3}},"13":{"start":{"line":43,"column":27},"end":{"line":43,"column":72}},"14":{"start":{"line":44,"column":4},"end":{"line":57,"column":5}},"15":{"start":{"line":45,"column":6},"end":{"line":47,"column":9}},"16":{"start":{"line":49,"column":6},"end":{"line":56,"column":9}},"17":{"start":{"line":62,"column":22},"end":{"line":65,"column":4}},"18":{"start":{"line":67,"column":2},"end":{"line":90,"column":3}},"19":{"start":{"line":68,"column":4},"end":{"line":68,"column":71}},"20":{"start":{"line":71,"column":4},"end":{"line":89,"column":6}},"21":{"start":{"line":73,"column":26},"end":{"line":75,"column":10}},"22":{"start":{"line":76,"column":29},"end":{"line":78,"column":null}},"23":{"start":{"line":77,"column":25},"end":{"line":77,"column":52}},"24":{"start":{"line":80,"column":8},"end":{"line":86,"column":11}},"25":{"start":{"line":92,"column":2},"end":{"line":94,"column":5}},"26":{"start":{"line":10,"column":13},"end":{"line":10,"column":30}}},"fnMap":{"0":{"name":"(anonymous_0)","decl":{"start":{"line":10,"column":30},"end":{"line":10,"column":35}},"loc":{"start":{"line":14,"column":4},"end":{"line":95,"column":1}}},"1":{"name":"(anonymous_1)","decl":{"start":{"line":39,"column":4},"end":{"line":39,"column":5}},"loc":{"start":{"line":39,"column":14},"end":{"line":39,"column":36}}},"2":{"name":"(anonymous_2)","decl":{"start":{"line":72,"column":6},"end":{"line":72,"column":11}},"loc":{"start":{"line":72,"column":19},"end":{"line":87,"column":7}}},"3":{"name":"(anonymous_3)","decl":{"start":{"line":77,"column":10},"end":{"line":77,"column":11}},"loc":{"start":{"line":77,"column":25},"end":{"line":77,"column":52}}}},"branchMap":{"0":{"loc":{"start":{"line":20,"column":2},"end":{"line":30,"column":3}},"type":"if","locations":[{"start":{"line":20,"column":2},"end":{"line":30,"column":3}},{"start":{"line":25,"column":9},"end":{"line":30,"column":3}}]},"1":{"loc":{"start":{"line":33,"column":2},"end":{"line":35,"column":3}},"type":"if","locations":[{"start":{"line":33,"column":2},"end":{"line":35,"column":3}},{"start":{},"end":{}}]},"2":{"loc":{"start":{"line":42,"column":2},"end":{"line":58,"column":3}},"type":"if","locations":[{"start":{"line":42,"column":2},"end":{"line":58,"column":3}},{"start":{},"end":{}}]},"3":{"loc":{"start":{"line":44,"column":4},"end":{"line":57,"column":5}},"type":"if","locations":[{"start":{"line":44,"column":4},"end":{"line":57,"column":5}},{"start":{"line":48,"column":11},"end":{"line":57,"column":5}}]},"4":{"loc":{"start":{"line":67,"column":2},"end":{"line":90,"column":3}},"type":"if","locations":[{"start":{"line":67,"column":2},"end":{"line":90,"column":3}},{"start":{"line":69,"column":9},"end":{"line":90,"column":3}}]}},"s":{"0":4,"1":4,"2":1,"3":1,"4":1,"5":1,"6":0,"7":1,"8":1,"9":0,"10":1,"11":1,"12":1,"13":1,"14":1,"15":1,"16":0,"17":1,"18":1,"19":0,"20":1,"21":1,"22":1,"23":0,"24":1,"25":1,"26":4},"f":{"0":1,"1":1,"2":1,"3":0},"b":{"0":[0,1],"1":[0,1],"2":[1,0],"3":[1,0],"4":[0,1]}}
,"/Users/azeezabiola/Documents/Development Folder/ell-cakes-backend/custom-resolver/resendVerificationToken.ts": {"path":"/Users/azeezabiola/Documents/Development Folder/ell-cakes-backend/custom-resolver/resendVerificationToken.ts","statementMap":{"0":{"start":{"line":2,"column":0},"end":{"line":2,"column":71}},"1":{"start":{"line":4,"column":39},"end":{"line":26,"column":1}},"2":{"start":{"line":10,"column":20},"end":{"line":10,"column":35}},"3":{"start":{"line":11,"column":2},"end":{"line":13,"column":3}},"4":{"start":{"line":12,"column":4},"end":{"line":12,"column":75}},"5":{"start":{"line":15,"column":15},"end":{"line":17,"column":4}},"6":{"start":{"line":18,"column":2},"end":{"line":20,"column":3}},"7":{"start":{"line":19,"column":4},"end":{"line":19,"column":66}},"8":{"start":{"line":23,"column":2},"end":{"line":23,"column":61}},"9":{"start":{"line":25,"column":2},"end":{"line":25,"column":23}},"10":{"start":{"line":4,"column":13},"end":{"line":4,"column":39}}},"fnMap":{"0":{"name":"(anonymous_0)","decl":{"start":{"line":4,"column":39},"end":{"line":4,"column":44}},"loc":{"start":{"line":8,"column":4},"end":{"line":26,"column":1}}}},"branchMap":{"0":{"loc":{"start":{"line":11,"column":2},"end":{"line":13,"column":3}},"type":"if","locations":[{"start":{"line":11,"column":2},"end":{"line":13,"column":3}},{"start":{},"end":{}}]},"1":{"loc":{"start":{"line":18,"column":2},"end":{"line":20,"column":3}},"type":"if","locations":[{"start":{"line":18,"column":2},"end":{"line":20,"column":3}},{"start":{},"end":{}}]}},"s":{"0":4,"1":4,"2":0,"3":0,"4":0,"5":0,"6":0,"7":0,"8":0,"9":0,"10":4},"f":{"0":0},"b":{"0":[0,0],"1":[0,0]}}
,"/Users/azeezabiola/Documents/Development Folder/ell-cakes-backend/custom-resolver/uploadImageCustomization.ts": {"path":"/Users/azeezabiola/Documents/Development Folder/ell-cakes-backend/custom-resolver/uploadImageCustomization.ts","statementMap":{"0":{"start":{"line":2,"column":0},"end":{"line":2,"column":46}},"1":{"start":{"line":3,"column":0},"end":{"line":3,"column":26}},"2":{"start":{"line":4,"column":0},"end":{"line":4,"column":39}},"3":{"start":{"line":5,"column":0},"end":{"line":5,"column":34}},"4":{"start":{"line":8,"column":40},"end":{"line":38,"column":1}},"5":{"start":{"line":13,"column":22},"end":{"line":13,"column":36}},"6":{"start":{"line":14,"column":32},"end":{"line":14,"column":34}},"7":{"start":{"line":16,"column":2},"end":{"line":31,"column":3}},"8":{"start":{"line":17,"column":24},"end":{"line":17,"column":34}},"9":{"start":{"line":19,"column":22},"end":{"line":19,"column":60}},"10":{"start":{"line":21,"column":19},"end":{"line":21,"column":31}},"11":{"start":{"line":22,"column":4},"end":{"line":22,"column":30}},"12":{"start":{"line":24,"column":21},"end":{"line":29,"column":6}},"13":{"start":{"line":30,"column":4},"end":{"line":30,"column":34}},"14":{"start":{"line":33,"column":2},"end":{"line":37,"column":5}},"15":{"start":{"line":8,"column":13},"end":{"line":8,"column":40}},"16":{"start":{"line":41,"column":2},"end":{"line":48,"column":5}},"17":{"start":{"line":42,"column":29},"end":{"line":42,"column":31}},"18":{"start":{"line":43,"column":4},"end":{"line":45,"column":6}},"19":{"start":{"line":44,"column":6},"end":{"line":44,"column":70}},"20":{"start":{"line":46,"column":4},"end":{"line":46,"column":59}},"21":{"start":{"line":46,"column":27},"end":{"line":46,"column":57}},"22":{"start":{"line":47,"column":4},"end":{"line":47,"column":45}},"23":{"start":{"line":47,"column":32},"end":{"line":47,"column":43}},"24":{"start":{"line":52,"column":17},"end":{"line":52,"column":72}},"25":{"start":{"line":53,"column":17},"end":{"line":53,"column":45}},"26":{"start":{"line":55,"column":19},"end":{"line":55,"column":58}},"27":{"start":{"line":57,"column":2},"end":{"line":77,"column":3}},"28":{"start":{"line":58,"column":26},"end":{"line":62,"column":6}},"29":{"start":{"line":63,"column":28},"end":{"line":63,"column":54}},"30":{"start":{"line":64,"column":4},"end":{"line":69,"column":6}},"31":{"start":{"line":65,"column":30},"end":{"line":65,"column":60}},"32":{"start":{"line":71,"column":4},"end":{"line":76,"column":6}},"33":{"start":{"line":72,"column":30},"end":{"line":72,"column":60}}},"fnMap":{"0":{"name":"(anonymous_1)","decl":{"start":{"line":8,"column":40},"end":{"line":8,"column":45}},"loc":{"start":{"line":12,"column":4},"end":{"line":38,"column":1}}},"1":{"name":"streamToBuffer","decl":{"start":{"line":40,"column":9},"end":{"line":40,"column":23}},"loc":{"start":{"line":40,"column":53},"end":{"line":49,"column":1}}},"2":{"name":"(anonymous_3)","decl":{"start":{"line":41,"column":21},"end":{"line":41,"column":22}},"loc":{"start":{"line":41,"column":41},"end":{"line":48,"column":3}}},"3":{"name":"(anonymous_4)","decl":{"start":{"line":43,"column":22},"end":{"line":43,"column":23}},"loc":{"start":{"line":44,"column":6},"end":{"line":44,"column":70}}},"4":{"name":"(anonymous_5)","decl":{"start":{"line":46,"column":21},"end":{"line":46,"column":24}},"loc":{"start":{"line":46,"column":27},"end":{"line":46,"column":57}}},"5":{"name":"(anonymous_6)","decl":{"start":{"line":47,"column":23},"end":{"line":47,"column":24}},"loc":{"start":{"line":47,"column":32},"end":{"line":47,"column":43}}},"6":{"name":"processUploadImages","decl":{"start":{"line":51,"column":15},"end":{"line":51,"column":34}},"loc":{"start":{"line":51,"column":54},"end":{"line":78,"column":1}}},"7":{"name":"(anonymous_8)","decl":{"start":{"line":65,"column":24},"end":{"line":65,"column":27}},"loc":{"start":{"line":65,"column":30},"end":{"line":65,"column":60}}},"8":{"name":"(anonymous_9)","decl":{"start":{"line":72,"column":24},"end":{"line":72,"column":27}},"loc":{"start":{"line":72,"column":30},"end":{"line":72,"column":60}}}},"branchMap":{"0":{"loc":{"start":{"line":44,"column":18},"end":{"line":44,"column":69}},"type":"cond-expr","locations":[{"start":{"line":44,"column":43},"end":{"line":44,"column":48}},{"start":{"line":44,"column":51},"end":{"line":44,"column":69}}]},"1":{"loc":{"start":{"line":57,"column":2},"end":{"line":77,"column":3}},"type":"if","locations":[{"start":{"line":57,"column":2},"end":{"line":77,"column":3}},{"start":{"line":70,"column":9},"end":{"line":77,"column":3}}]}},"s":{"0":4,"1":4,"2":4,"3":4,"4":4,"5":0,"6":0,"7":0,"8":0,"9":0,"10":0,"11":0,"12":0,"13":0,"14":0,"15":4,"16":0,"17":0,"18":0,"19":0,"20":0,"21":0,"22":0,"23":0,"24":0,"25":0,"26":0,"27":0,"28":0,"29":0,"30":0,"31":0,"32":0,"33":0},"f":{"0":0,"1":0,"2":0,"3":0,"4":0,"5":0,"6":0,"7":0,"8":0},"b":{"0":[0,0],"1":[0,0]}}
,"/Users/azeezabiola/Documents/Development Folder/ell-cakes-backend/custom-resolver/verifyUserByPhoneNumber.ts": {"path":"/Users/azeezabiola/Documents/Development Folder/ell-cakes-backend/custom-resolver/verifyUserByPhoneNumber.ts","statementMap":{"0":{"start":{"line":1,"column":0},"end":{"line":1,"column":30}},"1":{"start":{"line":4,"column":39},"end":{"line":49,"column":1}},"2":{"start":{"line":9,"column":15},"end":{"line":11,"column":4}},"3":{"start":{"line":14,"column":2},"end":{"line":16,"column":3}},"4":{"start":{"line":15,"column":4},"end":{"line":15,"column":66}},"5":{"start":{"line":19,"column":16},"end":{"line":19,"column":76}},"6":{"start":{"line":20,"column":2},"end":{"line":22,"column":3}},"7":{"start":{"line":21,"column":4},"end":{"line":21,"column":37}},"8":{"start":{"line":25,"column":19},"end":{"line":25,"column":55}},"9":{"start":{"line":26,"column":21},"end":{"line":26,"column":35}},"10":{"start":{"line":27,"column":2},"end":{"line":29,"column":3}},"11":{"start":{"line":28,"column":4},"end":{"line":28,"column":37}},"12":{"start":{"line":30,"column":2},"end":{"line":44,"column":3}},"13":{"start":{"line":31,"column":4},"end":{"line":40,"column":7}},"14":{"start":{"line":43,"column":4},"end":{"line":43,"column":35}},"15":{"start":{"line":45,"column":2},"end":{"line":48,"column":4}},"16":{"start":{"line":4,"column":13},"end":{"line":4,"column":39}}},"fnMap":{"0":{"name":"(anonymous_1)","decl":{"start":{"line":4,"column":39},"end":{"line":4,"column":44}},"loc":{"start":{"line":8,"column":4},"end":{"line":49,"column":1}}}},"branchMap":{"0":{"loc":{"start":{"line":14,"column":2},"end":{"line":16,"column":3}},"type":"if","locations":[{"start":{"line":14,"column":2},"end":{"line":16,"column":3}},{"start":{},"end":{}}]},"1":{"loc":{"start":{"line":20,"column":2},"end":{"line":22,"column":3}},"type":"if","locations":[{"start":{"line":20,"column":2},"end":{"line":22,"column":3}},{"start":{},"end":{}}]},"2":{"loc":{"start":{"line":27,"column":2},"end":{"line":29,"column":3}},"type":"if","locations":[{"start":{"line":27,"column":2},"end":{"line":29,"column":3}},{"start":{},"end":{}}]},"3":{"loc":{"start":{"line":27,"column":6},"end":{"line":27,"column":72}},"type":"binary-expr","locations":[{"start":{"line":27,"column":6},"end":{"line":27,"column":14}},{"start":{"line":27,"column":18},"end":{"line":27,"column":72}}]}},"s":{"0":4,"1":4,"2":0,"3":0,"4":0,"5":0,"6":0,"7":0,"8":0,"9":0,"10":0,"11":0,"12":0,"13":0,"14":0,"15":0,"16":4},"f":{"0":0},"b":{"0":[0,0],"1":[0,0],"2":[0,0],"3":[0,0]}}
,"/Users/azeezabiola/Documents/Development Folder/ell-cakes-backend/lib/getSecret.ts": {"path":"/Users/azeezabiola/Documents/Development Folder/ell-cakes-backend/lib/getSecret.ts","statementMap":{"0":{"start":{"line":1,"column":0},"end":{"line":1,"column":25}},"1":{"start":{"line":3,"column":25},"end":{"line":9,"column":1}},"2":{"start":{"line":4,"column":18},"end":{"line":4,"column":45}},"3":{"start":{"line":5,"column":2},"end":{"line":7,"column":3}},"4":{"start":{"line":6,"column":4},"end":{"line":6,"column":51}},"5":{"start":{"line":8,"column":2},"end":{"line":8,"column":37}},"6":{"start":{"line":3,"column":13},"end":{"line":3,"column":25}}},"fnMap":{"0":{"name":"(anonymous_1)","decl":{"start":{"line":3,"column":25},"end":{"line":3,"column":26}},"loc":{"start":{"line":3,"column":42},"end":{"line":9,"column":1}}}},"branchMap":{"0":{"loc":{"start":{"line":5,"column":2},"end":{"line":7,"column":3}},"type":"if","locations":[{"start":{"line":5,"column":2},"end":{"line":7,"column":3}},{"start":{},"end":{}}]}},"s":{"0":4,"1":4,"2":12,"3":12,"4":0,"5":12,"6":4},"f":{"0":12},"b":{"0":[0,12]}}
,"/Users/azeezabiola/Documents/Development Folder/ell-cakes-backend/lib/getSessionCartId.ts": {"path":"/Users/azeezabiola/Documents/Development Folder/ell-cakes-backend/lib/getSessionCartId.ts","statementMap":{"0":{"start":{"line":4,"column":0},"end":{"line":4,"column":16}},"1":{"start":{"line":1,"column":0},"end":{"line":1,"column":33}},"2":{"start":{"line":5,"column":22},"end":{"line":5,"column":40}},"3":{"start":{"line":7,"column":20},"end":{"line":7,"column":53}},"4":{"start":{"line":8,"column":18},"end":{"line":8,"column":41}},"5":{"start":{"line":9,"column":17},"end":{"line":9,"column":43}},"6":{"start":{"line":11,"column":2},"end":{"line":11,"column":16}}},"fnMap":{"0":{"name":"getSessionCartId","decl":{"start":{"line":4,"column":16},"end":{"line":4,"column":32}},"loc":{"start":{"line":4,"column":49},"end":{"line":12,"column":1}}}},"branchMap":{"0":{"loc":{"start":{"line":7,"column":20},"end":{"line":7,"column":53}},"type":"binary-expr","locations":[{"start":{"line":7,"column":20},"end":{"line":7,"column":47}},{"start":{"line":7,"column":51},"end":{"line":7,"column":53}}]},"1":{"loc":{"start":{"line":9,"column":17},"end":{"line":9,"column":43}},"type":"binary-expr","locations":[{"start":{"line":9,"column":17},"end":{"line":9,"column":37}},{"start":{"line":9,"column":41},"end":{"line":9,"column":43}}]}},"s":{"0":4,"1":4,"2":5,"3":5,"4":5,"5":5,"6":5},"f":{"0":5},"b":{"0":[5,5],"1":[5,0]}}
,"/Users/azeezabiola/Documents/Development Folder/ell-cakes-backend/lib/getTransliteration.ts": {"path":"/Users/azeezabiola/Documents/Development Folder/ell-cakes-backend/lib/getTransliteration.ts","statementMap":{"0":{"start":{"line":1,"column":0},"end":{"line":1,"column":33}},"1":{"start":{"line":3,"column":38},"end":{"line":6,"column":1}},"2":{"start":{"line":4,"column":25},"end":{"line":4,"column":65}},"3":{"start":{"line":5,"column":2},"end":{"line":5,"column":80}},"4":{"start":{"line":3,"column":13},"end":{"line":3,"column":38}}},"fnMap":{"0":{"name":"(anonymous_9)","decl":{"start":{"line":3,"column":38},"end":{"line":3,"column":39}},"loc":{"start":{"line":3,"column":55},"end":{"line":6,"column":1}}}},"branchMap":{},"s":{"0":4,"1":4,"2":15,"3":15,"4":4},"f":{"0":15},"b":{}}
,"/Users/azeezabiola/Documents/Development Folder/ell-cakes-backend/lib/issueVerificationToken.ts": {"path":"/Users/azeezabiola/Documents/Development Folder/ell-cakes-backend/lib/issueVerificationToken.ts","statementMap":{"0":{"start":{"line":2,"column":0},"end":{"line":2,"column":40}},"1":{"start":{"line":4,"column":38},"end":{"line":34,"column":1}},"2":{"start":{"line":11,"column":22},"end":{"line":11,"column":36}},"3":{"start":{"line":12,"column":17},"end":{"line":12,"column":48}},"4":{"start":{"line":13,"column":16},"end":{"line":13,"column":24}},"5":{"start":{"line":15,"column":2},"end":{"line":15,"column":57}},"6":{"start":{"line":16,"column":19},"end":{"line":16,"column":29}},"7":{"start":{"line":17,"column":2},"end":{"line":33,"column":3}},"8":{"start":{"line":18,"column":4},"end":{"line":27,"column":7}},"9":{"start":{"line":31,"column":4},"end":{"line":31,"column":23}},"10":{"start":{"line":32,"column":4},"end":{"line":32,"column":70}},"11":{"start":{"line":4,"column":13},"end":{"line":4,"column":38}}},"fnMap":{"0":{"name":"(anonymous_0)","decl":{"start":{"line":4,"column":38},"end":{"line":4,"column":43}},"loc":{"start":{"line":10,"column":5},"end":{"line":34,"column":1}}}},"branchMap":{},"s":{"0":4,"1":4,"2":4,"3":4,"4":4,"5":4,"6":4,"7":4,"8":4,"9":0,"10":0,"11":4},"f":{"0":4},"b":{}}
,"/Users/azeezabiola/Documents/Development Folder/ell-cakes-backend/lib/mail.ts": {"path":"/Users/azeezabiola/Documents/Development Folder/ell-cakes-backend/lib/mail.ts","statementMap":{"0":{"start":{"line":32,"column":0},"end":{"line":32,"column":7}},"1":{"start":{"line":55,"column":0},"end":{"line":55,"column":7}},"2":{"start":{"line":1,"column":0},"end":{"line":1,"column":36}},"3":{"start":{"line":2,"column":0},"end":{"line":2,"column":28}},"4":{"start":{"line":3,"column":0},"end":{"line":3,"column":16}},"5":{"start":{"line":5,"column":20},"end":{"line":14,"column":2}},"6":{"start":{"line":17,"column":2},"end":{"line":29,"column":6}},"7":{"start":{"line":39,"column":2},"end":{"line":52,"column":3}},"8":{"start":{"line":40,"column":28},"end":{"line":40,"column":97}},"9":{"start":{"line":41,"column":4},"end":{"line":49,"column":7}},"10":{"start":{"line":51,"column":4},"end":{"line":51,"column":70}},"11":{"start":{"line":62,"column":2},"end":{"line":76,"column":3}},"12":{"start":{"line":63,"column":28},"end":{"line":63,"column":99}},"13":{"start":{"line":64,"column":4},"end":{"line":73,"column":7}},"14":{"start":{"line":75,"column":4},"end":{"line":75,"column":70}}},"fnMap":{"0":{"name":"formatEmail","decl":{"start":{"line":16,"column":9},"end":{"line":16,"column":20}},"loc":{"start":{"line":16,"column":33},"end":{"line":30,"column":1}}},"1":{"name":"sendVerificationEmail","decl":{"start":{"line":32,"column":22},"end":{"line":32,"column":43}},"loc":{"start":{"line":38,"column":1},"end":{"line":53,"column":1}}},"2":{"name":"sendResetPasswordTokenEmail","decl":{"start":{"line":55,"column":22},"end":{"line":55,"column":49}},"loc":{"start":{"line":61,"column":1},"end":{"line":77,"column":1}}}},"branchMap":{},"s":{"0":3,"1":3,"2":3,"3":3,"4":3,"5":3,"6":0,"7":0,"8":0,"9":0,"10":0,"11":0,"12":0,"13":0,"14":0},"f":{"0":0,"1":0,"2":0},"b":{}}
,"/Users/azeezabiola/Documents/Development Folder/ell-cakes-backend/lib/paymentGateway.ts": {"path":"/Users/azeezabiola/Documents/Development Folder/ell-cakes-backend/lib/paymentGateway.ts","statementMap":{"0":{"start":{"line":7,"column":0},"end":{"line":7,"column":15}},"1":{"start":{"line":1,"column":0},"end":{"line":1,"column":52}},"2":{"start":{"line":2,"column":0},"end":{"line":2,"column":40}},"3":{"start":{"line":4,"column":23},"end":{"line":4,"column":53}},"4":{"start":{"line":5,"column":25},"end":{"line":5,"column":57}},"5":{"start":{"line":8,"column":2},"end":{"line":11,"column":5}}},"fnMap":{"0":{"name":"yooMoneyPaymentGateway","decl":{"start":{"line":7,"column":30},"end":{"line":7,"column":52}},"loc":{"start":{"line":7,"column":52},"end":{"line":12,"column":1}}}},"branchMap":{},"s":{"0":3,"1":3,"2":3,"3":3,"4":3,"5":0},"f":{"0":0},"b":{}}
,"/Users/azeezabiola/Documents/Development Folder/ell-cakes-backend/models/cart-item.ts": {"path":"/Users/azeezabiola/Documents/Development Folder/ell-cakes-backend/models/cart-item.ts","statementMap":{"0":{"start":{"line":1,"column":0},"end":{"line":1,"column":40}},"1":{"start":{"line":2,"column":0},"end":{"line":2,"column":null}},"2":{"start":{"line":8,"column":0},"end":{"line":8,"column":51}},"3":{"start":{"line":10,"column":13},"end":{"line":39,"column":3}}},"fnMap":{},"branchMap":{},"s":{"0":4,"1":4,"2":4,"3":4},"f":{},"b":{}}
,"/Users/azeezabiola/Documents/Development Folder/ell-cakes-backend/models/cart.ts": {"path":"/Users/azeezabiola/Documents/Development Folder/ell-cakes-backend/models/cart.ts","statementMap":{"0":{"start":{"line":1,"column":0},"end":{"line":1,"column":40}},"1":{"start":{"line":2,"column":0},"end":{"line":2,"column":null}},"2":{"start":{"line":8,"column":0},"end":{"line":8,"column":51}},"3":{"start":{"line":10,"column":13},"end":{"line":44,"column":3}},"4":{"start":{"line":34,"column":21},"end":{"line":37,"column":10}},"5":{"start":{"line":38,"column":8},"end":{"line":40,"column":11}},"6":{"start":{"line":39,"column":57},"end":{"line":39,"column":69}}},"fnMap":{"0":{"name":"(anonymous_0)","decl":{"start":{"line":33,"column":14},"end":{"line":33,"column":19}},"loc":{"start":{"line":33,"column":42},"end":{"line":41,"column":7}}},"1":{"name":"(anonymous_1)","decl":{"start":{"line":39,"column":36},"end":{"line":39,"column":37}},"loc":{"start":{"line":39,"column":57},"end":{"line":39,"column":69}}}},"branchMap":{},"s":{"0":4,"1":4,"2":4,"3":4,"4":1,"5":1,"6":1},"f":{"0":1,"1":1},"b":{}}
,"/Users/azeezabiola/Documents/Development Folder/ell-cakes-backend/models/category.ts": {"path":"/Users/azeezabiola/Documents/Development Folder/ell-cakes-backend/models/category.ts","statementMap":{"0":{"start":{"line":1,"column":0},"end":{"line":1,"column":40}},"1":{"start":{"line":2,"column":0},"end":{"line":2,"column":72}},"2":{"start":{"line":3,"column":0},"end":{"line":3,"column":51}},"3":{"start":{"line":4,"column":0},"end":{"line":4,"column":67}},"4":{"start":{"line":5,"column":0},"end":{"line":5,"column":40}},"5":{"start":{"line":7,"column":13},"end":{"line":70,"column":3}},"6":{"start":{"line":58,"column":6},"end":{"line":66,"column":7}},"7":{"start":{"line":59,"column":25},"end":{"line":59,"column":37}},"8":{"start":{"line":60,"column":8},"end":{"line":65,"column":9}},"9":{"start":{"line":61,"column":10},"end":{"line":64,"column":12}},"10":{"start":{"line":67,"column":6},"end":{"line":67,"column":26}}},"fnMap":{"0":{"name":"(anonymous_0)","decl":{"start":{"line":57,"column":4},"end":{"line":57,"column":16}},"loc":{"start":{"line":57,"column":44},"end":{"line":68,"column":5}}}},"branchMap":{"0":{"loc":{"start":{"line":58,"column":6},"end":{"line":66,"column":7}},"type":"if","locations":[{"start":{"line":58,"column":6},"end":{"line":66,"column":7}},{"start":{},"end":{}}]},"1":{"loc":{"start":{"line":60,"column":8},"end":{"line":65,"column":9}},"type":"if","locations":[{"start":{"line":60,"column":8},"end":{"line":65,"column":9}},{"start":{},"end":{}}]}},"s":{"0":4,"1":4,"2":4,"3":4,"4":4,"5":4,"6":5,"7":5,"8":5,"9":5,"10":0},"f":{"0":5},"b":{"0":[5,0],"1":[5,0]}}
,"/Users/azeezabiola/Documents/Development Folder/ell-cakes-backend/models/customization-option-value.ts": {"path":"/Users/azeezabiola/Documents/Development Folder/ell-cakes-backend/models/customization-option-value.ts","statementMap":{"0":{"start":{"line":1,"column":0},"end":{"line":1,"column":40}},"1":{"start":{"line":2,"column":0},"end":{"line":2,"column":null}},"2":{"start":{"line":8,"column":0},"end":{"line":8,"column":51}},"3":{"start":{"line":9,"column":0},"end":{"line":9,"column":40}},"4":{"start":{"line":11,"column":13},"end":{"line":48,"column":3}}},"fnMap":{},"branchMap":{},"s":{"0":4,"1":4,"2":4,"3":4,"4":4},"f":{},"b":{}}
,"/Users/azeezabiola/Documents/Development Folder/ell-cakes-backend/models/customization-option.ts": {"path":"/Users/azeezabiola/Documents/Development Folder/ell-cakes-backend/models/customization-option.ts","statementMap":{"0":{"start":{"line":1,"column":0},"end":{"line":1,"column":40}},"1":{"start":{"line":2,"column":0},"end":{"line":2,"column":80}},"2":{"start":{"line":3,"column":0},"end":{"line":3,"column":51}},"3":{"start":{"line":4,"column":0},"end":{"line":4,"column":40}},"4":{"start":{"line":6,"column":13},"end":{"line":85,"column":3}},"5":{"start":{"line":73,"column":29},"end":{"line":76,"column":10}},"6":{"start":{"line":77,"column":8},"end":{"line":81,"column":11}},"7":{"start":{"line":78,"column":68},"end":{"line":80,"column":12}}},"fnMap":{"0":{"name":"(anonymous_0)","decl":{"start":{"line":72,"column":14},"end":{"line":72,"column":19}},"loc":{"start":{"line":72,"column":42},"end":{"line":82,"column":7}}},"1":{"name":"(anonymous_1)","decl":{"start":{"line":78,"column":47},"end":{"line":78,"column":48}},"loc":{"start":{"line":78,"column":68},"end":{"line":80,"column":12}}}},"branchMap":{},"s":{"0":4,"1":4,"2":4,"3":4,"4":4,"5":0,"6":0,"7":0},"f":{"0":0,"1":0},"b":{}}
,"/Users/azeezabiola/Documents/Development Folder/ell-cakes-backend/models/customize-image.ts": {"path":"/Users/azeezabiola/Documents/Development Folder/ell-cakes-backend/models/customize-image.ts","statementMap":{"0":{"start":{"line":1,"column":0},"end":{"line":1,"column":40}},"1":{"start":{"line":2,"column":0},"end":{"line":2,"column":79}},"2":{"start":{"line":3,"column":0},"end":{"line":3,"column":56}},"3":{"start":{"line":4,"column":0},"end":{"line":4,"column":73}},"4":{"start":{"line":6,"column":13},"end":{"line":40,"column":3}}},"fnMap":{},"branchMap":{},"s":{"0":4,"1":4,"2":4,"3":4,"4":4},"f":{},"b":{}}
,"/Users/azeezabiola/Documents/Development Folder/ell-cakes-backend/models/delivary-address.ts": {"path":"/Users/azeezabiola/Documents/Development Folder/ell-cakes-backend/models/delivary-address.ts","statementMap":{"0":{"start":{"line":1,"column":0},"end":{"line":1,"column":40}},"1":{"start":{"line":2,"column":0},"end":{"line":2,"column":null}},"2":{"start":{"line":8,"column":0},"end":{"line":8,"column":56}},"3":{"start":{"line":9,"column":0},"end":{"line":9,"column":60}},"4":{"start":{"line":11,"column":13},"end":{"line":51,"column":3}}},"fnMap":{},"branchMap":{},"s":{"0":4,"1":4,"2":4,"3":4,"4":4},"f":{},"b":{}}
,"/Users/azeezabiola/Documents/Development Folder/ell-cakes-backend/models/featured-product.ts": {"path":"/Users/azeezabiola/Documents/Development Folder/ell-cakes-backend/models/featured-product.ts","statementMap":{"0":{"start":{"line":1,"column":0},"end":{"line":1,"column":40}},"1":{"start":{"line":2,"column":0},"end":{"line":2,"column":72}},"2":{"start":{"line":3,"column":0},"end":{"line":3,"column":51}},"3":{"start":{"line":4,"column":0},"end":{"line":4,"column":40}},"4":{"start":{"line":6,"column":13},"end":{"line":35,"column":3}}},"fnMap":{},"branchMap":{},"s":{"0":4,"1":4,"2":4,"3":4,"4":4},"f":{},"b":{}}
,"/Users/azeezabiola/Documents/Development Folder/ell-cakes-backend/models/order-item.ts": {"path":"/Users/azeezabiola/Documents/Development Folder/ell-cakes-backend/models/order-item.ts","statementMap":{"0":{"start":{"line":1,"column":0},"end":{"line":1,"column":40}},"1":{"start":{"line":2,"column":0},"end":{"line":2,"column":null}},"2":{"start":{"line":8,"column":0},"end":{"line":8,"column":56}},"3":{"start":{"line":9,"column":0},"end":{"line":9,"column":73}},"4":{"start":{"line":11,"column":13},"end":{"line":53,"column":3}}},"fnMap":{},"branchMap":{},"s":{"0":4,"1":4,"2":4,"3":4,"4":4},"f":{},"b":{}}
,"/Users/azeezabiola/Documents/Development Folder/ell-cakes-backend/models/order.ts": {"path":"/Users/azeezabiola/Documents/Development Folder/ell-cakes-backend/models/order.ts","statementMap":{"0":{"start":{"line":1,"column":0},"end":{"line":1,"column":40}},"1":{"start":{"line":2,"column":0},"end":{"line":2,"column":null}},"2":{"start":{"line":9,"column":0},"end":{"line":9,"column":56}},"3":{"start":{"line":10,"column":0},"end":{"line":10,"column":73}},"4":{"start":{"line":12,"column":13},"end":{"line":132,"column":3}}},"fnMap":{},"branchMap":{},"s":{"0":4,"1":4,"2":4,"3":4,"4":4},"f":{},"b":{}}
,"/Users/azeezabiola/Documents/Development Folder/ell-cakes-backend/models/payment.ts": {"path":"/Users/azeezabiola/Documents/Development Folder/ell-cakes-backend/models/payment.ts","statementMap":{"0":{"start":{"line":1,"column":0},"end":{"line":1,"column":40}},"1":{"start":{"line":2,"column":0},"end":{"line":2,"column":null}},"2":{"start":{"line":8,"column":0},"end":{"line":8,"column":56}},"3":{"start":{"line":9,"column":0},"end":{"line":9,"column":53}},"4":{"start":{"line":11,"column":13},"end":{"line":41,"column":3}}},"fnMap":{},"branchMap":{},"s":{"0":4,"1":4,"2":4,"3":4,"4":4},"f":{},"b":{}}
,"/Users/azeezabiola/Documents/Development Folder/ell-cakes-backend/models/product-category-banner.ts": {"path":"/Users/azeezabiola/Documents/Development Folder/ell-cakes-backend/models/product-category-banner.ts","statementMap":{"0":{"start":{"line":1,"column":0},"end":{"line":1,"column":40}},"1":{"start":{"line":2,"column":0},"end":{"line":2,"column":72}},"2":{"start":{"line":3,"column":0},"end":{"line":3,"column":51}},"3":{"start":{"line":4,"column":0},"end":{"line":4,"column":40}},"4":{"start":{"line":6,"column":13},"end":{"line":37,"column":3}}},"fnMap":{},"branchMap":{},"s":{"0":4,"1":4,"2":4,"3":4,"4":4},"f":{},"b":{}}
,"/Users/azeezabiola/Documents/Development Folder/ell-cakes-backend/models/product-customization.ts": {"path":"/Users/azeezabiola/Documents/Development Folder/ell-cakes-backend/models/product-customization.ts","statementMap":{"0":{"start":{"line":1,"column":0},"end":{"line":1,"column":40}},"1":{"start":{"line":2,"column":0},"end":{"line":2,"column":66}},"2":{"start":{"line":3,"column":0},"end":{"line":3,"column":51}},"3":{"start":{"line":4,"column":0},"end":{"line":4,"column":40}},"4":{"start":{"line":6,"column":13},"end":{"line":70,"column":3}},"5":{"start":{"line":55,"column":10},"end":{"line":58,"column":12}},"6":{"start":{"line":59,"column":8},"end":{"line":63,"column":11}},"7":{"start":{"line":60,"column":77},"end":{"line":62,"column":12}}},"fnMap":{"0":{"name":"(anonymous_0)","decl":{"start":{"line":53,"column":14},"end":{"line":53,"column":19}},"loc":{"start":{"line":53,"column":42},"end":{"line":64,"column":7}}},"1":{"name":"(anonymous_1)","decl":{"start":{"line":60,"column":56},"end":{"line":60,"column":57}},"loc":{"start":{"line":60,"column":77},"end":{"line":62,"column":12}}}},"branchMap":{},"s":{"0":4,"1":4,"2":4,"3":4,"4":4,"5":0,"6":0,"7":0},"f":{"0":0,"1":0},"b":{}}
,"/Users/azeezabiola/Documents/Development Folder/ell-cakes-backend/models/product-filling.ts": {"path":"/Users/azeezabiola/Documents/Development Folder/ell-cakes-backend/models/product-filling.ts","statementMap":{"0":{"start":{"line":1,"column":0},"end":{"line":1,"column":40}},"1":{"start":{"line":2,"column":0},"end":{"line":2,"column":null}},"2":{"start":{"line":10,"column":0},"end":{"line":10,"column":51}},"3":{"start":{"line":11,"column":0},"end":{"line":11,"column":40}},"4":{"start":{"line":12,"column":0},"end":{"line":12,"column":67}},"5":{"start":{"line":14,"column":13},"end":{"line":131,"column":3}},"6":{"start":{"line":29,"column":10},"end":{"line":33,"column":11}},"7":{"start":{"line":30,"column":29},"end":{"line":30,"column":41}},"8":{"start":{"line":31,"column":12},"end":{"line":31,"column":61}},"9":{"start":{"line":32,"column":12},"end":{"line":32,"column":42}},"10":{"start":{"line":34,"column":10},"end":{"line":34,"column":40}},"11":{"start":{"line":112,"column":31},"end":{"line":115,"column":10}},"12":{"start":{"line":116,"column":8},"end":{"line":122,"column":9}},"13":{"start":{"line":117,"column":10},"end":{"line":121,"column":13}},"14":{"start":{"line":118,"column":71},"end":{"line":120,"column":14}},"15":{"start":{"line":123,"column":8},"end":{"line":127,"column":9}},"16":{"start":{"line":124,"column":10},"end":{"line":126,"column":13}}},"fnMap":{"0":{"name":"(anonymous_0)","decl":{"start":{"line":28,"column":22},"end":{"line":28,"column":23}},"loc":{"start":{"line":28,"column":64},"end":{"line":35,"column":9}}},"1":{"name":"(anonymous_1)","decl":{"start":{"line":111,"column":14},"end":{"line":111,"column":19}},"loc":{"start":{"line":111,"column":42},"end":{"line":128,"column":7}}},"2":{"name":"(anonymous_2)","decl":{"start":{"line":118,"column":47},"end":{"line":118,"column":48}},"loc":{"start":{"line":118,"column":71},"end":{"line":120,"column":14}}}},"branchMap":{"0":{"loc":{"start":{"line":29,"column":10},"end":{"line":33,"column":11}},"type":"if","locations":[{"start":{"line":29,"column":10},"end":{"line":33,"column":11}},{"start":{},"end":{}}]},"1":{"loc":{"start":{"line":116,"column":8},"end":{"line":122,"column":9}},"type":"if","locations":[{"start":{"line":116,"column":8},"end":{"line":122,"column":9}},{"start":{},"end":{}}]},"2":{"loc":{"start":{"line":123,"column":8},"end":{"line":127,"column":9}},"type":"if","locations":[{"start":{"line":123,"column":8},"end":{"line":127,"column":9}},{"start":{},"end":{}}]}},"s":{"0":4,"1":4,"2":4,"3":4,"4":4,"5":4,"6":5,"7":5,"8":5,"9":5,"10":0,"11":0,"12":0,"13":0,"14":0,"15":0,"16":0},"f":{"0":5,"1":0,"2":0},"b":{"0":[5,0],"1":[0,0],"2":[0,0]}}
,"/Users/azeezabiola/Documents/Development Folder/ell-cakes-backend/models/product-home-banner.ts": {"path":"/Users/azeezabiola/Documents/Development Folder/ell-cakes-backend/models/product-home-banner.ts","statementMap":{"0":{"start":{"line":1,"column":0},"end":{"line":1,"column":40}},"1":{"start":{"line":2,"column":0},"end":{"line":2,"column":72}},"2":{"start":{"line":3,"column":0},"end":{"line":3,"column":51}},"3":{"start":{"line":4,"column":0},"end":{"line":4,"column":40}},"4":{"start":{"line":6,"column":13},"end":{"line":36,"column":3}}},"fnMap":{},"branchMap":{},"s":{"0":4,"1":4,"2":4,"3":4,"4":4},"f":{},"b":{}}
,"/Users/azeezabiola/Documents/Development Folder/ell-cakes-backend/models/product-image.ts": {"path":"/Users/azeezabiola/Documents/Development Folder/ell-cakes-backend/models/product-image.ts","statementMap":{"0":{"start":{"line":1,"column":0},"end":{"line":1,"column":40}},"1":{"start":{"line":2,"column":0},"end":{"line":2,"column":68}},"2":{"start":{"line":3,"column":0},"end":{"line":3,"column":51}},"3":{"start":{"line":4,"column":0},"end":{"line":4,"column":40}},"4":{"start":{"line":6,"column":13},"end":{"line":23,"column":3}}},"fnMap":{},"branchMap":{},"s":{"0":4,"1":4,"2":4,"3":4,"4":4},"f":{},"b":{}}
,"/Users/azeezabiola/Documents/Development Folder/ell-cakes-backend/models/product-variant.ts": {"path":"/Users/azeezabiola/Documents/Development Folder/ell-cakes-backend/models/product-variant.ts","statementMap":{"0":{"start":{"line":1,"column":0},"end":{"line":1,"column":40}},"1":{"start":{"line":2,"column":0},"end":{"line":2,"column":null}},"2":{"start":{"line":9,"column":0},"end":{"line":9,"column":51}},"3":{"start":{"line":10,"column":0},"end":{"line":10,"column":40}},"4":{"start":{"line":12,"column":13},"end":{"line":54,"column":3}}},"fnMap":{},"branchMap":{},"s":{"0":4,"1":4,"2":4,"3":4,"4":4},"f":{},"b":{}}
,"/Users/azeezabiola/Documents/Development Folder/ell-cakes-backend/models/product.ts": {"path":"/Users/azeezabiola/Documents/Development Folder/ell-cakes-backend/models/product.ts","statementMap":{"0":{"start":{"line":1,"column":0},"end":{"line":1,"column":40}},"1":{"start":{"line":2,"column":0},"end":{"line":2,"column":null}},"2":{"start":{"line":11,"column":0},"end":{"line":11,"column":51}},"3":{"start":{"line":12,"column":0},"end":{"line":12,"column":67}},"4":{"start":{"line":13,"column":0},"end":{"line":13,"column":40}},"5":{"start":{"line":15,"column":13},"end":{"line":247,"column":3}},"6":{"start":{"line":31,"column":12},"end":{"line":35,"column":13}},"7":{"start":{"line":32,"column":14},"end":{"line":34,"column":16}},"8":{"start":{"line":45,"column":10},"end":{"line":49,"column":11}},"9":{"start":{"line":46,"column":29},"end":{"line":46,"column":41}},"10":{"start":{"line":47,"column":12},"end":{"line":47,"column":61}},"11":{"start":{"line":48,"column":12},"end":{"line":48,"column":42}},"12":{"start":{"line":50,"column":10},"end":{"line":50,"column":40}},"13":{"start":{"line":230,"column":24},"end":{"line":233,"column":10}},"14":{"start":{"line":235,"column":8},"end":{"line":237,"column":11}},"15":{"start":{"line":236,"column":57},"end":{"line":236,"column":69}},"16":{"start":{"line":239,"column":8},"end":{"line":243,"column":9}},"17":{"start":{"line":240,"column":10},"end":{"line":242,"column":13}}},"fnMap":{"0":{"name":"(anonymous_0)","decl":{"start":{"line":30,"column":18},"end":{"line":30,"column":23}},"loc":{"start":{"line":30,"column":75},"end":{"line":36,"column":11}}},"1":{"name":"(anonymous_1)","decl":{"start":{"line":44,"column":22},"end":{"line":44,"column":23}},"loc":{"start":{"line":44,"column":64},"end":{"line":51,"column":9}}},"2":{"name":"(anonymous_2)","decl":{"start":{"line":229,"column":14},"end":{"line":229,"column":19}},"loc":{"start":{"line":229,"column":42},"end":{"line":244,"column":7}}},"3":{"name":"(anonymous_3)","decl":{"start":{"line":236,"column":36},"end":{"line":236,"column":37}},"loc":{"start":{"line":236,"column":57},"end":{"line":236,"column":69}}}},"branchMap":{"0":{"loc":{"start":{"line":31,"column":12},"end":{"line":35,"column":13}},"type":"if","locations":[{"start":{"line":31,"column":12},"end":{"line":35,"column":13}},{"start":{},"end":{}}]},"1":{"loc":{"start":{"line":31,"column":16},"end":{"line":31,"column":74}},"type":"binary-expr","locations":[{"start":{"line":31,"column":16},"end":{"line":31,"column":39}},{"start":{"line":31,"column":43},"end":{"line":31,"column":74}}]},"2":{"loc":{"start":{"line":45,"column":10},"end":{"line":49,"column":11}},"type":"if","locations":[{"start":{"line":45,"column":10},"end":{"line":49,"column":11}},{"start":{},"end":{}}]},"3":{"loc":{"start":{"line":239,"column":8},"end":{"line":243,"column":9}},"type":"if","locations":[{"start":{"line":239,"column":8},"end":{"line":243,"column":9}},{"start":{},"end":{}}]}},"s":{"0":4,"1":4,"2":4,"3":4,"4":4,"5":4,"6":5,"7":0,"8":6,"9":5,"10":5,"11":5,"12":1,"13":1,"14":1,"15":1,"16":1,"17":0},"f":{"0":5,"1":6,"2":1,"3":1},"b":{"0":[0,5],"1":[5,5],"2":[5,1],"3":[0,1]}}
,"/Users/azeezabiola/Documents/Development Folder/ell-cakes-backend/models/topping-option.ts": {"path":"/Users/azeezabiola/Documents/Development Folder/ell-cakes-backend/models/topping-option.ts","statementMap":{"0":{"start":{"line":1,"column":0},"end":{"line":1,"column":40}},"1":{"start":{"line":2,"column":0},"end":{"line":2,"column":null}},"2":{"start":{"line":8,"column":0},"end":{"line":8,"column":51}},"3":{"start":{"line":10,"column":13},"end":{"line":43,"column":3}}},"fnMap":{},"branchMap":{},"s":{"0":4,"1":4,"2":4,"3":4},"f":{},"b":{}}
,"/Users/azeezabiola/Documents/Development Folder/ell-cakes-backend/models/topping.ts": {"path":"/Users/azeezabiola/Documents/Development Folder/ell-cakes-backend/models/topping.ts","statementMap":{"0":{"start":{"line":1,"column":0},"end":{"line":1,"column":40}},"1":{"start":{"line":2,"column":0},"end":{"line":2,"column":72}},"2":{"start":{"line":3,"column":0},"end":{"line":3,"column":51}},"3":{"start":{"line":4,"column":0},"end":{"line":4,"column":67}},"4":{"start":{"line":15,"column":13},"end":{"line":90,"column":3}},"5":{"start":{"line":27,"column":10},"end":{"line":31,"column":11}},"6":{"start":{"line":28,"column":29},"end":{"line":28,"column":41}},"7":{"start":{"line":29,"column":12},"end":{"line":29,"column":61}},"8":{"start":{"line":30,"column":12},"end":{"line":30,"column":42}},"9":{"start":{"line":32,"column":10},"end":{"line":32,"column":40}},"10":{"start":{"line":80,"column":24},"end":{"line":83,"column":10}},"11":{"start":{"line":84,"column":8},"end":{"line":86,"column":11}},"12":{"start":{"line":85,"column":58},"end":{"line":85,"column":70}}},"fnMap":{"0":{"name":"(anonymous_0)","decl":{"start":{"line":26,"column":22},"end":{"line":26,"column":23}},"loc":{"start":{"line":26,"column":64},"end":{"line":33,"column":9}}},"1":{"name":"(anonymous_1)","decl":{"start":{"line":79,"column":14},"end":{"line":79,"column":19}},"loc":{"start":{"line":79,"column":42},"end":{"line":87,"column":7}}},"2":{"name":"(anonymous_2)","decl":{"start":{"line":85,"column":37},"end":{"line":85,"column":38}},"loc":{"start":{"line":85,"column":58},"end":{"line":85,"column":70}}}},"branchMap":{"0":{"loc":{"start":{"line":27,"column":10},"end":{"line":31,"column":11}},"type":"if","locations":[{"start":{"line":27,"column":10},"end":{"line":31,"column":11}},{"start":{},"end":{}}]}},"s":{"0":4,"1":4,"2":4,"3":4,"4":4,"5":0,"6":0,"7":0,"8":0,"9":0,"10":0,"11":0,"12":0},"f":{"0":0,"1":0,"2":0},"b":{"0":[0,0]}}
,"/Users/azeezabiola/Documents/Development Folder/ell-cakes-backend/models/user.ts": {"path":"/Users/azeezabiola/Documents/Development Folder/ell-cakes-backend/models/user.ts","statementMap":{"0":{"start":{"line":1,"column":0},"end":{"line":1,"column":40}},"1":{"start":{"line":2,"column":0},"end":{"line":2,"column":null}},"2":{"start":{"line":10,"column":0},"end":{"line":10,"column":56}},"3":{"start":{"line":11,"column":0},"end":{"line":11,"column":73}},"4":{"start":{"line":12,"column":0},"end":{"line":12,"column":71}},"5":{"start":{"line":15,"column":26},"end":{"line":21,"column":11}},"6":{"start":{"line":23,"column":13},"end":{"line":185,"column":3}},"7":{"start":{"line":61,"column":20},"end":{"line":61,"column":25}},"8":{"start":{"line":65,"column":20},"end":{"line":65,"column":25}},"9":{"start":{"line":69,"column":20},"end":{"line":69,"column":25}},"10":{"start":{"line":157,"column":8},"end":{"line":160,"column":11}},"11":{"start":{"line":165,"column":8},"end":{"line":173,"column":9}},"12":{"start":{"line":169,"column":10},"end":{"line":172,"column":13}},"13":{"start":{"line":179,"column":6},"end":{"line":181,"column":7}},"14":{"start":{"line":180,"column":8},"end":{"line":180,"column":21}},"15":{"start":{"line":182,"column":6},"end":{"line":182,"column":18}}},"fnMap":{"0":{"name":"(anonymous_0)","decl":{"start":{"line":61,"column":14},"end":{"line":61,"column":17}},"loc":{"start":{"line":61,"column":20},"end":{"line":61,"column":25}}},"1":{"name":"(anonymous_1)","decl":{"start":{"line":65,"column":14},"end":{"line":65,"column":17}},"loc":{"start":{"line":65,"column":20},"end":{"line":65,"column":25}}},"2":{"name":"(anonymous_2)","decl":{"start":{"line":69,"column":14},"end":{"line":69,"column":17}},"loc":{"start":{"line":69,"column":20},"end":{"line":69,"column":25}}},"3":{"name":"(anonymous_3)","decl":{"start":{"line":156,"column":14},"end":{"line":156,"column":19}},"loc":{"start":{"line":156,"column":42},"end":{"line":161,"column":7}}},"4":{"name":"(anonymous_4)","decl":{"start":{"line":162,"column":14},"end":{"line":162,"column":19}},"loc":{"start":{"line":162,"column":61},"end":{"line":174,"column":7}}},"5":{"name":"(anonymous_5)","decl":{"start":{"line":178,"column":14},"end":{"line":178,"column":15}},"loc":{"start":{"line":178,"column":30},"end":{"line":183,"column":5}}}},"branchMap":{"0":{"loc":{"start":{"line":165,"column":8},"end":{"line":173,"column":9}},"type":"if","locations":[{"start":{"line":165,"column":8},"end":{"line":173,"column":9}},{"start":{},"end":{}}]},"1":{"loc":{"start":{"line":166,"column":10},"end":{"line":167,"column":60}},"type":"binary-expr","locations":[{"start":{"line":166,"column":10},"end":{"line":166,"column":31}},{"start":{"line":167,"column":10},"end":{"line":167,"column":60}}]},"2":{"loc":{"start":{"line":179,"column":6},"end":{"line":181,"column":7}},"type":"if","locations":[{"start":{"line":179,"column":6},"end":{"line":181,"column":7}},{"start":{},"end":{}}]}},"s":{"0":4,"1":4,"2":4,"3":4,"4":4,"5":4,"6":4,"7":0,"8":0,"9":0,"10":3,"11":5,"12":1,"13":0,"14":0,"15":0},"f":{"0":0,"1":0,"2":0,"3":3,"4":5,"5":0},"b":{"0":[1,4],"1":[5,1],"2":[0,0]}}
}
