TN:
SF:access.ts
FN:13,(anonymous_0)
FN:17,(anonymous_1)
FN:19,(anonymous_2)
FN:22,(anonymous_3)
FN:27,(anonymous_4)
FN:35,(anonymous_5)
FN:43,(anonymous_6)
FN:52,(anonymous_7)
FNF:8
FNH:3
FNDA:1,(anonymous_0)
FNDA:0,(anonymous_1)
FNDA:11,(anonymous_2)
FNDA:0,(anonymous_3)
FNDA:0,(anonymous_4)
FNDA:1,(anonymous_5)
FNDA:0,(anonymous_6)
FNDA:0,(anonymous_7)
DA:13,3
DA:15,3
DA:17,0
DA:20,11
DA:23,0
DA:26,3
DA:28,0
DA:30,0
DA:32,0
DA:36,1
DA:38,1
DA:40,1
DA:44,0
DA:46,0
DA:47,0
DA:49,0
DA:53,0
DA:56,0
DA:57,0
DA:60,0
LF:20
LH:7
BRDA:20,0,0,11
BRDA:20,0,1,11
BRDA:23,1,0,0
BRDA:23,1,1,0
BRDA:28,2,0,0
BRDA:28,2,1,0
BRDA:30,3,0,0
BRDA:30,3,1,0
BRDA:36,4,0,0
BRDA:36,4,1,1
BRDA:38,5,0,0
BRDA:38,5,1,1
BRDA:44,6,0,0
BRDA:44,6,1,0
BRDA:46,7,0,0
BRDA:46,7,1,0
BRDA:46,8,0,0
BRDA:46,8,1,0
BRDA:53,9,0,0
BRDA:53,9,1,0
BRDA:56,10,0,0
BRDA:56,10,1,0
BRDA:56,11,0,0
BRDA:56,11,1,0
BRF:24
BRH:4
end_of_record
TN:
SF:auth.ts
FN:14,(anonymous_0)
FNF:1
FNH:0
FNDA:0,(anonymous_0)
DA:1,3
DA:2,3
DA:3,3
DA:5,3
DA:15,0
DA:20,3
DA:21,3
DA:26,3
LF:8
LH:7
BRF:0
BRH:0
end_of_record
TN:
SF:keystone.ts
FN:22,(anonymous_1)
FNF:1
FNH:0
FNDA:0,(anonymous_1)
DA:1,3
DA:2,3
DA:3,3
DA:4,3
DA:5,3
DA:6,3
DA:7,3
DA:14,3
DA:16,3
DA:23,0
DA:24,0
DA:25,0
LF:12
LH:9
BRDA:24,0,0,0
BRDA:24,0,1,0
BRF:2
BRH:0
end_of_record
TN:
SF:schema.ts
FNF:0
FNH:0
DA:1,3
DA:2,3
DA:3,3
DA:4,3
DA:5,3
DA:6,3
DA:7,3
DA:8,3
DA:9,3
DA:10,3
DA:11,3
DA:12,3
DA:13,3
DA:14,3
DA:15,3
DA:16,3
DA:18,3
LF:17
LH:17
BRF:0
BRH:0
end_of_record
TN:
SF:custom-resolver/addToCart.ts
FN:16,(anonymous_0)
FN:60,(anonymous_1)
FN:66,(anonymous_2)
FN:68,(anonymous_3)
FN:71,(anonymous_4)
FN:87,(anonymous_5)
FN:91,(anonymous_6)
FN:145,(anonymous_7)
FN:150,(anonymous_8)
FNF:9
FNH:4
FNDA:3,(anonymous_0)
FNDA:0,(anonymous_1)
FNDA:0,(anonymous_2)
FNDA:0,(anonymous_3)
FNDA:0,(anonymous_4)
FNDA:0,(anonymous_5)
FNDA:1,(anonymous_6)
FNDA:3,(anonymous_7)
FNDA:3,(anonymous_8)
DA:16,3
DA:21,3
DA:23,3
DA:26,3
DA:27,0
DA:32,3
DA:33,1
DA:39,3
DA:40,2
DA:49,3
DA:59,3
DA:60,0
DA:64,3
DA:66,3
DA:67,0
DA:68,0
DA:70,0
DA:71,0
DA:73,0
DA:75,0
DA:76,0
DA:86,3
DA:87,0
DA:91,3
DA:92,1
DA:93,1
DA:94,1
DA:96,1
DA:98,1
DA:101,3
DA:102,1
DA:103,1
DA:112,2
DA:113,2
DA:114,2
DA:118,2
DA:144,3
DA:146,3
DA:149,3
DA:150,3
DA:153,3
DA:163,3
LF:42
LH:32
BRDA:26,0,0,0
BRDA:26,0,1,3
BRDA:32,1,0,1
BRDA:32,1,1,2
BRDA:39,2,0,2
BRDA:39,2,1,1
BRDA:42,3,0,2
BRDA:42,3,1,0
BRDA:66,4,0,3
BRDA:66,4,1,3
BRDA:73,5,0,0
BRDA:73,5,1,0
BRDA:77,6,0,0
BRDA:77,6,1,0
BRDA:79,7,0,0
BRDA:79,7,1,0
BRDA:80,8,0,0
BRDA:80,8,1,0
BRDA:93,9,0,1
BRDA:93,9,1,1
BRDA:93,10,0,1
BRDA:93,10,1,1
BRDA:94,11,0,1
BRDA:94,11,1,1
BRDA:94,12,0,1
BRDA:94,12,1,1
BRDA:98,13,0,1
BRDA:98,13,1,1
BRDA:98,13,2,1
BRDA:98,13,3,1
BRDA:101,14,0,1
BRDA:101,14,1,2
BRDA:112,15,0,2
BRDA:112,15,1,2
BRDA:112,15,2,0
BRDA:113,16,0,2
BRDA:113,16,1,2
BRDA:126,17,0,2
BRDA:126,17,1,0
BRDA:129,18,0,2
BRDA:129,18,1,0
BRDA:132,19,0,0
BRDA:132,19,1,0
BRDA:133,20,0,0
BRDA:133,20,1,0
BRDA:134,21,0,0
BRDA:134,21,1,0
BRDA:137,22,0,2
BRDA:137,22,1,0
BRDA:138,23,0,2
BRDA:138,23,1,0
BRF:51
BRH:30
end_of_record
TN:
SF:custom-resolver/index.ts
FN:7,(anonymous_0)
FNF:1
FNH:1
FNDA:6,(anonymous_0)
DA:2,3
DA:3,3
DA:4,3
DA:5,3
DA:7,3
DA:8,6
LF:6
LH:6
BRF:0
BRH:0
end_of_record
TN:
SF:custom-resolver/removeFromCart.ts
FN:10,(anonymous_0)
FN:37,(anonymous_1)
FN:57,(anonymous_2)
FN:63,(anonymous_3)
FNF:4
FNH:3
FNDA:1,(anonymous_0)
FNDA:1,(anonymous_1)
FNDA:1,(anonymous_2)
FNDA:0,(anonymous_3)
DA:10,3
DA:15,1
DA:16,1
DA:18,1
DA:19,0
DA:24,1
DA:31,1
DA:32,0
DA:36,1
DA:37,1
DA:39,1
DA:40,1
DA:41,1
DA:42,1
DA:46,0
DA:56,1
DA:58,1
DA:62,1
DA:63,0
DA:67,1
DA:77,1
LF:21
LH:17
BRDA:18,0,0,0
BRDA:18,0,1,1
BRDA:31,1,0,0
BRDA:31,1,1,1
BRDA:39,2,0,1
BRDA:39,2,1,0
BRDA:41,3,0,1
BRDA:41,3,1,0
BRF:8
BRH:4
end_of_record
TN:
SF:custom-resolver/verifyEmail.ts
FN:3,(anonymous_0)
FNF:1
FNH:0
FNDA:0,(anonymous_0)
DA:3,3
DA:8,0
DA:12,0
DA:13,0
DA:16,0
DA:17,0
DA:18,0
DA:19,0
DA:22,0
DA:23,0
DA:34,0
DA:37,0
LF:12
LH:1
BRDA:12,0,0,0
BRDA:12,0,1,0
BRDA:12,1,0,0
BRDA:12,1,1,0
BRDA:18,2,0,0
BRDA:18,2,1,0
BRDA:18,3,0,0
BRDA:18,3,1,0
BRF:8
BRH:0
end_of_record
TN:
SF:lib/getTransliteration.ts
FN:3,(anonymous_9)
FNF:1
FNH:1
FNDA:8,(anonymous_9)
DA:1,3
DA:3,3
DA:4,8
DA:5,8
LF:4
LH:4
BRF:0
BRH:0
end_of_record
TN:
SF:lib/mail.ts
FN:16,formatEmail
FN:32,sendVerificationEmail
FN:55,sendResetPasswordTokenEmail
FNF:3
FNH:0
FNDA:0,formatEmail
FNDA:0,sendVerificationEmail
FNDA:0,sendResetPasswordTokenEmail
DA:1,2
DA:2,2
DA:3,2
DA:5,2
DA:17,0
DA:32,2
DA:39,0
DA:40,0
DA:41,0
DA:51,0
DA:55,2
DA:62,0
DA:63,0
DA:65,0
DA:76,0
LF:15
LH:6
BRF:0
BRH:0
end_of_record
TN:
SF:models/cart-item.ts
FNF:0
FNH:0
DA:1,3
DA:2,3
DA:8,3
DA:10,3
LF:4
LH:4
BRF:0
BRH:0
end_of_record
TN:
SF:models/cart.ts
FN:27,(anonymous_0)
FN:33,(anonymous_1)
FNF:2
FNH:0
FNDA:0,(anonymous_0)
FNDA:0,(anonymous_1)
DA:1,3
DA:2,3
DA:3,3
DA:5,3
DA:28,0
DA:32,0
DA:33,0
LF:7
LH:4
BRF:0
BRH:0
end_of_record
TN:
SF:models/category.ts
FN:28,(anonymous_0)
FNF:1
FNH:1
FNDA:4,(anonymous_0)
DA:1,3
DA:2,3
DA:3,3
DA:4,3
DA:5,3
DA:7,3
DA:29,4
DA:30,4
DA:31,4
DA:32,4
DA:38,0
LF:11
LH:10
BRDA:29,0,0,4
BRDA:29,0,1,0
BRDA:31,1,0,4
BRDA:31,1,1,0
BRF:4
BRH:2
end_of_record
TN:
SF:models/customization-option-constraint.ts
FNF:0
FNH:0
DA:1,3
DA:2,3
DA:8,3
DA:9,3
DA:11,3
LF:5
LH:5
BRF:0
BRH:0
end_of_record
TN:
SF:models/customization-option-value.ts
FNF:0
FNH:0
DA:1,3
DA:2,3
DA:8,3
DA:9,3
DA:11,3
LF:5
LH:5
BRF:0
BRH:0
end_of_record
TN:
SF:models/customization-option.ts
FN:63,(anonymous_0)
FN:69,(anonymous_1)
FNF:2
FNH:0
FNDA:0,(anonymous_0)
FNDA:0,(anonymous_1)
DA:1,3
DA:2,3
DA:3,3
DA:4,3
DA:6,3
DA:64,0
DA:68,0
DA:69,0
LF:8
LH:5
BRF:0
BRH:0
end_of_record
TN:
SF:models/delivary-address.ts
FNF:0
FNH:0
DA:1,3
DA:2,3
DA:3,3
DA:4,3
DA:6,3
LF:5
LH:5
BRF:0
BRH:0
end_of_record
TN:
SF:models/order-item.ts
FNF:0
FNH:0
DA:1,3
DA:2,3
DA:8,3
DA:9,3
DA:11,3
LF:5
LH:5
BRF:0
BRH:0
end_of_record
TN:
SF:models/order.ts
FNF:0
FNH:0
DA:1,3
DA:2,3
DA:9,3
DA:10,3
DA:12,3
LF:5
LH:5
BRF:0
BRH:0
end_of_record
TN:
SF:models/product-customization.ts
FN:46,(anonymous_0)
FN:53,(anonymous_1)
FNF:2
FNH:0
FNDA:0,(anonymous_0)
FNDA:0,(anonymous_1)
DA:1,3
DA:2,3
DA:3,3
DA:4,3
DA:6,3
DA:48,0
DA:52,0
DA:53,0
LF:8
LH:5
BRF:0
BRH:0
end_of_record
TN:
SF:models/product-image.ts
FNF:0
FNH:0
DA:1,3
DA:2,3
DA:3,3
DA:4,3
DA:6,3
LF:5
LH:5
BRF:0
BRH:0
end_of_record
TN:
SF:models/product-variant.ts
FNF:0
FNH:0
DA:1,3
DA:2,3
DA:9,3
DA:10,3
DA:12,3
LF:5
LH:5
BRF:0
BRH:0
end_of_record
TN:
SF:models/product.ts
FN:31,(anonymous_0)
FN:44,(anonymous_1)
FN:114,(anonymous_2)
FN:173,(anonymous_3)
FN:179,(anonymous_4)
FN:183,(anonymous_5)
FNF:6
FNH:5
FNDA:4,(anonymous_0)
FNDA:5,(anonymous_1)
FNDA:4,(anonymous_2)
FNDA:1,(anonymous_3)
FNDA:1,(anonymous_4)
FNDA:0,(anonymous_5)
DA:1,3
DA:2,3
DA:12,3
DA:13,3
DA:14,3
DA:16,3
DA:32,4
DA:33,0
DA:45,5
DA:46,4
DA:47,4
DA:48,4
DA:50,1
DA:115,4
DA:116,0
DA:174,1
DA:178,1
DA:179,1
DA:181,1
DA:182,0
DA:183,0
DA:186,1
DA:187,0
LF:23
LH:18
BRDA:32,0,0,0
BRDA:32,0,1,4
BRDA:32,1,0,4
BRDA:32,1,1,4
BRDA:45,2,0,4
BRDA:45,2,1,1
BRDA:115,3,0,0
BRDA:115,3,1,4
BRDA:115,4,0,4
BRDA:115,4,1,4
BRDA:181,5,0,0
BRDA:181,5,1,1
BRDA:186,6,0,0
BRDA:186,6,1,1
BRF:14
BRH:10
end_of_record
TN:
SF:models/topping-option.ts
FNF:0
FNH:0
DA:1,3
DA:2,3
DA:8,3
DA:10,3
LF:4
LH:4
BRF:0
BRH:0
end_of_record
TN:
SF:models/topping.ts
FN:13,(anonymous_0)
FN:56,(anonymous_1)
FN:62,(anonymous_2)
FNF:3
FNH:0
FNDA:0,(anonymous_0)
FNDA:0,(anonymous_1)
FNDA:0,(anonymous_2)
DA:1,3
DA:2,3
DA:3,3
DA:4,3
DA:6,3
DA:14,0
DA:15,0
DA:16,0
DA:17,0
DA:19,0
DA:57,0
DA:61,0
DA:62,0
LF:13
LH:5
BRDA:14,0,0,0
BRDA:14,0,1,0
BRF:2
BRH:0
end_of_record
TN:
SF:models/user.ts
FN:42,(anonymous_0)
FN:77,(anonymous_1)
FN:81,(anonymous_2)
FN:85,(anonymous_3)
FN:116,(anonymous_4)
FNF:5
FNH:1
FNDA:0,(anonymous_0)
FNDA:0,(anonymous_1)
FNDA:0,(anonymous_2)
FNDA:0,(anonymous_3)
FNDA:2,(anonymous_4)
DA:1,3
DA:2,3
DA:3,3
DA:12,3
DA:13,3
DA:14,3
DA:16,3
DA:24,3
DA:43,0
DA:48,0
DA:77,0
DA:81,0
DA:85,0
DA:117,2
DA:118,2
DA:119,2
DA:120,2
DA:124,2
DA:130,0
LF:19
LH:13
BRDA:117,0,0,2
BRDA:117,0,1,0
BRF:2
BRH:1
end_of_record
TN:
SF:script/index.ts
FN:10,insertSeedData
FN:41,(anonymous_2)
FN:102,(anonymous_3)
FN:120,(anonymous_4)
FN:127,(anonymous_5)
FN:131,(anonymous_6)
FN:150,(anonymous_7)
FNF:7
FNH:0
FNDA:0,insertSeedData
FNDA:0,(anonymous_2)
FNDA:0,(anonymous_3)
FNDA:0,(anonymous_4)
FNDA:0,(anonymous_5)
FNDA:0,(anonymous_6)
FNDA:0,(anonymous_7)
DA:2,3
DA:3,3
DA:4,3
DA:6,3
DA:7,3
DA:10,3
DA:11,0
DA:12,0
DA:13,0
DA:14,0
DA:15,0
DA:19,0
DA:20,0
DA:21,0
DA:22,0
DA:23,0
DA:26,0
DA:27,0
DA:28,0
DA:29,0
DA:31,0
DA:37,0
DA:40,0
DA:41,0
DA:43,0
DA:44,0
DA:45,0
DA:48,0
DA:49,0
DA:50,0
DA:53,0
DA:61,0
DA:63,0
DA:64,0
DA:65,0
DA:71,0
DA:74,0
DA:75,0
DA:78,0
DA:79,0
DA:80,0
DA:83,0
DA:87,0
DA:88,0
DA:90,0
DA:93,0
DA:94,0
DA:96,0
DA:102,0
DA:109,0
DA:113,0
DA:120,0
DA:127,0
DA:131,0
DA:144,0
DA:145,0
DA:146,0
DA:147,0
DA:148,0
DA:149,0
DA:150,0
DA:155,0
DA:156,0
DA:157,0
DA:166,0
DA:168,0
DA:169,0
DA:170,0
LF:68
LH:6
BRDA:26,0,0,0
BRDA:26,0,1,0
BRDA:48,1,0,0
BRDA:48,1,1,0
BRDA:78,2,0,0
BRDA:78,2,1,0
BRDA:93,3,0,0
BRDA:93,3,1,0
BRDA:123,4,0,0
BRDA:123,4,1,0
BRDA:139,5,0,0
BRDA:139,5,1,0
BRF:12
BRH:0
end_of_record
