TN:
SF:access.ts
FN:13,(anonymous_0)
FN:16,(anonymous_1)
FN:19,(anonymous_2)
FN:21,(anonymous_3)
FN:24,(anonymous_4)
FN:29,(anonymous_5)
FN:38,(anonymous_6)
FN:46,(anonymous_7)
FN:55,(anonymous_8)
FNF:9
FNH:5
FNDA:11,(anonymous_0)
FNDA:0,(anonymous_1)
FNDA:0,(anonymous_2)
FNDA:35,(anonymous_3)
FNDA:0,(anonymous_4)
FNDA:3,(anonymous_5)
FNDA:1,(anonymous_6)
FNDA:0,(anonymous_7)
FNDA:1,(anonymous_8)
DA:13,11
DA:15,4
DA:16,0
DA:19,0
DA:22,35
DA:25,0
DA:28,4
DA:30,3
DA:32,3
DA:33,3
DA:35,0
DA:39,1
DA:41,1
DA:43,1
DA:47,0
DA:49,0
DA:50,0
DA:52,0
DA:56,1
DA:59,1
DA:60,1
DA:63,0
LF:22
LH:13
BRDA:22,0,0,35
BRDA:22,0,1,27
BRDA:25,1,0,0
BRDA:25,1,1,0
BRDA:30,2,0,0
BRDA:30,2,1,3
BRDA:32,3,0,3
BRDA:32,3,1,0
BRDA:32,4,0,3
BRDA:32,4,1,0
BRDA:39,5,0,0
BRDA:39,5,1,1
BRDA:41,6,0,0
BRDA:41,6,1,1
BRDA:47,7,0,0
BRDA:47,7,1,0
BRDA:49,8,0,0
BRDA:49,8,1,0
BRDA:49,9,0,0
BRDA:49,9,1,0
BRDA:56,10,0,0
BRDA:56,10,1,1
BRDA:59,11,0,1
BRDA:59,11,1,0
BRDA:59,12,0,1
BRDA:59,12,1,0
BRF:26
BRH:10
end_of_record
TN:
SF:auth.ts
FN:17,(anonymous_0)
FNF:1
FNH:0
FNDA:0,(anonymous_0)
DA:1,4
DA:2,4
DA:3,4
DA:4,4
DA:6,4
DA:8,4
DA:18,0
DA:23,4
DA:24,4
DA:29,4
LF:10
LH:9
BRF:0
BRH:0
end_of_record
TN:
SF:keystone.ts
FN:65,(anonymous_1)
FN:67,(anonymous_2)
FNF:2
FNH:0
FNDA:0,(anonymous_1)
FNDA:0,(anonymous_2)
DA:1,4
DA:2,4
DA:3,4
DA:4,4
DA:5,4
DA:6,4
DA:7,4
DA:8,4
DA:9,4
DA:12,4
DA:14,4
DA:15,4
DA:16,4
DA:18,4
DA:66,0
DA:67,0
DA:68,0
DA:69,0
DA:70,0
LF:19
LH:14
BRF:0
BRH:0
end_of_record
TN:
SF:schema.ts
FNF:0
FNH:0
DA:1,4
DA:2,4
DA:3,4
DA:4,4
DA:5,4
DA:6,4
DA:7,4
DA:8,4
DA:9,4
DA:10,4
DA:11,4
DA:12,4
DA:13,4
DA:14,4
DA:15,4
DA:16,4
DA:17,4
DA:18,4
DA:19,4
DA:20,4
DA:21,4
DA:22,4
DA:24,4
LF:23
LH:23
BRF:0
BRH:0
end_of_record
TN:
SF:custom-resolver/addToCart.ts
FN:50,(anonymous_1)
FN:112,(anonymous_2)
FN:120,(anonymous_3)
FN:122,(anonymous_4)
FN:125,(anonymous_5)
FN:144,(anonymous_6)
FN:153,(anonymous_7)
FN:188,(anonymous_8)
FN:214,(anonymous_9)
FN:219,(anonymous_10)
FNF:10
FNH:8
FNDA:4,(anonymous_1)
FNDA:4,(anonymous_2)
FNDA:3,(anonymous_3)
FNDA:3,(anonymous_4)
FNDA:3,(anonymous_5)
FNDA:0,(anonymous_6)
FNDA:1,(anonymous_7)
FNDA:0,(anonymous_8)
FNDA:4,(anonymous_9)
FNDA:4,(anonymous_10)
DA:2,4
DA:50,4
DA:62,4
DA:63,4
DA:66,4
DA:67,1
DA:72,3
DA:73,1
DA:80,4
DA:81,3
DA:90,4
DA:111,4
DA:112,4
DA:117,4
DA:118,4
DA:119,4
DA:120,3
DA:121,3
DA:122,3
DA:124,3
DA:125,3
DA:127,3
DA:128,3
DA:129,3
DA:142,4
DA:143,4
DA:144,0
DA:145,0
DA:153,4
DA:154,1
DA:155,1
DA:156,1
DA:158,1
DA:162,1
DA:166,1
DA:175,4
DA:176,1
DA:177,1
DA:187,3
DA:188,0
DA:191,3
DA:192,3
DA:193,3
DA:194,3
DA:213,4
DA:215,4
DA:218,4
DA:219,4
DA:224,4
DA:235,4
LF:50
LH:47
BRDA:66,0,0,1
BRDA:66,0,1,3
BRDA:72,1,0,1
BRDA:72,1,1,2
BRDA:80,2,0,3
BRDA:80,2,1,1
BRDA:83,3,0,3
BRDA:83,3,1,1
BRDA:119,4,0,3
BRDA:119,4,1,1
BRDA:127,5,0,3
BRDA:127,5,1,0
BRDA:130,6,0,3
BRDA:130,6,1,0
BRDA:132,7,0,3
BRDA:132,7,1,0
BRDA:133,8,0,3
BRDA:133,8,1,0
BRDA:134,9,0,3
BRDA:134,9,1,3
BRDA:135,10,0,3
BRDA:135,10,1,3
BRDA:143,11,0,0
BRDA:143,11,1,4
BRDA:156,12,0,1
BRDA:156,12,1,1
BRDA:167,13,0,1
BRDA:167,13,1,1
BRDA:167,13,2,1
BRDA:167,13,3,1
BRDA:167,13,4,1
BRDA:175,14,0,1
BRDA:175,14,1,3
BRDA:191,15,0,3
BRDA:191,15,1,3
BRDA:201,16,0,3
BRDA:201,16,1,0
BRDA:202,17,0,3
BRDA:202,17,1,2
BRDA:205,18,0,3
BRDA:205,18,1,0
BRF:41
BRH:34
end_of_record
TN:
SF:custom-resolver/authorizedUserWithCart.ts
FN:9,(anonymous_0)
FNF:1
FNH:0
FNDA:0,(anonymous_0)
DA:9,4
DA:14,0
DA:16,0
DA:20,0
DA:21,0
DA:25,0
DA:42,0
DA:43,0
DA:46,0
DA:55,0
LF:10
LH:1
BRDA:20,0,0,0
BRDA:20,0,1,0
BRDA:42,1,0,0
BRDA:42,1,1,0
BRF:4
BRH:0
end_of_record
TN:
SF:custom-resolver/checkOut.ts
FN:26,(anonymous_1)
FN:31,(anonymous_2)
FN:133,(anonymous_3)
FN:182,(anonymous_4)
FNF:4
FNH:3
FNDA:4,(anonymous_1)
FNDA:1,(anonymous_2)
FNDA:1,(anonymous_3)
FNDA:0,(anonymous_4)
DA:2,4
DA:4,4
DA:6,4
DA:26,4
DA:27,4
DA:28,4
DA:31,4
DA:41,1
DA:44,1
DA:45,0
DA:48,1
DA:51,1
DA:59,1
DA:60,0
DA:74,0
DA:78,0
DA:93,1
DA:94,1
DA:95,1
DA:98,1
DA:108,1
DA:109,0
DA:113,1
DA:114,1
DA:130,1
DA:133,1
DA:134,1
DA:150,1
DA:154,1
DA:159,1
DA:174,1
DA:175,1
DA:177,1
DA:178,1
DA:179,1
DA:180,1
DA:182,0
DA:183,0
DA:194,1
DA:199,1
DA:211,1
LF:41
LH:34
BRDA:26,0,0,4
BRDA:26,0,1,4
BRDA:44,1,0,0
BRDA:44,1,1,1
BRDA:59,2,0,0
BRDA:59,2,1,1
BRDA:108,3,0,0
BRDA:108,3,1,1
BRDA:140,4,0,1
BRDA:140,4,1,0
BRDA:143,5,0,1
BRDA:143,5,1,0
BRDA:146,6,0,1
BRDA:146,6,1,1
BRDA:168,7,0,1
BRDA:168,7,1,0
BRDA:179,8,0,1
BRDA:179,8,1,0
BRF:18
BRH:11
end_of_record
TN:
SF:custom-resolver/confirmPayment.ts
FN:16,(anonymous_1)
FN:54,(anonymous_2)
FNF:2
FNH:0
FNDA:0,(anonymous_1)
FNDA:0,(anonymous_2)
DA:3,4
DA:5,4
DA:16,4
DA:17,0
DA:18,0
DA:19,0
DA:20,0
DA:22,0
DA:23,0
DA:24,0
DA:25,0
DA:26,0
DA:28,0
DA:30,0
DA:38,0
DA:44,0
DA:45,0
DA:55,0
DA:94,0
DA:95,0
LF:20
LH:3
BRDA:19,0,0,0
BRDA:19,0,1,0
BRDA:25,1,0,0
BRDA:25,1,1,0
BRDA:28,2,0,0
BRDA:28,2,1,0
BRDA:56,3,0,0
BRDA:56,3,1,0
BRF:8
BRH:0
end_of_record
TN:
SF:custom-resolver/index.ts
FN:13,(anonymous_0)
FNF:1
FNH:1
FNDA:8,(anonymous_0)
DA:2,4
DA:3,4
DA:4,4
DA:5,4
DA:6,4
DA:7,4
DA:8,4
DA:9,4
DA:10,4
DA:11,4
DA:13,4
DA:14,8
LF:12
LH:12
BRF:0
BRH:0
end_of_record
TN:
SF:custom-resolver/registerUser.ts
FN:13,(anonymous_0)
FNF:1
FNH:0
FNDA:0,(anonymous_0)
DA:13,4
DA:18,0
DA:21,0
DA:25,0
DA:26,0
DA:30,0
DA:37,0
DA:55,0
DA:56,0
DA:59,0
LF:10
LH:1
BRDA:25,0,0,0
BRDA:25,0,1,0
BRDA:55,1,0,0
BRDA:55,1,1,0
BRF:4
BRH:0
end_of_record
TN:
SF:custom-resolver/registerUserWithCart.ts
FN:15,(anonymous_0)
FNF:1
FNH:0
FNDA:0,(anonymous_0)
DA:15,4
DA:20,0
DA:22,0
DA:26,0
DA:27,0
DA:31,0
DA:48,0
DA:49,0
DA:53,0
DA:63,0
LF:10
LH:1
BRDA:26,0,0,0
BRDA:26,0,1,0
BRDA:48,1,0,0
BRDA:48,1,1,0
BRF:4
BRH:0
end_of_record
TN:
SF:custom-resolver/removeFromCart.ts
FN:10,(anonymous_0)
FN:37,(anonymous_1)
FN:58,(anonymous_2)
FN:64,(anonymous_3)
FNF:4
FNH:3
FNDA:1,(anonymous_0)
FNDA:1,(anonymous_1)
FNDA:1,(anonymous_2)
FNDA:0,(anonymous_3)
DA:10,4
DA:15,1
DA:16,1
DA:18,1
DA:19,0
DA:24,1
DA:31,1
DA:32,0
DA:36,1
DA:37,1
DA:39,1
DA:40,1
DA:41,1
DA:42,1
DA:46,0
DA:57,1
DA:59,1
DA:63,1
DA:64,0
DA:68,1
DA:79,1
LF:21
LH:17
BRDA:18,0,0,0
BRDA:18,0,1,1
BRDA:31,1,0,0
BRDA:31,1,1,1
BRDA:39,2,0,1
BRDA:39,2,1,0
BRDA:41,3,0,1
BRDA:41,3,1,0
BRF:8
BRH:4
end_of_record
TN:
SF:custom-resolver/resendVerificationToken.ts
FN:4,(anonymous_0)
FNF:1
FNH:0
FNDA:0,(anonymous_0)
DA:2,4
DA:4,4
DA:10,0
DA:11,0
DA:12,0
DA:15,0
DA:18,0
DA:19,0
DA:23,0
DA:25,0
LF:10
LH:2
BRDA:11,0,0,0
BRDA:11,0,1,0
BRDA:18,1,0,0
BRDA:18,1,1,0
BRF:4
BRH:0
end_of_record
TN:
SF:custom-resolver/uploadImageCustomization.ts
FN:6,(anonymous_1)
FN:22,(anonymous_2)
FN:46,streamToBuffer
FN:47,(anonymous_4)
FN:49,(anonymous_5)
FN:52,(anonymous_6)
FN:53,(anonymous_7)
FNF:7
FNH:0
FNDA:0,(anonymous_1)
FNDA:0,(anonymous_2)
FNDA:0,streamToBuffer
FNDA:0,(anonymous_4)
FNDA:0,(anonymous_5)
FNDA:0,(anonymous_6)
FNDA:0,(anonymous_7)
DA:2,4
DA:3,4
DA:6,4
DA:11,0
DA:12,0
DA:14,0
DA:15,0
DA:17,0
DA:18,0
DA:19,0
DA:21,0
DA:22,0
DA:28,0
DA:29,0
DA:31,0
DA:37,0
DA:39,0
DA:47,0
DA:48,0
DA:49,0
DA:50,0
DA:52,0
DA:53,0
LF:23
LH:3
BRDA:50,0,0,0
BRDA:50,0,1,0
BRF:2
BRH:0
end_of_record
TN:
SF:custom-resolver/verifyUserByPhoneNumber.ts
FN:4,(anonymous_1)
FNF:1
FNH:0
FNDA:0,(anonymous_1)
DA:1,4
DA:4,4
DA:9,0
DA:14,0
DA:15,0
DA:19,0
DA:20,0
DA:21,0
DA:25,0
DA:26,0
DA:27,0
DA:28,0
DA:30,0
DA:31,0
DA:43,0
DA:45,0
LF:16
LH:2
BRDA:14,0,0,0
BRDA:14,0,1,0
BRDA:20,1,0,0
BRDA:20,1,1,0
BRDA:27,2,0,0
BRDA:27,2,1,0
BRDA:27,3,0,0
BRDA:27,3,1,0
BRF:8
BRH:0
end_of_record
TN:
SF:lib/getSecret.ts
FN:3,(anonymous_1)
FNF:1
FNH:1
FNDA:22,(anonymous_1)
DA:1,4
DA:3,4
DA:4,22
DA:5,22
DA:6,0
DA:8,22
LF:6
LH:5
BRDA:5,0,0,0
BRDA:5,0,1,22
BRF:2
BRH:1
end_of_record
TN:
SF:lib/getTransliteration.ts
FN:3,(anonymous_9)
FNF:1
FNH:1
FNDA:15,(anonymous_9)
DA:1,4
DA:3,4
DA:4,15
DA:5,15
LF:4
LH:4
BRF:0
BRH:0
end_of_record
TN:
SF:lib/issueVerificationToken.ts
FN:4,(anonymous_0)
FNF:1
FNH:1
FNDA:4,(anonymous_0)
DA:2,4
DA:4,4
DA:11,4
DA:12,4
DA:13,4
DA:15,4
DA:16,4
DA:17,4
DA:18,4
DA:31,0
DA:32,0
LF:11
LH:9
BRF:0
BRH:0
end_of_record
TN:
SF:lib/mail.ts
FN:16,formatEmail
FN:32,sendVerificationEmail
FN:55,sendResetPasswordTokenEmail
FNF:3
FNH:0
FNDA:0,formatEmail
FNDA:0,sendVerificationEmail
FNDA:0,sendResetPasswordTokenEmail
DA:1,3
DA:2,3
DA:3,3
DA:5,3
DA:17,0
DA:32,3
DA:39,0
DA:40,0
DA:41,0
DA:51,0
DA:55,3
DA:62,0
DA:63,0
DA:64,0
DA:75,0
LF:15
LH:6
BRF:0
BRH:0
end_of_record
TN:
SF:lib/paymentGateway.ts
FN:7,yooMoneyPaymentGateway
FNF:1
FNH:0
FNDA:0,yooMoneyPaymentGateway
DA:1,3
DA:2,3
DA:4,3
DA:5,3
DA:7,3
DA:8,0
LF:6
LH:5
BRF:0
BRH:0
end_of_record
TN:
SF:models/attribute.ts
FN:53,(anonymous_0)
FN:59,(anonymous_1)
FNF:2
FNH:0
FNDA:0,(anonymous_0)
FNDA:0,(anonymous_1)
DA:1,4
DA:2,4
DA:3,4
DA:4,4
DA:6,4
DA:54,0
DA:58,0
DA:59,0
LF:8
LH:5
BRF:0
BRH:0
end_of_record
TN:
SF:models/cart-item.ts
FNF:0
FNH:0
DA:1,4
DA:2,4
DA:8,4
DA:10,4
LF:4
LH:4
BRF:0
BRH:0
end_of_record
TN:
SF:models/cart.ts
FN:27,(anonymous_0)
FN:33,(anonymous_1)
FNF:2
FNH:2
FNDA:1,(anonymous_0)
FNDA:1,(anonymous_1)
DA:1,4
DA:2,4
DA:3,4
DA:5,4
DA:28,1
DA:32,1
DA:33,1
LF:7
LH:7
BRF:0
BRH:0
end_of_record
TN:
SF:models/category.ts
FN:57,(anonymous_0)
FNF:1
FNH:1
FNDA:5,(anonymous_0)
DA:1,4
DA:2,4
DA:3,4
DA:4,4
DA:5,4
DA:7,4
DA:58,5
DA:59,5
DA:60,5
DA:61,5
DA:67,0
LF:11
LH:10
BRDA:58,0,0,5
BRDA:58,0,1,0
BRDA:60,1,0,5
BRDA:60,1,1,0
BRF:4
BRH:2
end_of_record
TN:
SF:models/customization-option-value.ts
FNF:0
FNH:0
DA:1,4
DA:2,4
DA:8,4
DA:9,4
DA:11,4
LF:5
LH:5
BRF:0
BRH:0
end_of_record
TN:
SF:models/customization-option.ts
FN:72,(anonymous_0)
FN:78,(anonymous_1)
FNF:2
FNH:0
FNDA:0,(anonymous_0)
FNDA:0,(anonymous_1)
DA:1,4
DA:2,4
DA:3,4
DA:4,4
DA:6,4
DA:73,0
DA:77,0
DA:78,0
LF:8
LH:5
BRF:0
BRH:0
end_of_record
TN:
SF:models/delivary-address.ts
FNF:0
FNH:0
DA:1,4
DA:2,4
DA:8,4
DA:9,4
DA:11,4
LF:5
LH:5
BRF:0
BRH:0
end_of_record
TN:
SF:models/order-image.ts
FNF:0
FNH:0
DA:1,4
DA:2,4
DA:3,4
DA:4,4
DA:6,4
LF:5
LH:5
BRF:0
BRH:0
end_of_record
TN:
SF:models/order-item.ts
FNF:0
FNH:0
DA:1,4
DA:2,4
DA:8,4
DA:9,4
DA:11,4
LF:5
LH:5
BRF:0
BRH:0
end_of_record
TN:
SF:models/order.ts
FNF:0
FNH:0
DA:1,4
DA:2,4
DA:9,4
DA:10,4
DA:12,4
LF:5
LH:5
BRF:0
BRH:0
end_of_record
TN:
SF:models/payment.ts
FNF:0
FNH:0
DA:1,4
DA:2,4
DA:8,4
DA:9,4
DA:11,4
LF:5
LH:5
BRF:0
BRH:0
end_of_record
TN:
SF:models/product-atrribute.ts
FNF:0
FNH:0
DA:1,4
DA:2,4
DA:3,4
DA:4,4
DA:6,4
LF:5
LH:5
BRF:0
BRH:0
end_of_record
TN:
SF:models/product-category-banner.ts
FNF:0
FNH:0
DA:1,4
DA:2,4
DA:3,4
DA:4,4
DA:6,4
LF:5
LH:5
BRF:0
BRH:0
end_of_record
TN:
SF:models/product-customization.ts
FN:53,(anonymous_0)
FN:60,(anonymous_1)
FNF:2
FNH:0
FNDA:0,(anonymous_0)
FNDA:0,(anonymous_1)
DA:1,4
DA:2,4
DA:3,4
DA:4,4
DA:6,4
DA:55,0
DA:59,0
DA:60,0
LF:8
LH:5
BRF:0
BRH:0
end_of_record
TN:
SF:models/product-filling.ts
FN:28,(anonymous_0)
FN:125,(anonymous_1)
FN:132,(anonymous_2)
FNF:3
FNH:1
FNDA:5,(anonymous_0)
FNDA:0,(anonymous_1)
FNDA:0,(anonymous_2)
DA:1,4
DA:2,4
DA:10,4
DA:11,4
DA:12,4
DA:14,4
DA:29,5
DA:30,5
DA:31,5
DA:32,5
DA:34,0
DA:126,0
DA:130,0
DA:131,0
DA:132,0
DA:137,0
DA:138,0
LF:17
LH:10
BRDA:29,0,0,5
BRDA:29,0,1,0
BRDA:130,1,0,0
BRDA:130,1,1,0
BRDA:137,2,0,0
BRDA:137,2,1,0
BRF:6
BRH:1
end_of_record
TN:
SF:models/product-home-banner.ts
FNF:0
FNH:0
DA:1,4
DA:2,4
DA:3,4
DA:4,4
DA:6,4
LF:5
LH:5
BRF:0
BRH:0
end_of_record
TN:
SF:models/product-image.ts
FNF:0
FNH:0
DA:1,4
DA:2,4
DA:3,4
DA:4,4
DA:6,4
LF:5
LH:5
BRF:0
BRH:0
end_of_record
TN:
SF:models/product-variant.ts
FNF:0
FNH:0
DA:1,4
DA:2,4
DA:9,4
DA:10,4
DA:12,4
LF:5
LH:5
BRF:0
BRH:0
end_of_record
TN:
SF:models/product.ts
FN:30,(anonymous_0)
FN:44,(anonymous_1)
FN:228,(anonymous_2)
FN:235,(anonymous_3)
FNF:4
FNH:4
FNDA:5,(anonymous_0)
FNDA:6,(anonymous_1)
FNDA:1,(anonymous_2)
FNDA:1,(anonymous_3)
DA:1,4
DA:2,4
DA:11,4
DA:12,4
DA:13,4
DA:15,4
DA:31,5
DA:32,0
DA:45,6
DA:46,5
DA:47,5
DA:48,5
DA:50,1
DA:229,1
DA:234,1
DA:235,1
DA:238,1
DA:239,0
LF:18
LH:16
BRDA:31,0,0,0
BRDA:31,0,1,5
BRDA:31,1,0,5
BRDA:31,1,1,5
BRDA:45,2,0,5
BRDA:45,2,1,1
BRDA:238,3,0,0
BRDA:238,3,1,1
BRF:8
BRH:6
end_of_record
TN:
SF:models/topping-option.ts
FNF:0
FNH:0
DA:1,4
DA:2,4
DA:8,4
DA:10,4
LF:4
LH:4
BRF:0
BRH:0
end_of_record
TN:
SF:models/topping.ts
FN:26,(anonymous_0)
FN:79,(anonymous_1)
FN:85,(anonymous_2)
FNF:3
FNH:0
FNDA:0,(anonymous_0)
FNDA:0,(anonymous_1)
FNDA:0,(anonymous_2)
DA:1,4
DA:2,4
DA:3,4
DA:4,4
DA:15,4
DA:27,0
DA:28,0
DA:29,0
DA:30,0
DA:32,0
DA:80,0
DA:84,0
DA:85,0
LF:13
LH:5
BRDA:27,0,0,0
BRDA:27,0,1,0
BRF:2
BRH:0
end_of_record
TN:
SF:models/user.ts
FN:61,(anonymous_0)
FN:65,(anonymous_1)
FN:69,(anonymous_2)
FN:156,(anonymous_3)
FN:162,(anonymous_4)
FN:178,(anonymous_5)
FNF:6
FNH:2
FNDA:0,(anonymous_0)
FNDA:0,(anonymous_1)
FNDA:0,(anonymous_2)
FNDA:3,(anonymous_3)
FNDA:5,(anonymous_4)
FNDA:0,(anonymous_5)
DA:1,4
DA:2,4
DA:10,4
DA:11,4
DA:12,4
DA:15,4
DA:23,4
DA:61,0
DA:65,0
DA:69,0
DA:157,3
DA:165,5
DA:169,1
DA:179,0
DA:180,0
DA:182,0
LF:16
LH:10
BRDA:165,0,0,1
BRDA:165,0,1,4
BRDA:166,1,0,5
BRDA:166,1,1,1
BRDA:179,2,0,0
BRDA:179,2,1,0
BRF:6
BRH:4
end_of_record
